<?xml version="1.0" encoding="utf-8"?>
<test-run id="2" testcasecount="6" result="Failed(Child)" total="6" passed="5" failed="1" inconclusive="0" skipped="0" asserts="0" engine-version="3.5.0.0" clr-version="4.0.30319.42000" start-time="2026-04-11 02:56:11Z" end-time="2026-04-11 02:56:17Z" duration="5.8477211">
  <test-suite type="TestSuite" id="1012" name="My project" fullname="My project" runstate="Runnable" testcasecount="6" result="Failed" site="Child" start-time="2026-04-11 02:56:11Z" end-time="2026-04-11 02:56:17Z" duration="5.847721" total="6" passed="5" failed="1" inconclusive="0" skipped="0" asserts="0">
    <properties>
      <property name="platform" value="PlayMode" />
    </properties>
    <failure>
      <message><![CDATA[One or more child tests had errors]]></message>
    </failure>
    <test-suite type="Assembly" id="1008" name="PlayModeTests.dll" fullname="C:/Users/Admin/Documents/Duan1/EcoWorld/Library/ScriptAssemblies/PlayModeTests.dll" runstate="Runnable" testcasecount="6" result="Failed" site="Child" start-time="2026-04-11 02:56:11Z" end-time="2026-04-11 02:56:17Z" duration="5.832681" total="6" passed="5" failed="1" inconclusive="0" skipped="0" asserts="0">
      <properties>
        <property name="_PID" value="9632" />
        <property name="_APPDOMAIN" value="Unity Child Domain" />
        <property name="platform" value="PlayMode" />
        <property name="EditorOnly" value="False" />
      </properties>
      <failure>
        <message><![CDATA[One or more child tests had errors]]></message>
      </failure>
      <test-suite type="TestFixture" id="1001" name="PlayerPlayModeTest" fullname="PlayerPlayModeTest" classname="PlayerPlayModeTest" runstate="Runnable" testcasecount="6" result="Failed" site="Child" start-time="2026-04-11 02:56:11Z" end-time="2026-04-11 02:56:17Z" duration="5.820707" total="6" passed="5" failed="1" inconclusive="0" skipped="0" asserts="0">
        <properties />
        <failure>
          <message><![CDATA[One or more child tests had errors]]></message>
        </failure>
        <test-case id="1003" name="Player_Can_Move_Right" fullname="PlayerPlayModeTest.Player_Can_Move_Right" methodname="Player_Can_Move_Right" classname="PlayerPlayModeTest" runstate="Runnable" seed="2142610428" result="Passed" start-time="2026-04-11 02:56:11Z" end-time="2026-04-11 02:56:11Z" duration="0.031866" asserts="0">
          <properties>
            <property name="_JOINTYPE" value="UnityCombinatorial" />
            <property name="retryIteration" value="0" />
            <property name="repeatIteration" value="0" />
          </properties>
        </test-case>
        <test-case id="1004" name="Player_Exists_AfterFrames" fullname="PlayerPlayModeTest.Player_Exists_AfterFrames" methodname="Player_Exists_AfterFrames" classname="PlayerPlayModeTest" runstate="Runnable" seed="1488053559" result="Passed" start-time="2026-04-11 02:56:11Z" end-time="2026-04-11 02:56:11Z" duration="0.018619" asserts="0">
          <properties>
            <property name="_JOINTYPE" value="UnityCombinatorial" />
            <property name="retryIteration" value="0" />
            <property name="repeatIteration" value="0" />
          </properties>
        </test-case>
        <test-case id="1002" name="Player_IsCreated_Successfully" fullname="PlayerPlayModeTest.Player_IsCreated_Successfully" methodname="Player_IsCreated_Successfully" classname="PlayerPlayModeTest" runstate="Runnable" seed="551666291" result="Passed" start-time="2026-04-11 02:56:11Z" end-time="2026-04-11 02:56:11Z" duration="0.019413" asserts="0">
          <properties>
            <property name="_JOINTYPE" value="UnityCombinatorial" />
            <property name="retryIteration" value="0" />
            <property name="repeatIteration" value="0" />
          </properties>
        </test-case>
        <test-case id="1005" name="UT_CD82_KiemTraCapNhatUIDaKhiKhaiThac" fullname="PlayerPlayModeTest.UT_CD82_KiemTraCapNhatUIDaKhiKhaiThac" methodname="UT_CD82_KiemTraCapNhatUIDaKhiKhaiThac" classname="PlayerPlayModeTest" runstate="Runnable" seed="388929329" result="Failed" start-time="2026-04-11 02:56:11Z" end-time="2026-04-11 02:56:14Z" duration="2.384194" asserts="0">
          <properties>
            <property name="_JOINTYPE" value="UnityCombinatorial" />
            <property name="retryIteration" value="0" />
            <property name="repeatIteration" value="0" />
          </properties>
          <failure>
            <message><![CDATA[  Không tìm thấy UI CoinValue
  Expected: not null
  But was:  null
]]></message>
            <stack-trace><![CDATA[at PlayerPlayModeTest+<UT_CD82_KiemTraCapNhatUIDaKhiKhaiThac>d__3.MoveNext () [0x000e9] in C:\Users\Admin\Documents\Duan1\EcoWorld\Assets\tantest\Tests\PlayMode\PlayerPlayModeTest.cs:83
at UnityEngine.TestTools.TestEnumerator+<Execute>d__7.MoveNext () [0x0004e] in .\Library\PackageCache\com.unity.test-framework@0b7a23ab2e1d\UnityEngine.TestRunner\NUnitExtensions\Attributes\TestEnumerator.cs:44
]]></stack-trace>
          </failure>
          <output><![CDATA[The tree PT_Pine_Tree_03_stump must use the Nature/Soft Occlusion shader. Otherwise billboarding/lighting will not work correctly.
The tree PT_Fruit_Tree_01_logs must use the Nature/Soft Occlusion shader. Otherwise billboarding/lighting will not work correctly.
The tree PT_Caesars_Mushroom_01 must use the Nature/Soft Occlusion shader. Otherwise billboarding/lighting will not work correctly.
The tree PT_Fruit_Tree_01_logs must use the Nature/Soft Occlusion shader. Otherwise billboarding/lighting will not work correctly.
The tree PT_Caesars_Mushroom_01 must use the Nature/Soft Occlusion shader. Otherwise billboarding/lighting will not work correctly.
The tree PT_Caesars_Mushroom_01 must use the Nature/Soft Occlusion shader. Otherwise billboarding/lighting will not work correctly.
The tree PT_Fruit_Tree_01_logs must use the Nature/Soft Occlusion shader. Otherwise billboarding/lighting will not work correctly.
The tree PT_Caesars_Mushroom_01 must use the Nature/Soft Occlusion shader. Otherwise billboarding/lighting will not work correctly.
The tree PT_Fruit_Tree_01_logs must use the Nature/Soft Occlusion shader. Otherwise billboarding/lighting will not work correctly.
The tree PT_Caesars_Mushroom_01 must use the Nature/Soft Occlusion shader. Otherwise billboarding/lighting will not work correctly.
The tree PT_Caesars_Mushroom_01 must use the Nature/Soft Occlusion shader. Otherwise billboarding/lighting will not work correctly.
The tree Deciduous_tree1 must use the Nature/Soft Occlusion shader. Otherwise billboarding/lighting will not work correctly.
The tree Pine_tree1 must use the Nature/Soft Occlusion shader. Otherwise billboarding/lighting will not work correctly.
The tree Oak_tree1 must use the Nature/Soft Occlusion shader. Otherwise billboarding/lighting will not work correctly.
The tree Oak_tree2 must use the Nature/Soft Occlusion shader. Otherwise billboarding/lighting will not work correctly.
The tree Oak_tree3 must use the Nature/Soft Occlusion shader. Otherwise billboarding/lighting will not work correctly.
The tree Willow_tree1 must use the Nature/Soft Occlusion shader. Otherwise billboarding/lighting will not work correctly.
The tree Birch_tree1 must use the Nature/Soft Occlusion shader. Otherwise billboarding/lighting will not work correctly.
The tree Birch_tree2 must use the Nature/Soft Occlusion shader. Otherwise billboarding/lighting will not work correctly.
The tree Birch_tree3 must use the Nature/Soft Occlusion shader. Otherwise billboarding/lighting will not work correctly.
The tree Deciduous_tree2 must use the Nature/Soft Occlusion shader. Otherwise billboarding/lighting will not work correctly.
The tree Willow_tree2 must use the Nature/Soft Occlusion shader. Otherwise billboarding/lighting will not work correctly.
The tree Pine_tree2 must use the Nature/Soft Occlusion shader. Otherwise billboarding/lighting will not work correctly.
The tree Deciduous_tree3 must use the Nature/Soft Occlusion shader. Otherwise billboarding/lighting will not work correctly.
The tree Deciduous_tree4 must use the Nature/Soft Occlusion shader. Otherwise billboarding/lighting will not work correctly.
The tree Pine_tree3 must use the Nature/Soft Occlusion shader. Otherwise billboarding/lighting will not work correctly.
Couldn't create a Convex Mesh from source mesh, within the maximum polygons limit (256). The partial hull will be used. Consider simplifying your mesh. Source mesh name: barrel
Couldn't create a Convex Mesh from source mesh, within the maximum polygons limit (256). The partial hull will be used. Consider simplifying your mesh. Source mesh name: barrel
Couldn't create a Convex Mesh from source mesh, within the maximum polygons limit (256). The partial hull will be used. Consider simplifying your mesh. Source mesh name: barrel
NetworkRunner will not work properly with NetworkObject on the same GameObject.
There can be only one active Event System.
BoxCollider does not support negative scale or size.
The effective box size has been forced positive and is likely to give unexpected collision geometry.
If you absolutely need to use negative scaling you can use the convex MeshCollider. Scene hierarchy path "Map/Castle/Castle/Double Door Frame/Double Door"
BoxCollider does not support negative scale or size.
The effective box size has been forced positive and is likely to give unexpected collision geometry.
If you absolutely need to use negative scaling you can use the convex MeshCollider. Scene hierarchy path "Map/Buildings/Buildings/pf_build_big_storage_01/collider4"
There are 2 event systems in the scene. Please ensure there is always exactly one event system in the scene
There are 2 event systems in the scene. Please ensure there is always exactly one event system in the scene
There are 2 event systems in the scene. Please ensure there is always exactly one event system in the scene
There are 2 event systems in the scene. Please ensure there is always exactly one event system in the scene
There are 2 event systems in the scene. Please ensure there is always exactly one event system in the scene
There are 2 event systems in the scene. Please ensure there is always exactly one event system in the scene
There are 2 event systems in the scene. Please ensure there is always exactly one event system in the scene
There are 2 event systems in the scene. Please ensure there is always exactly one event system in the scene
There are 2 event systems in the scene. Please ensure there is always exactly one event system in the scene
There are 2 event systems in the scene. Please ensure there is always exactly one event system in the scene
There are 2 event systems in the scene. Please ensure there is always exactly one event system in the scene
There are 2 event systems in the scene. Please ensure there is always exactly one event system in the scene
There are 2 event systems in the scene. Please ensure there is always exactly one event system in the scene
There are 2 event systems in the scene. Please ensure there is always exactly one event system in the scene
]]></output>
        </test-case>
        <test-case id="1006" name="UT_CD83_KiemTraCapNhatThanhMau" fullname="PlayerPlayModeTest.UT_CD83_KiemTraCapNhatThanhMau" methodname="UT_CD83_KiemTraCapNhatThanhMau" classname="PlayerPlayModeTest" runstate="Runnable" seed="1219237080" result="Passed" start-time="2026-04-11 02:56:14Z" end-time="2026-04-11 02:56:14Z" duration="0.033708" asserts="0">
          <properties>
            <property name="_JOINTYPE" value="UnityCombinatorial" />
            <property name="retryIteration" value="0" />
            <property name="repeatIteration" value="0" />
          </properties>
          <output><![CDATA[There are 2 event systems in the scene. Please ensure there is always exactly one event system in the scene
There are 2 event systems in the scene. Please ensure there is always exactly one event system in the scene
]]></output>
        </test-case>
        <test-case id="1007" name="UT_CD84_KiemTraDoiCongCuUI" fullname="PlayerPlayModeTest.UT_CD84_KiemTraDoiCongCuUI" methodname="UT_CD84_KiemTraDoiCongCuUI" classname="PlayerPlayModeTest" runstate="Runnable" seed="1064215659" result="Passed" start-time="2026-04-11 02:56:14Z" end-time="2026-04-11 02:56:17Z" duration="3.310867" asserts="0">
          <properties>
            <property name="_JOINTYPE" value="UnityCombinatorial" />
            <property name="retryIteration" value="0" />
            <property name="repeatIteration" value="0" />
          </properties>
          <output><![CDATA[Couldn't create a Convex Mesh from source mesh, within the maximum polygons limit (256). The partial hull will be used. Consider simplifying your mesh. Source mesh name: barrel
Couldn't create a Convex Mesh from source mesh, within the maximum polygons limit (256). The partial hull will be used. Consider simplifying your mesh. Source mesh name: barrel
NetworkRunner will not work properly with NetworkObject on the same GameObject.
There can be only one active Event System.
BoxCollider does not support negative scale or size.
The effective box size has been forced positive and is likely to give unexpected collision geometry.
If you absolutely need to use negative scaling you can use the convex MeshCollider. Scene hierarchy path "Map/Buildings/Buildings/pf_build_big_storage_01/collider4"
BoxCollider does not support negative scale or size.
The effective box size has been forced positive and is likely to give unexpected collision geometry.
If you absolutely need to use negative scaling you can use the convex MeshCollider. Scene hierarchy path "Map/Castle/Castle/Double Door Frame/Double Door"
There are 2 event systems in the scene. Please ensure there is always exactly one event system in the scene
There are 2 event systems in the scene. Please ensure there is always exactly one event system in the scene
Couldn't create a Convex Mesh from source mesh, within the maximum polygons limit (256). The partial hull will be used. Consider simplifying your mesh. Source mesh name: barrel
Couldn't create a Convex Mesh from source mesh, within the maximum polygons limit (256). The partial hull will be used. Consider simplifying your mesh. Source mesh name: barrel
NetworkRunner will not work properly with NetworkObject on the same GameObject.
There can be only one active Event System.
BoxCollider does not support negative scale or size.
The effective box size has been forced positive and is likely to give unexpected collision geometry.
If you absolutely need to use negative scaling you can use the convex MeshCollider. Scene hierarchy path "Map/Buildings/Buildings/pf_build_big_storage_01/collider4"
BoxCollider does not support negative scale or size.
The effective box size has been forced positive and is likely to give unexpected collision geometry.
If you absolutely need to use negative scaling you can use the convex MeshCollider. Scene hierarchy path "Map/Castle/Castle/Double Door Frame/Double Door"
There are 2 event systems in the scene. Please ensure there is always exactly one event system in the scene
There are 2 event systems in the scene. Please ensure there is always exactly one event system in the scene
There are 2 event systems in the scene. Please ensure there is always exactly one event system in the scene
There are 2 event systems in the scene. Please ensure there is always exactly one event system in the scene
There are 2 event systems in the scene. Please ensure there is always exactly one event system in the scene
There are 2 event systems in the scene. Please ensure there is always exactly one event system in the scene
There are 2 event systems in the scene. Please ensure there is always exactly one event system in the scene
There are 2 event systems in the scene. Please ensure there is always exactly one event system in the scene
There are 2 event systems in the scene. Please ensure there is always exactly one event system in the scene
There are 2 event systems in the scene. Please ensure there is always exactly one event system in the scene
There are 2 event systems in the scene. Please ensure there is always exactly one event system in the scene
There are 2 event systems in the scene. Please ensure there is always exactly one event system in the scene
There are 2 event systems in the scene. Please ensure there is always exactly one event system in the scene
There are 2 event systems in the scene. Please ensure there is always exactly one event system in the scene
There are 2 event systems in the scene. Please ensure there is always exactly one event system in the scene
There are 2 event systems in the scene. Please ensure there is always exactly one event system in the scene
There are 2 event systems in the scene. Please ensure there is always exactly one event system in the scene
There are 2 event systems in the scene. Please ensure there is always exactly one event system in the scene
There are 2 event systems in the scene. Please ensure there is always exactly one event system in the scene
There are 2 event systems in the scene. Please ensure there is always exactly one event system in the scene
There are 2 event systems in the scene. Please ensure there is always exactly one event system in the scene
There are 2 event systems in the scene. Please ensure there is always exactly one event system in the scene
There are 2 event systems in the scene. Please ensure there is always exactly one event system in the scene
There are 2 event systems in the scene. Please ensure there is always exactly one event system in the scene
There are 2 event systems in the scene. Please ensure there is always exactly one event system in the scene
There are 2 event systems in the scene. Please ensure there is always exactly one event system in the scene
There are 2 event systems in the scene. Please ensure there is always exactly one event system in the scene
There are 2 event systems in the scene. Please ensure there is always exactly one event system in the scene
There are 2 event systems in the scene. Please ensure there is always exactly one event system in the scene
There are 2 event systems in the scene. Please ensure there is always exactly one event system in the scene
There are 2 event systems in the scene. Please ensure there is always exactly one event system in the scene
There are 2 event systems in the scene. Please ensure there is always exactly one event system in the scene
There are 2 event systems in the scene. Please ensure there is always exactly one event system in the scene
There are 2 event systems in the scene. Please ensure there is always exactly one event system in the scene
There are 2 event systems in the scene. Please ensure there is always exactly one event system in the scene
There are 2 event systems in the scene. Please ensure there is always exactly one event system in the scene
There are 2 event systems in the scene. Please ensure there is always exactly one event system in the scene
There are 2 event systems in the scene. Please ensure there is always exactly one event system in the scene
There are 2 event systems in the scene. Please ensure there is always exactly one event system in the scene
There are 2 event systems in the scene. Please ensure there is always exactly one event system in the scene
There are 2 event systems in the scene. Please ensure there is always exactly one event system in the scene
There are 2 event systems in the scene. Please ensure there is always exactly one event system in the scene
There are 2 event systems in the scene. Please ensure there is always exactly one event system in the scene
There are 2 event systems in the scene. Please ensure there is always exactly one event system in the scene
There are 2 event systems in the scene. Please ensure there is always exactly one event system in the scene
There are 2 event systems in the scene. Please ensure there is always exactly one event system in the scene
There are 2 event systems in the scene. Please ensure there is always exactly one event system in the scene
There are 2 event systems in the scene. Please ensure there is always exactly one event system in the scene
There are 2 event systems in the scene. Please ensure there is always exactly one event system in the scene
There are 2 event systems in the scene. Please ensure there is always exactly one event system in the scene
There are 2 event systems in the scene. Please ensure there is always exactly one event system in the scene
There are 2 event systems in the scene. Please ensure there is always exactly one event system in the scene
There are 2 event systems in the scene. Please ensure there is always exactly one event system in the scene
There are 2 event systems in the scene. Please ensure there is always exactly one event system in the scene
There are 2 event systems in the scene. Please ensure there is always exactly one event system in the scene
There are 2 event systems in the scene. Please ensure there is always exactly one event system in the scene
There are 2 event systems in the scene. Please ensure there is always exactly one event system in the scene
There are 2 event systems in the scene. Please ensure there is always exactly one event system in the scene
There are 2 event systems in the scene. Please ensure there is always exactly one event system in the scene
There are 2 event systems in the scene. Please ensure there is always exactly one event system in the scene
There are 2 event systems in the scene. Please ensure there is always exactly one event system in the scene
There are 2 event systems in the scene. Please ensure there is always exactly one event system in the scene
There are 2 event systems in the scene. Please ensure there is always exactly one event system in the scene
There are 2 event systems in the scene. Please ensure there is always exactly one event system in the scene
There are 2 event systems in the scene. Please ensure there is always exactly one event system in the scene
There are 2 event systems in the scene. Please ensure there is always exactly one event system in the scene
There are 2 event systems in the scene. Please ensure there is always exactly one event system in the scene
There are 2 event systems in the scene. Please ensure there is always exactly one event system in the scene
There are 2 event systems in the scene. Please ensure there is always exactly one event system in the scene
There are 2 event systems in the scene. Please ensure there is always exactly one event system in the scene
There are 2 event systems in the scene. Please ensure there is always exactly one event system in the scene
There are 2 event systems in the scene. Please ensure there is always exactly one event system in the scene
There are 2 event systems in the scene. Please ensure there is always exactly one event system in the scene
There are 2 event systems in the scene. Please ensure there is always exactly one event system in the scene
There are 2 event systems in the scene. Please ensure there is always exactly one event system in the scene
There are 2 event systems in the scene. Please ensure there is always exactly one event system in the scene
There are 2 event systems in the scene. Please ensure there is always exactly one event system in the scene
There are 2 event systems in the scene. Please ensure there is always exactly one event system in the scene
There are 2 event systems in the scene. Please ensure there is always exactly one event system in the scene
There are 2 event systems in the scene. Please ensure there is always exactly one event system in the scene
There are 2 event systems in the scene. Please ensure there is always exactly one event system in the scene
There are 2 event systems in the scene. Please ensure there is always exactly one event system in the scene
There are 2 event systems in the scene. Please ensure there is always exactly one event system in the scene
There are 2 event systems in the scene. Please ensure there is always exactly one event system in the scene
There are 2 event systems in the scene. Please ensure there is always exactly one event system in the scene
There are 2 event systems in the scene. Please ensure there is always exactly one event system in the scene
There are 2 event systems in the scene. Please ensure there is always exactly one event system in the scene
There are 2 event systems in the scene. Please ensure there is always exactly one event system in the scene
There are 2 event systems in the scene. Please ensure there is always exactly one event system in the scene
Saving results to: C:/Users/Admin/AppData/LocalLow/DefaultCompany/My project\TestResults.xml
]]></output>
        </test-case>
      </test-suite>
    </test-suite>
  </test-suite>
</test-run>