<?xml version="1.0" encoding="utf-8"?>
<CoverageSession xmlns:xsd="http://www.w3.org/2001/XMLSchema" xmlns:xsi="http://www.w3.org/2001/XMLSchema-instance" Version="0.0.0.0">
  <Summary numSequencePoints="2458" visitedSequencePoints="600" numBranchPoints="0" visitedBranchPoints="0" sequenceCoverage="24.41" branchCoverage="0.0" maxCyclomaticComplexity="0" minCyclomaticComplexity="0" maxCrapScore="0" minCrapScore="0" visitedClasses="44" numClasses="90" visitedMethods="96" numMethods="272" />
  <Modules>
    <Module>
      <Summary numSequencePoints="456" visitedSequencePoints="273" numBranchPoints="0" visitedBranchPoints="0" sequenceCoverage="59.87" branchCoverage="0.0" maxCyclomaticComplexity="0" minCyclomaticComplexity="0" maxCrapScore="0" minCrapScore="0" visitedClasses="28" numClasses="28" visitedMethods="63" numMethods="63" />
      <ModuleTime>0001-01-01T00:00:00</ModuleTime>
      <ModuleName>Assembly-CSharp</ModuleName>
      <Files>
        <File uid="9" fullPath="C:/Users/Admin/Documents/Duan1/EcoWorld/Assets/FantasyEnvironments/Environments/Town/Scripts/Door.cs" />
        <File uid="10" fullPath="C:/Users/Admin/Documents/Duan1/EcoWorld/Assets/filecuathinh/CameraFollow.cs" />
        <File uid="11" fullPath="C:/Users/Admin/Documents/Duan1/EcoWorld/Assets/filecuathinh/PlayerMovement.cs" />
        <File uid="12" fullPath="C:/Users/Admin/Documents/Duan1/EcoWorld/Assets/Old Sea Port/EffectExamples/Shared/Scripts/DecalDestroyer.cs" />
        <File uid="13" fullPath="C:/Users/Admin/Documents/Duan1/EcoWorld/Assets/Old Sea Port/EffectExamples/Shared/Scripts/ExtinguishableFire.cs" />
        <File uid="14" fullPath="C:/Users/Admin/Documents/Duan1/EcoWorld/Assets/Old Sea Port/EffectExamples/Shared/Scripts/GunAim.cs" />
        <File uid="15" fullPath="C:/Users/Admin/Documents/Duan1/EcoWorld/Assets/Old Sea Port/EffectExamples/Shared/Scripts/GunShoot.cs" />
        <File uid="16" fullPath="C:/Users/Admin/Documents/Duan1/EcoWorld/Assets/Old Sea Port/EffectExamples/Shared/Scripts/ParticleCollision.cs" />
        <File uid="17" fullPath="C:/Users/Admin/Documents/Duan1/EcoWorld/Assets/Old Sea Port/EffectExamples/Shared/Scripts/ParticleMenu.cs" />
        <File uid="18" fullPath="C:/Users/Admin/Documents/Duan1/EcoWorld/Assets/Polytope Studio/Lowpoly_Demos/Environment_Free/Helpers/PT_MouseLook.cs" />
        <File uid="19" fullPath="C:/Users/Admin/Documents/Duan1/EcoWorld/Assets/Polytope Studio/Lowpoly_Demos/Environment_Free/Helpers/PT_PlayerMovement.cs" />
        <File uid="20" fullPath="C:/Users/Admin/Documents/Duan1/EcoWorld/Assets/QuickOutline/Scripts/Outline.cs" />
        <File uid="21" fullPath="C:/Users/Admin/Documents/Duan1/EcoWorld/Assets/ruongdat/FarmGrid.cs" />
        <File uid="22" fullPath="C:/Users/Admin/Documents/Duan1/EcoWorld/Assets/ruongdat/FarmTile.cs" />
        <File uid="23" fullPath="C:/Users/Admin/Documents/Duan1/EcoWorld/Assets/ruongdat/FarmZone.cs" />
        <File uid="24" fullPath="C:/Users/Admin/Documents/Duan1/EcoWorld/Assets/ruongdat/GlobalSeedDatabase.cs" />
        <File uid="25" fullPath="C:/Users/Admin/Documents/Duan1/EcoWorld/Assets/ruongdat/SO_SeedData.cs" />
        <File uid="26" fullPath="C:/Users/Admin/Documents/Duan1/EcoWorld/Assets/Script/AdvancedDayNight.cs" />
        <File uid="27" fullPath="C:/Users/Admin/Documents/Duan1/EcoWorld/Assets/Script/ChatSystem.cs" />
        <File uid="28" fullPath="C:/Users/Admin/Documents/Duan1/EcoWorld/Assets/Script/EnemyAI.cs" />
        <File uid="29" fullPath="C:/Users/Admin/Documents/Duan1/EcoWorld/Assets/Script/FixSliderZero.cs" />
        <File uid="30" fullPath="C:/Users/Admin/Documents/Duan1/EcoWorld/Assets/Script/GemUI.cs" />
        <File uid="31" fullPath="C:/Users/Admin/Documents/Duan1/EcoWorld/Assets/Script/Items/Item.cs" />
        <File uid="32" fullPath="C:/Users/Admin/Documents/Duan1/EcoWorld/Assets/Script/Items/ItemObject.cs" />
        <File uid="33" fullPath="C:/Users/Admin/Documents/Duan1/EcoWorld/Assets/Script/Items/TooltipManager.cs" />
        <File uid="34" fullPath="C:/Users/Admin/Documents/Duan1/EcoWorld/Assets/Script/Items/Trashspawn.cs" />
        <File uid="35" fullPath="C:/Users/Admin/Documents/Duan1/EcoWorld/Assets/Script/Items/XuLyItem.cs" />
        <File uid="36" fullPath="C:/Users/Admin/Documents/Duan1/EcoWorld/Assets/Script/LocalPortal.cs" />
        <File uid="37" fullPath="C:/Users/Admin/Documents/Duan1/EcoWorld/Assets/Script/PlayerScript/Player_Controller.cs" />
        <File uid="38" fullPath="C:/Users/Admin/Documents/Duan1/EcoWorld/Assets/Script/PlayerScript/Player_QuestManager.cs" />
        <File uid="39" fullPath="C:/Users/Admin/Documents/Duan1/EcoWorld/Assets/Script/PlayerScript/Player_Runner.cs" />
        <File uid="40" fullPath="C:/Users/Admin/Documents/Duan1/EcoWorld/Assets/Script/SimpleWaterMove.cs" />
        <File uid="41" fullPath="C:/Users/Admin/Documents/Duan1/EcoWorld/Assets/Script/SkyboxSwitcher.cs" />
        <File uid="42" fullPath="C:/Users/Admin/Documents/Duan1/EcoWorld/Assets/Script/TimeController.cs" />
        <File uid="43" fullPath="C:/Users/Admin/Documents/Duan1/EcoWorld/Assets/Script/UIScript/EnemyAI_Fusion.cs" />
        <File uid="44" fullPath="C:/Users/Admin/Documents/Duan1/EcoWorld/Assets/Script/UIScript/ESC.cs" />
        <File uid="45" fullPath="C:/Users/Admin/Documents/Duan1/EcoWorld/Assets/Script/UIScript/InventoryManager.cs" />
        <File uid="46" fullPath="C:/Users/Admin/Documents/Duan1/EcoWorld/Assets/Script/UIScript/ItemHover.cs" />
        <File uid="47" fullPath="C:/Users/Admin/Documents/Duan1/EcoWorld/Assets/Script/UIScript/ItemNotifyManager.cs" />
        <File uid="48" fullPath="C:/Users/Admin/Documents/Duan1/EcoWorld/Assets/Script/UIScript/ItemNotifySlot.cs" />
        <File uid="49" fullPath="C:/Users/Admin/Documents/Duan1/EcoWorld/Assets/Script/UIScript/Menu_Fusion.cs" />
        <File uid="50" fullPath="C:/Users/Admin/Documents/Duan1/EcoWorld/Assets/Script/UIScript/MoneyUI.cs" />
        <File uid="51" fullPath="C:/Users/Admin/Documents/Duan1/EcoWorld/Assets/Script/UIScript/NPC_DialogueTrigger.cs" />
        <File uid="52" fullPath="C:/Users/Admin/Documents/Duan1/EcoWorld/Assets/Script/UIScript/NPC_QuestBridge.cs" />
        <File uid="53" fullPath="C:/Users/Admin/Documents/Duan1/EcoWorld/Assets/Script/UIScript/QuestManager.cs" />
        <File uid="54" fullPath="C:/Users/Admin/Documents/Duan1/EcoWorld/Assets/Script/UIScript/ShopUIController.cs" />
        <File uid="55" fullPath="C:/Users/Admin/Documents/Duan1/EcoWorld/Assets/Script/UI_HotBar.cs" />
        <File uid="56" fullPath="C:/Users/Admin/Documents/Duan1/EcoWorld/Assets/Script/WaterScroll.cs" />
        <File uid="57" fullPath="C:/Users/Admin/Documents/Duan1/EcoWorld/Assets/TextMesh Pro/Examples &amp; Extras/Scripts/ChatController.cs" />
        <File uid="58" fullPath="C:/Users/Admin/Documents/Duan1/EcoWorld/Assets/TextMesh Pro/Examples &amp; Extras/Scripts/DropdownSample.cs" />
        <File uid="59" fullPath="C:/Users/Admin/Documents/Duan1/EcoWorld/Assets/TextMesh Pro/Examples &amp; Extras/Scripts/EnvMapAnimator.cs" />
        <File uid="60" fullPath="C:/Users/Admin/Documents/Duan1/EcoWorld/Assets/Viking Village/Scripts/ControlSwitch.cs" />
        <File uid="61" fullPath="C:/Users/Admin/Documents/Duan1/EcoWorld/Assets/Viking Village/Scripts/DeviceTypeUI.cs" />
        <File uid="62" fullPath="C:/Users/Admin/Documents/Duan1/EcoWorld/Assets/Viking Village/Scripts/FlyingRigidbodyFirstPersonController.cs" />
        <File uid="63" fullPath="C:/Users/Admin/Documents/Duan1/EcoWorld/Assets/Viking Village/Scripts/ForceToAcessibleVolume.cs" />
        <File uid="64" fullPath="C:/Users/Admin/Documents/Duan1/EcoWorld/Assets/Viking Village/Scripts/FreeCamera.cs" />
        <File uid="65" fullPath="C:/Users/Admin/Documents/Duan1/EcoWorld/Assets/Viking Village/Scripts/MouseLock.cs" />
        <File uid="66" fullPath="C:/Users/Admin/Documents/Duan1/EcoWorld/Assets/Viking Village/Scripts/twinkle.cs" />
        <File uid="67" fullPath="C:/Users/Admin/Documents/Duan1/EcoWorld/Assets/WeaponsAndPropsAssetPack_NAS/Scripts/Breakable.cs" />
        <File uid="68" fullPath="C:/Users/Admin/Documents/Duan1/EcoWorld/Assets/Viking Village/Standard Assets/Utility/CameraRefocus.cs" />
        <File uid="69" fullPath="C:/Users/Admin/Documents/Duan1/EcoWorld/Assets/Viking Village/Standard Assets/Utility/CurveControlledBob.cs" />
        <File uid="70" fullPath="C:/Users/Admin/Documents/Duan1/EcoWorld/Assets/Viking Village/Standard Assets/Utility/FOVKick.cs" />
        <File uid="71" fullPath="C:/Users/Admin/Documents/Duan1/EcoWorld/Assets/Viking Village/Standard Assets/Utility/FPSCounter.cs" />
        <File uid="72" fullPath="C:/Users/Admin/Documents/Duan1/EcoWorld/Assets/Viking Village/Standard Assets/Utility/LerpControlledBob.cs" />
        <File uid="73" fullPath="C:/Users/Admin/Documents/Duan1/EcoWorld/Assets/Viking Village/Standard Assets/Characters/FirstPersonCharacter/Scripts/FirstPersonController.cs" />
        <File uid="74" fullPath="C:/Users/Admin/Documents/Duan1/EcoWorld/Assets/Viking Village/Standard Assets/Characters/FirstPersonCharacter/Scripts/HeadBob.cs" />
        <File uid="75" fullPath="C:/Users/Admin/Documents/Duan1/EcoWorld/Assets/Viking Village/Standard Assets/Characters/FirstPersonCharacter/Scripts/MouseLook.cs" />
        <File uid="76" fullPath="C:/Users/Admin/Documents/Duan1/EcoWorld/Assets/Viking Village/Standard Assets/Characters/FirstPersonCharacter/Scripts/RigidbodyFirstPersonController.cs" />
        <File uid="77" fullPath="C:/Users/Admin/Documents/Duan1/EcoWorld/Assets/TextMesh Pro/Examples &amp; Extras/Scripts/TMP_DigitValidator.cs" />
        <File uid="78" fullPath="C:/Users/Admin/Documents/Duan1/EcoWorld/Assets/TextMesh Pro/Examples &amp; Extras/Scripts/TMP_PhoneNumberValidator.cs" />
        <File uid="79" fullPath="C:/Users/Admin/Documents/Duan1/EcoWorld/Assets/TextMesh Pro/Examples &amp; Extras/Scripts/TMP_TextEventHandler.cs" />
        <File uid="80" fullPath="C:/Users/Admin/Documents/Duan1/EcoWorld/Assets/TextMesh Pro/Examples &amp; Extras/Scripts/Benchmark01.cs" />
        <File uid="81" fullPath="C:/Users/Admin/Documents/Duan1/EcoWorld/Assets/TextMesh Pro/Examples &amp; Extras/Scripts/Benchmark01_UGUI.cs" />
        <File uid="82" fullPath="C:/Users/Admin/Documents/Duan1/EcoWorld/Assets/TextMesh Pro/Examples &amp; Extras/Scripts/Benchmark02.cs" />
        <File uid="83" fullPath="C:/Users/Admin/Documents/Duan1/EcoWorld/Assets/TextMesh Pro/Examples &amp; Extras/Scripts/Benchmark03.cs" />
        <File uid="84" fullPath="C:/Users/Admin/Documents/Duan1/EcoWorld/Assets/TextMesh Pro/Examples &amp; Extras/Scripts/Benchmark04.cs" />
        <File uid="85" fullPath="C:/Users/Admin/Documents/Duan1/EcoWorld/Assets/TextMesh Pro/Examples &amp; Extras/Scripts/CameraController.cs" />
        <File uid="86" fullPath="C:/Users/Admin/Documents/Duan1/EcoWorld/Assets/TextMesh Pro/Examples &amp; Extras/Scripts/ObjectSpin.cs" />
        <File uid="87" fullPath="C:/Users/Admin/Documents/Duan1/EcoWorld/Assets/TextMesh Pro/Examples &amp; Extras/Scripts/ShaderPropAnimator.cs" />
        <File uid="88" fullPath="C:/Users/Admin/Documents/Duan1/EcoWorld/Assets/TextMesh Pro/Examples &amp; Extras/Scripts/SimpleScript.cs" />
        <File uid="89" fullPath="C:/Users/Admin/Documents/Duan1/EcoWorld/Assets/TextMesh Pro/Examples &amp; Extras/Scripts/SkewTextExample.cs" />
        <File uid="90" fullPath="C:/Users/Admin/Documents/Duan1/EcoWorld/Assets/TextMesh Pro/Examples &amp; Extras/Scripts/TeleType.cs" />
        <File uid="91" fullPath="C:/Users/Admin/Documents/Duan1/EcoWorld/Assets/TextMesh Pro/Examples &amp; Extras/Scripts/TextConsoleSimulator.cs" />
        <File uid="92" fullPath="C:/Users/Admin/Documents/Duan1/EcoWorld/Assets/TextMesh Pro/Examples &amp; Extras/Scripts/TextMeshProFloatingText.cs" />
        <File uid="93" fullPath="C:/Users/Admin/Documents/Duan1/EcoWorld/Assets/TextMesh Pro/Examples &amp; Extras/Scripts/TextMeshSpawner.cs" />
        <File uid="94" fullPath="C:/Users/Admin/Documents/Duan1/EcoWorld/Assets/TextMesh Pro/Examples &amp; Extras/Scripts/TMPro_InstructionOverlay.cs" />
        <File uid="95" fullPath="C:/Users/Admin/Documents/Duan1/EcoWorld/Assets/TextMesh Pro/Examples &amp; Extras/Scripts/TMP_ExampleScript_01.cs" />
        <File uid="96" fullPath="C:/Users/Admin/Documents/Duan1/EcoWorld/Assets/TextMesh Pro/Examples &amp; Extras/Scripts/TMP_FrameRateCounter.cs" />
        <File uid="97" fullPath="C:/Users/Admin/Documents/Duan1/EcoWorld/Assets/TextMesh Pro/Examples &amp; Extras/Scripts/TMP_TextEventCheck.cs" />
        <File uid="98" fullPath="C:/Users/Admin/Documents/Duan1/EcoWorld/Assets/TextMesh Pro/Examples &amp; Extras/Scripts/TMP_TextInfoDebugTool.cs" />
        <File uid="99" fullPath="C:/Users/Admin/Documents/Duan1/EcoWorld/Assets/TextMesh Pro/Examples &amp; Extras/Scripts/TMP_TextSelector_A.cs" />
        <File uid="100" fullPath="C:/Users/Admin/Documents/Duan1/EcoWorld/Assets/TextMesh Pro/Examples &amp; Extras/Scripts/TMP_TextSelector_B.cs" />
        <File uid="101" fullPath="C:/Users/Admin/Documents/Duan1/EcoWorld/Assets/TextMesh Pro/Examples &amp; Extras/Scripts/TMP_UiFrameRateCounter.cs" />
        <File uid="102" fullPath="C:/Users/Admin/Documents/Duan1/EcoWorld/Assets/TextMesh Pro/Examples &amp; Extras/Scripts/VertexColorCycler.cs" />
        <File uid="103" fullPath="C:/Users/Admin/Documents/Duan1/EcoWorld/Assets/TextMesh Pro/Examples &amp; Extras/Scripts/VertexJitter.cs" />
        <File uid="104" fullPath="C:/Users/Admin/Documents/Duan1/EcoWorld/Assets/TextMesh Pro/Examples &amp; Extras/Scripts/VertexShakeA.cs" />
        <File uid="105" fullPath="C:/Users/Admin/Documents/Duan1/EcoWorld/Assets/TextMesh Pro/Examples &amp; Extras/Scripts/VertexShakeB.cs" />
        <File uid="106" fullPath="C:/Users/Admin/Documents/Duan1/EcoWorld/Assets/TextMesh Pro/Examples &amp; Extras/Scripts/VertexZoom.cs" />
        <File uid="107" fullPath="C:/Users/Admin/Documents/Duan1/EcoWorld/Assets/TextMesh Pro/Examples &amp; Extras/Scripts/WarpTextExample.cs" />
        <File uid="108" fullPath="C:/Users/Admin/Documents/Duan1/EcoWorld/Assets/DialogueEditor/Assets/Scripts/Condition.cs" />
        <File uid="109" fullPath="C:/Users/Admin/Documents/Duan1/EcoWorld/Assets/DialogueEditor/Assets/Scripts/Connection.cs" />
        <File uid="110" fullPath="C:/Users/Admin/Documents/Duan1/EcoWorld/Assets/DialogueEditor/Assets/Scripts/Conversation.cs" />
        <File uid="111" fullPath="C:/Users/Admin/Documents/Duan1/EcoWorld/Assets/DialogueEditor/Assets/Scripts/ConversationNode.cs" />
        <File uid="112" fullPath="C:/Users/Admin/Documents/Duan1/EcoWorld/Assets/DialogueEditor/Assets/Scripts/EditableCondition.cs" />
        <File uid="113" fullPath="C:/Users/Admin/Documents/Duan1/EcoWorld/Assets/DialogueEditor/Assets/Scripts/EditableConnection.cs" />
        <File uid="114" fullPath="C:/Users/Admin/Documents/Duan1/EcoWorld/Assets/DialogueEditor/Assets/Scripts/EditableConversation.cs" />
        <File uid="115" fullPath="C:/Users/Admin/Documents/Duan1/EcoWorld/Assets/DialogueEditor/Assets/Scripts/EditableNode.cs" />
        <File uid="116" fullPath="C:/Users/Admin/Documents/Duan1/EcoWorld/Assets/DialogueEditor/Assets/Scripts/EditableParameter.cs" />
        <File uid="117" fullPath="C:/Users/Admin/Documents/Duan1/EcoWorld/Assets/DialogueEditor/Assets/Scripts/EditableSetParamAction.cs" />
        <File uid="118" fullPath="C:/Users/Admin/Documents/Duan1/EcoWorld/Assets/DialogueEditor/Assets/Scripts/NPCConversation.cs" />
        <File uid="119" fullPath="C:/Users/Admin/Documents/Duan1/EcoWorld/Assets/DialogueEditor/Assets/Scripts/Parameter.cs" />
        <File uid="120" fullPath="C:/Users/Admin/Documents/Duan1/EcoWorld/Assets/DialogueEditor/Assets/Scripts/SetParamAction.cs" />
        <File uid="121" fullPath="C:/Users/Admin/Documents/Duan1/EcoWorld/Assets/DialogueEditor/Assets/Scripts/UI/ConversationManager.cs" />
        <File uid="122" fullPath="C:/Users/Admin/Documents/Duan1/EcoWorld/Assets/DialogueEditor/Assets/Scripts/UI/UIConversationButton.cs" />
        <File uid="123" fullPath="C:/Users/Admin/Documents/Duan1/EcoWorld/Assets/DialogueEditor/Example/ExampleInputManager.cs" />
        <File uid="124" fullPath="C:/Users/Admin/Documents/Duan1/EcoWorld/Assets/AQUAS-Lite/Scripts/AQUAS_Lite_Camera.cs" />
        <File uid="125" fullPath="C:/Users/Admin/Documents/Duan1/EcoWorld/Assets/AQUAS-Lite/Scripts/AQUAS_Lite_CamNav.cs" />
        <File uid="126" fullPath="C:/Users/Admin/Documents/Duan1/EcoWorld/Assets/AQUAS-Lite/Scripts/AQUAS_Lite_Reflection.cs" />
      </Files>
      <Classes>
        <Class>
          <Summary numSequencePoints="5" visitedSequencePoints="5" numBranchPoints="0" visitedBranchPoints="0" sequenceCoverage="100.0" branchCoverage="0.0" maxCyclomaticComplexity="0" minCyclomaticComplexity="0" maxCrapScore="0" minCrapScore="0" visitedClasses="1" numClasses="1" visitedMethods="2" numMethods="2" />
          <FullName>Door</FullName>
          <Methods>
            <Method visited="true" cyclomaticComplexity="0" nPathComplexity="0" sequenceCoverage="100.0" branchCoverage="0" crapScore="0" isConstructor="false" isStatic="false" isGetter="false" isSetter="false">
              <Summary numSequencePoints="3" visitedSequencePoints="3" numBranchPoints="0" visitedBranchPoints="0" sequenceCoverage="100.0" branchCoverage="0" maxCyclomaticComplexity="0" minCyclomaticComplexity="0" maxCrapScore="0" minCrapScore="0" visitedClasses="0" numClasses="0" visitedMethods="1" numMethods="1" />
              <MetadataToken>100663297</MetadataToken>
              <Name>System.Void Door::Start()</Name>
              <FileRef uid="9" />
              <SequencePoints>
                <SequencePoint vc="12" uspid="32885" ordinal="0" offset="0" sl="9" sc="16" el="9" ec="16" bec="0" bev="0" fileid="9" />
                <SequencePoint vc="12" uspid="32886" ordinal="0" offset="1" sl="10" sc="3" el="10" ec="3" bec="0" bev="0" fileid="9" />
                <SequencePoint vc="12" uspid="32887" ordinal="0" offset="13" sl="11" sc="2" el="11" ec="2" bec="0" bev="0" fileid="9" />
              </SequencePoints>
              <BranchPoints />
            </Method>
            <Method visited="true" cyclomaticComplexity="0" nPathComplexity="0" sequenceCoverage="100.0" branchCoverage="0" crapScore="0" isConstructor="false" isStatic="false" isGetter="false" isSetter="false">
              <Summary numSequencePoints="2" visitedSequencePoints="2" numBranchPoints="0" visitedBranchPoints="0" sequenceCoverage="100.0" branchCoverage="0" maxCyclomaticComplexity="0" minCyclomaticComplexity="0" maxCrapScore="0" minCrapScore="0" visitedClasses="0" numClasses="0" visitedMethods="1" numMethods="1" />
              <MetadataToken>100663300</MetadataToken>
              <Name>System.Void Door::Update()</Name>
              <FileRef uid="9" />
              <SequencePoints>
                <SequencePoint vc="168" uspid="32896" ordinal="0" offset="0" sl="26" sc="17" el="26" ec="17" bec="0" bev="0" fileid="9" />
                <SequencePoint vc="168" uspid="32897" ordinal="0" offset="1" sl="28" sc="2" el="28" ec="2" bec="0" bev="0" fileid="9" />
              </SequencePoints>
              <BranchPoints />
            </Method>
          </Methods>
        </Class>
        <Class>
          <Summary numSequencePoints="2" visitedSequencePoints="2" numBranchPoints="0" visitedBranchPoints="0" sequenceCoverage="100.0" branchCoverage="0.0" maxCyclomaticComplexity="0" minCyclomaticComplexity="0" maxCrapScore="0" minCrapScore="0" visitedClasses="1" numClasses="1" visitedMethods="1" numMethods="1" />
          <FullName>PT_MouseLook</FullName>
          <Methods>
            <Method visited="true" cyclomaticComplexity="0" nPathComplexity="0" sequenceCoverage="100.0" branchCoverage="0" crapScore="0" isConstructor="true" isStatic="false" isGetter="false" isSetter="false">
              <Summary numSequencePoints="2" visitedSequencePoints="2" numBranchPoints="0" visitedBranchPoints="0" sequenceCoverage="100.0" branchCoverage="0" maxCyclomaticComplexity="0" minCyclomaticComplexity="0" maxCrapScore="0" minCrapScore="0" visitedClasses="0" numClasses="0" visitedMethods="1" numMethods="1" />
              <MetadataToken>100663350</MetadataToken>
              <Name>PT_MouseLook::PT_MouseLook()</Name>
              <FileRef uid="18" />
              <SequencePoints>
                <SequencePoint vc="3" uspid="33083" ordinal="0" offset="0" sl="11" sc="5" el="11" ec="5" bec="0" bev="0" fileid="18" />
                <SequencePoint vc="3" uspid="33084" ordinal="0" offset="11" sl="15" sc="5" el="15" ec="5" bec="0" bev="0" fileid="18" />
              </SequencePoints>
              <BranchPoints />
            </Method>
          </Methods>
        </Class>
        <Class>
          <Summary numSequencePoints="4" visitedSequencePoints="4" numBranchPoints="0" visitedBranchPoints="0" sequenceCoverage="100.0" branchCoverage="0.0" maxCyclomaticComplexity="0" minCyclomaticComplexity="0" maxCrapScore="0" minCrapScore="0" visitedClasses="1" numClasses="1" visitedMethods="1" numMethods="1" />
          <FullName>PT_PlayerMovement</FullName>
          <Methods>
            <Method visited="true" cyclomaticComplexity="0" nPathComplexity="0" sequenceCoverage="100.0" branchCoverage="0" crapScore="0" isConstructor="true" isStatic="false" isGetter="false" isSetter="false">
              <Summary numSequencePoints="4" visitedSequencePoints="4" numBranchPoints="0" visitedBranchPoints="0" sequenceCoverage="100.0" branchCoverage="0" maxCyclomaticComplexity="0" minCyclomaticComplexity="0" maxCrapScore="0" minCrapScore="0" visitedClasses="0" numClasses="0" visitedMethods="1" numMethods="1" />
              <MetadataToken>100663352</MetadataToken>
              <Name>PT_PlayerMovement::PT_PlayerMovement()</Name>
              <FileRef uid="19" />
              <SequencePoints>
                <SequencePoint vc="3" uspid="33119" ordinal="0" offset="0" sl="13" sc="5" el="13" ec="5" bec="0" bev="0" fileid="19" />
                <SequencePoint vc="3" uspid="33120" ordinal="0" offset="11" sl="14" sc="5" el="14" ec="5" bec="0" bev="0" fileid="19" />
                <SequencePoint vc="3" uspid="33121" ordinal="0" offset="22" sl="15" sc="5" el="15" ec="5" bec="0" bev="0" fileid="19" />
                <SequencePoint vc="3" uspid="33122" ordinal="0" offset="33" sl="18" sc="5" el="18" ec="5" bec="0" bev="0" fileid="19" />
              </SequencePoints>
              <BranchPoints />
            </Method>
          </Methods>
        </Class>
        <Class>
          <Summary numSequencePoints="3" visitedSequencePoints="3" numBranchPoints="0" visitedBranchPoints="0" sequenceCoverage="100.0" branchCoverage="0.0" maxCyclomaticComplexity="0" minCyclomaticComplexity="0" maxCrapScore="0" minCrapScore="0" visitedClasses="1" numClasses="1" visitedMethods="1" numMethods="1" />
          <FullName>FarmGrid</FullName>
          <Methods>
            <Method visited="true" cyclomaticComplexity="0" nPathComplexity="0" sequenceCoverage="100.0" branchCoverage="0" crapScore="0" isConstructor="true" isStatic="false" isGetter="false" isSetter="false">
              <Summary numSequencePoints="3" visitedSequencePoints="3" numBranchPoints="0" visitedBranchPoints="0" sequenceCoverage="100.0" branchCoverage="0" maxCyclomaticComplexity="0" minCyclomaticComplexity="0" maxCrapScore="0" minCrapScore="0" visitedClasses="0" numClasses="0" visitedMethods="1" numMethods="1" />
              <MetadataToken>100663379</MetadataToken>
              <Name>FarmGrid::FarmGrid()</Name>
              <FileRef uid="21" />
              <SequencePoints>
                <SequencePoint vc="6" uspid="33338" ordinal="0" offset="0" sl="10" sc="5" el="10" ec="5" bec="0" bev="0" fileid="21" />
                <SequencePoint vc="6" uspid="33339" ordinal="0" offset="7" sl="11" sc="5" el="11" ec="5" bec="0" bev="0" fileid="21" />
                <SequencePoint vc="6" uspid="33340" ordinal="0" offset="14" sl="12" sc="5" el="12" ec="5" bec="0" bev="0" fileid="21" />
              </SequencePoints>
              <BranchPoints />
            </Method>
          </Methods>
        </Class>
        <Class>
          <Summary numSequencePoints="13" visitedSequencePoints="9" numBranchPoints="0" visitedBranchPoints="0" sequenceCoverage="69.23" branchCoverage="0.0" maxCyclomaticComplexity="0" minCyclomaticComplexity="0" maxCrapScore="0" minCrapScore="0" visitedClasses="1" numClasses="1" visitedMethods="3" numMethods="3" />
          <FullName>FarmZone</FullName>
          <Methods>
            <Method visited="true" cyclomaticComplexity="0" nPathComplexity="0" sequenceCoverage="100.0" branchCoverage="0" crapScore="0" isConstructor="false" isStatic="false" isGetter="false" isSetter="false">
              <Summary numSequencePoints="3" visitedSequencePoints="3" numBranchPoints="0" visitedBranchPoints="0" sequenceCoverage="100.0" branchCoverage="0" maxCyclomaticComplexity="0" minCyclomaticComplexity="0" maxCrapScore="0" minCrapScore="0" visitedClasses="0" numClasses="0" visitedMethods="1" numMethods="1" />
              <MetadataToken>100663396</MetadataToken>
              <Name>System.Void FarmZone::Awake()</Name>
              <FileRef uid="23" />
              <SequencePoints>
                <SequencePoint vc="6" uspid="33395" ordinal="0" offset="0" sl="15" sc="5" el="15" ec="5" bec="0" bev="0" fileid="23" />
                <SequencePoint vc="6" uspid="33396" ordinal="0" offset="1" sl="16" sc="9" el="16" ec="9" bec="0" bev="0" fileid="23" />
                <SequencePoint vc="6" uspid="33397" ordinal="0" offset="14" sl="17" sc="5" el="17" ec="5" bec="0" bev="0" fileid="23" />
              </SequencePoints>
              <BranchPoints />
            </Method>
            <Method visited="true" cyclomaticComplexity="0" nPathComplexity="0" sequenceCoverage="50.00" branchCoverage="0" crapScore="0" isConstructor="false" isStatic="false" isGetter="false" isSetter="false">
              <Summary numSequencePoints="8" visitedSequencePoints="4" numBranchPoints="0" visitedBranchPoints="0" sequenceCoverage="50.00" branchCoverage="0" maxCyclomaticComplexity="0" minCyclomaticComplexity="0" maxCrapScore="0" minCrapScore="0" visitedClasses="0" numClasses="0" visitedMethods="1" numMethods="1" />
              <MetadataToken>100663399</MetadataToken>
              <Name>System.Void FarmZone::Update()</Name>
              <FileRef uid="23" />
              <SequencePoints>
                <SequencePoint vc="84" uspid="33408" ordinal="0" offset="0" sl="32" sc="5" el="32" ec="5" bec="0" bev="0" fileid="23" />
                <SequencePoint vc="84" uspid="33409" ordinal="0" offset="1" sl="33" sc="9" el="33" ec="9" bec="0" bev="0" fileid="23" />
                <SequencePoint vc="84" uspid="33410" ordinal="0" offset="27" sl="33" sc="77" el="33" ec="77" bec="0" bev="0" fileid="23" />
                <SequencePoint vc="0" uspid="33411" ordinal="0" offset="29" sl="35" sc="9" el="35" ec="9" bec="0" bev="0" fileid="23" />
                <SequencePoint vc="0" uspid="33412" ordinal="0" offset="48" sl="36" sc="9" el="36" ec="9" bec="0" bev="0" fileid="23" />
                <SequencePoint vc="0" uspid="33413" ordinal="0" offset="49" sl="37" sc="13" el="37" ec="13" bec="0" bev="0" fileid="23" />
                <SequencePoint vc="0" uspid="33414" ordinal="0" offset="56" sl="38" sc="9" el="38" ec="9" bec="0" bev="0" fileid="23" />
                <SequencePoint vc="84" uspid="33415" ordinal="0" offset="57" sl="39" sc="5" el="39" ec="5" bec="0" bev="0" fileid="23" />
              </SequencePoints>
              <BranchPoints />
            </Method>
            <Method visited="true" cyclomaticComplexity="0" nPathComplexity="0" sequenceCoverage="100.0" branchCoverage="0" crapScore="0" isConstructor="true" isStatic="false" isGetter="false" isSetter="false">
              <Summary numSequencePoints="2" visitedSequencePoints="2" numBranchPoints="0" visitedBranchPoints="0" sequenceCoverage="100.0" branchCoverage="0" maxCyclomaticComplexity="0" minCyclomaticComplexity="0" maxCrapScore="0" minCrapScore="0" visitedClasses="0" numClasses="0" visitedMethods="1" numMethods="1" />
              <MetadataToken>100663401</MetadataToken>
              <Name>FarmZone::FarmZone()</Name>
              <FileRef uid="23" />
              <SequencePoints>
                <SequencePoint vc="6" uspid="33437" ordinal="0" offset="0" sl="10" sc="22" el="10" ec="22" bec="0" bev="0" fileid="23" />
                <SequencePoint vc="6" uspid="33438" ordinal="0" offset="11" sl="12" sc="5" el="12" ec="5" bec="0" bev="0" fileid="23" />
              </SequencePoints>
              <BranchPoints />
            </Method>
          </Methods>
        </Class>
        <Class>
          <Summary numSequencePoints="19" visitedSequencePoints="19" numBranchPoints="0" visitedBranchPoints="0" sequenceCoverage="100.0" branchCoverage="0.0" maxCyclomaticComplexity="0" minCyclomaticComplexity="0" maxCrapScore="0" minCrapScore="0" visitedClasses="1" numClasses="1" visitedMethods="3" numMethods="3" />
          <FullName>GlobalSeedDatabase</FullName>
          <Methods>
            <Method visited="true" cyclomaticComplexity="0" nPathComplexity="0" sequenceCoverage="100.0" branchCoverage="0" crapScore="0" isConstructor="false" isStatic="false" isGetter="false" isSetter="false">
              <Summary numSequencePoints="17" visitedSequencePoints="17" numBranchPoints="0" visitedBranchPoints="0" sequenceCoverage="100.0" branchCoverage="0" maxCyclomaticComplexity="0" minCyclomaticComplexity="0" maxCrapScore="0" minCrapScore="0" visitedClasses="0" numClasses="0" visitedMethods="1" numMethods="1" />
              <MetadataToken>100663402</MetadataToken>
              <Name>System.Void GlobalSeedDatabase::Awake()</Name>
              <FileRef uid="24" />
              <SequencePoints>
                <SequencePoint vc="6" uspid="33439" ordinal="0" offset="0" sl="14" sc="5" el="14" ec="5" bec="0" bev="0" fileid="24" />
                <SequencePoint vc="6" uspid="33440" ordinal="0" offset="1" sl="15" sc="9" el="15" ec="9" bec="0" bev="0" fileid="24" />
                <SequencePoint vc="6" uspid="33441" ordinal="0" offset="7" sl="18" sc="9" el="18" ec="9" bec="0" bev="0" fileid="24" />
                <SequencePoint vc="6" uspid="33442" ordinal="0" offset="18" sl="20" sc="9" el="20" ec="9" bec="0" bev="0" fileid="24" />
                <SequencePoint vc="6" uspid="33443" ordinal="0" offset="31" sl="21" sc="9" el="21" ec="9" bec="0" bev="0" fileid="24" />
                <SequencePoint vc="6" uspid="33444" ordinal="0" offset="32" sl="22" sc="13" el="22" ec="13" bec="0" bev="0" fileid="24" />
                <SequencePoint vc="6" uspid="33445" ordinal="0" offset="33" sl="22" sc="30" el="22" ec="30" bec="0" bev="0" fileid="24" />
                <SequencePoint vc="3" uspid="33446" ordinal="0" offset="47" sl="22" sc="21" el="22" ec="21" bec="0" bev="0" fileid="24" />
                <SequencePoint vc="3" uspid="33447" ordinal="0" offset="55" sl="23" sc="13" el="23" ec="13" bec="0" bev="0" fileid="24" />
                <SequencePoint vc="3" uspid="33448" ordinal="0" offset="56" sl="25" sc="17" el="25" ec="17" bec="0" bev="0" fileid="24" />
                <SequencePoint vc="3" uspid="33449" ordinal="0" offset="67" sl="26" sc="17" el="26" ec="17" bec="0" bev="0" fileid="24" />
                <SequencePoint vc="3" uspid="33450" ordinal="0" offset="68" sl="27" sc="21" el="27" ec="21" bec="0" bev="0" fileid="24" />
                <SequencePoint vc="3" uspid="33451" ordinal="0" offset="86" sl="28" sc="17" el="28" ec="17" bec="0" bev="0" fileid="24" />
                <SequencePoint vc="3" uspid="33452" ordinal="0" offset="87" sl="29" sc="13" el="29" ec="13" bec="0" bev="0" fileid="24" />
                <SequencePoint vc="9" uspid="33453" ordinal="0" offset="88" sl="22" sc="27" el="22" ec="27" bec="0" bev="0" fileid="24" />
                <SequencePoint vc="6" uspid="33454" ordinal="0" offset="114" sl="30" sc="9" el="30" ec="9" bec="0" bev="0" fileid="24" />
                <SequencePoint vc="6" uspid="33455" ordinal="0" offset="115" sl="31" sc="5" el="31" ec="5" bec="0" bev="0" fileid="24" />
              </SequencePoints>
              <BranchPoints />
            </Method>
            <Method visited="true" cyclomaticComplexity="0" nPathComplexity="0" sequenceCoverage="100.0" branchCoverage="0" crapScore="0" isConstructor="true" isStatic="false" isGetter="false" isSetter="false">
              <Summary numSequencePoints="1" visitedSequencePoints="1" numBranchPoints="0" visitedBranchPoints="0" sequenceCoverage="100.0" branchCoverage="0" maxCyclomaticComplexity="0" minCyclomaticComplexity="0" maxCrapScore="0" minCrapScore="0" visitedClasses="0" numClasses="0" visitedMethods="1" numMethods="1" />
              <MetadataToken>100663404</MetadataToken>
              <Name>GlobalSeedDatabase::GlobalSeedDatabase()</Name>
              <FileRef uid="24" />
              <SequencePoints>
                <SequencePoint vc="6" uspid="33460" ordinal="0" offset="0" sl="9" sc="5" el="9" ec="5" bec="0" bev="0" fileid="24" />
              </SequencePoints>
              <BranchPoints />
            </Method>
            <Method visited="true" cyclomaticComplexity="0" nPathComplexity="0" sequenceCoverage="100.0" branchCoverage="0" crapScore="0" isConstructor="true" isStatic="true" isGetter="false" isSetter="false">
              <Summary numSequencePoints="1" visitedSequencePoints="1" numBranchPoints="0" visitedBranchPoints="0" sequenceCoverage="100.0" branchCoverage="0" maxCyclomaticComplexity="0" minCyclomaticComplexity="0" maxCrapScore="0" minCrapScore="0" visitedClasses="0" numClasses="0" visitedMethods="1" numMethods="1" />
              <MetadataToken>100663405</MetadataToken>
              <Name>static GlobalSeedDatabase::GlobalSeedDatabase()</Name>
              <FileRef uid="24" />
              <SequencePoints>
                <SequencePoint vc="1" uspid="33461" ordinal="0" offset="0" sl="11" sc="5" el="11" ec="5" bec="0" bev="0" fileid="24" />
              </SequencePoints>
              <BranchPoints />
            </Method>
          </Methods>
        </Class>
        <Class>
          <Summary numSequencePoints="2" visitedSequencePoints="2" numBranchPoints="0" visitedBranchPoints="0" sequenceCoverage="100.0" branchCoverage="0.0" maxCyclomaticComplexity="0" minCyclomaticComplexity="0" maxCrapScore="0" minCrapScore="0" visitedClasses="1" numClasses="1" visitedMethods="1" numMethods="1" />
          <FullName>SO_SeedData</FullName>
          <Methods>
            <Method visited="true" cyclomaticComplexity="0" nPathComplexity="0" sequenceCoverage="100.0" branchCoverage="0" crapScore="0" isConstructor="true" isStatic="false" isGetter="false" isSetter="false">
              <Summary numSequencePoints="2" visitedSequencePoints="2" numBranchPoints="0" visitedBranchPoints="0" sequenceCoverage="100.0" branchCoverage="0" maxCyclomaticComplexity="0" minCyclomaticComplexity="0" maxCrapScore="0" minCrapScore="0" visitedClasses="0" numClasses="0" visitedMethods="1" numMethods="1" />
              <MetadataToken>100663406</MetadataToken>
              <Name>SO_SeedData::SO_SeedData()</Name>
              <FileRef uid="25" />
              <SequencePoints>
                <SequencePoint vc="1" uspid="33462" ordinal="0" offset="0" sl="12" sc="5" el="12" ec="5" bec="0" bev="0" fileid="25" />
                <SequencePoint vc="1" uspid="33463" ordinal="0" offset="7" sl="13" sc="5" el="13" ec="5" bec="0" bev="0" fileid="25" />
              </SequencePoints>
              <BranchPoints />
            </Method>
          </Methods>
        </Class>
        <Class>
          <Summary numSequencePoints="16" visitedSequencePoints="4" numBranchPoints="0" visitedBranchPoints="0" sequenceCoverage="25.00" branchCoverage="0.0" maxCyclomaticComplexity="0" minCyclomaticComplexity="0" maxCrapScore="0" minCrapScore="0" visitedClasses="1" numClasses="1" visitedMethods="1" numMethods="1" />
          <FullName>ChatSystem</FullName>
          <Methods>
            <Method visited="true" cyclomaticComplexity="0" nPathComplexity="0" sequenceCoverage="25.00" branchCoverage="0" crapScore="0" isConstructor="false" isStatic="false" isGetter="false" isSetter="false">
              <Summary numSequencePoints="16" visitedSequencePoints="4" numBranchPoints="0" visitedBranchPoints="0" sequenceCoverage="25.00" branchCoverage="0" maxCyclomaticComplexity="0" minCyclomaticComplexity="0" maxCrapScore="0" minCrapScore="0" visitedClasses="0" numClasses="0" visitedMethods="1" numMethods="1" />
              <MetadataToken>100663410</MetadataToken>
              <Name>System.Void ChatSystem::Update()</Name>
              <FileRef uid="27" />
              <SequencePoints>
                <SequencePoint vc="42" uspid="33509" ordinal="0" offset="0" sl="58" sc="5" el="58" ec="5" bec="0" bev="0" fileid="27" />
                <SequencePoint vc="42" uspid="33510" ordinal="0" offset="1" sl="59" sc="9" el="59" ec="9" bec="0" bev="0" fileid="27" />
                <SequencePoint vc="42" uspid="33511" ordinal="0" offset="14" sl="59" sc="33" el="59" ec="33" bec="0" bev="0" fileid="27" />
                <SequencePoint vc="0" uspid="33512" ordinal="0" offset="19" sl="62" sc="9" el="62" ec="9" bec="0" bev="0" fileid="27" />
                <SequencePoint vc="0" uspid="33513" ordinal="0" offset="55" sl="63" sc="9" el="63" ec="9" bec="0" bev="0" fileid="27" />
                <SequencePoint vc="0" uspid="33514" ordinal="0" offset="56" sl="64" sc="13" el="64" ec="13" bec="0" bev="0" fileid="27" />
                <SequencePoint vc="0" uspid="33515" ordinal="0" offset="63" sl="65" sc="9" el="65" ec="9" bec="0" bev="0" fileid="27" />
                <SequencePoint vc="0" uspid="33516" ordinal="0" offset="66" sl="67" sc="14" el="67" ec="14" bec="0" bev="0" fileid="27" />
                <SequencePoint vc="0" uspid="33517" ordinal="0" offset="102" sl="68" sc="9" el="68" ec="9" bec="0" bev="0" fileid="27" />
                <SequencePoint vc="0" uspid="33518" ordinal="0" offset="103" sl="69" sc="13" el="69" ec="13" bec="0" bev="0" fileid="27" />
                <SequencePoint vc="0" uspid="33519" ordinal="0" offset="110" sl="70" sc="9" el="70" ec="9" bec="0" bev="0" fileid="27" />
                <SequencePoint vc="0" uspid="33520" ordinal="0" offset="113" sl="72" sc="14" el="72" ec="14" bec="0" bev="0" fileid="27" />
                <SequencePoint vc="0" uspid="33521" ordinal="0" offset="149" sl="73" sc="9" el="73" ec="9" bec="0" bev="0" fileid="27" />
                <SequencePoint vc="0" uspid="33522" ordinal="0" offset="150" sl="74" sc="13" el="74" ec="13" bec="0" bev="0" fileid="27" />
                <SequencePoint vc="0" uspid="33523" ordinal="0" offset="157" sl="75" sc="9" el="75" ec="9" bec="0" bev="0" fileid="27" />
                <SequencePoint vc="42" uspid="33524" ordinal="0" offset="158" sl="76" sc="5" el="76" ec="5" bec="0" bev="0" fileid="27" />
              </SequencePoints>
              <BranchPoints />
            </Method>
          </Methods>
        </Class>
        <Class>
          <Summary numSequencePoints="1" visitedSequencePoints="1" numBranchPoints="0" visitedBranchPoints="0" sequenceCoverage="100.0" branchCoverage="0.0" maxCyclomaticComplexity="0" minCyclomaticComplexity="0" maxCrapScore="0" minCrapScore="0" visitedClasses="1" numClasses="1" visitedMethods="1" numMethods="1" />
          <FullName>EnemyAI</FullName>
          <Methods>
            <Method visited="true" cyclomaticComplexity="0" nPathComplexity="0" sequenceCoverage="100.0" branchCoverage="0" crapScore="0" isConstructor="true" isStatic="false" isGetter="false" isSetter="false">
              <Summary numSequencePoints="1" visitedSequencePoints="1" numBranchPoints="0" visitedBranchPoints="0" sequenceCoverage="100.0" branchCoverage="0" maxCyclomaticComplexity="0" minCyclomaticComplexity="0" maxCrapScore="0" minCrapScore="0" visitedClasses="0" numClasses="0" visitedMethods="1" numMethods="1" />
              <MetadataToken>100663435</MetadataToken>
              <Name>EnemyAI::EnemyAI()</Name>
              <FileRef uid="28" />
              <SequencePoints>
                <SequencePoint vc="3" uspid="33644" ordinal="0" offset="0" sl="8" sc="5" el="8" ec="5" bec="0" bev="0" fileid="28" />
              </SequencePoints>
              <BranchPoints />
            </Method>
          </Methods>
        </Class>
        <Class>
          <Summary numSequencePoints="16" visitedSequencePoints="13" numBranchPoints="0" visitedBranchPoints="0" sequenceCoverage="81.25" branchCoverage="0.0" maxCyclomaticComplexity="0" minCyclomaticComplexity="0" maxCrapScore="0" minCrapScore="0" visitedClasses="1" numClasses="1" visitedMethods="3" numMethods="3" />
          <FullName>FixSliderZero</FullName>
          <Methods>
            <Method visited="true" cyclomaticComplexity="0" nPathComplexity="0" sequenceCoverage="100.0" branchCoverage="0" crapScore="0" isConstructor="false" isStatic="false" isGetter="false" isSetter="false">
              <Summary numSequencePoints="3" visitedSequencePoints="3" numBranchPoints="0" visitedBranchPoints="0" sequenceCoverage="100.0" branchCoverage="0" maxCyclomaticComplexity="0" minCyclomaticComplexity="0" maxCrapScore="0" minCrapScore="0" visitedClasses="0" numClasses="0" visitedMethods="1" numMethods="1" />
              <MetadataToken>100663438</MetadataToken>
              <Name>System.Void FixSliderZero::Awake()</Name>
              <FileRef uid="29" />
              <SequencePoints>
                <SequencePoint vc="3" uspid="33645" ordinal="0" offset="0" sl="12" sc="5" el="12" ec="5" bec="0" bev="0" fileid="29" />
                <SequencePoint vc="3" uspid="33646" ordinal="0" offset="1" sl="13" sc="9" el="13" ec="9" bec="0" bev="0" fileid="29" />
                <SequencePoint vc="3" uspid="33647" ordinal="0" offset="13" sl="14" sc="5" el="14" ec="5" bec="0" bev="0" fileid="29" />
              </SequencePoints>
              <BranchPoints />
            </Method>
            <Method visited="true" cyclomaticComplexity="0" nPathComplexity="0" sequenceCoverage="100.0" branchCoverage="0" crapScore="0" isConstructor="false" isStatic="false" isGetter="false" isSetter="false">
              <Summary numSequencePoints="4" visitedSequencePoints="4" numBranchPoints="0" visitedBranchPoints="0" sequenceCoverage="100.0" branchCoverage="0" maxCyclomaticComplexity="0" minCyclomaticComplexity="0" maxCrapScore="0" minCrapScore="0" visitedClasses="0" numClasses="0" visitedMethods="1" numMethods="1" />
              <MetadataToken>100663439</MetadataToken>
              <Name>System.Void FixSliderZero::Start()</Name>
              <FileRef uid="29" />
              <SequencePoints>
                <SequencePoint vc="3" uspid="33648" ordinal="0" offset="0" sl="17" sc="5" el="17" ec="5" bec="0" bev="0" fileid="29" />
                <SequencePoint vc="3" uspid="33649" ordinal="0" offset="1" sl="19" sc="9" el="19" ec="9" bec="0" bev="0" fileid="29" />
                <SequencePoint vc="3" uspid="33650" ordinal="0" offset="30" sl="22" sc="9" el="22" ec="9" bec="0" bev="0" fileid="29" />
                <SequencePoint vc="3" uspid="33651" ordinal="0" offset="48" sl="23" sc="5" el="23" ec="5" bec="0" bev="0" fileid="29" />
              </SequencePoints>
              <BranchPoints />
            </Method>
            <Method visited="true" cyclomaticComplexity="0" nPathComplexity="0" sequenceCoverage="66.67" branchCoverage="0" crapScore="0" isConstructor="false" isStatic="false" isGetter="false" isSetter="false">
              <Summary numSequencePoints="9" visitedSequencePoints="6" numBranchPoints="0" visitedBranchPoints="0" sequenceCoverage="66.67" branchCoverage="0" maxCyclomaticComplexity="0" minCyclomaticComplexity="0" maxCrapScore="0" minCrapScore="0" visitedClasses="0" numClasses="0" visitedMethods="1" numMethods="1" />
              <MetadataToken>100663440</MetadataToken>
              <Name>System.Void FixSliderZero::KiemTraGiaTri(System.Single)</Name>
              <FileRef uid="29" />
              <SequencePoints>
                <SequencePoint vc="3" uspid="33652" ordinal="0" offset="0" sl="26" sc="5" el="26" ec="5" bec="0" bev="0" fileid="29" />
                <SequencePoint vc="3" uspid="33653" ordinal="0" offset="1" sl="28" sc="9" el="28" ec="9" bec="0" bev="0" fileid="29" />
                <SequencePoint vc="0" uspid="33654" ordinal="0" offset="22" sl="29" sc="9" el="29" ec="9" bec="0" bev="0" fileid="29" />
                <SequencePoint vc="0" uspid="33655" ordinal="0" offset="23" sl="30" sc="13" el="30" ec="13" bec="0" bev="0" fileid="29" />
                <SequencePoint vc="0" uspid="33656" ordinal="0" offset="36" sl="31" sc="9" el="31" ec="9" bec="0" bev="0" fileid="29" />
                <SequencePoint vc="3" uspid="33657" ordinal="0" offset="39" sl="33" sc="9" el="33" ec="9" bec="0" bev="0" fileid="29" />
                <SequencePoint vc="3" uspid="33658" ordinal="0" offset="40" sl="34" sc="13" el="34" ec="13" bec="0" bev="0" fileid="29" />
                <SequencePoint vc="3" uspid="33659" ordinal="0" offset="53" sl="35" sc="9" el="35" ec="9" bec="0" bev="0" fileid="29" />
                <SequencePoint vc="3" uspid="33660" ordinal="0" offset="54" sl="36" sc="5" el="36" ec="5" bec="0" bev="0" fileid="29" />
              </SequencePoints>
              <BranchPoints />
            </Method>
          </Methods>
        </Class>
        <Class>
          <Summary numSequencePoints="6" visitedSequencePoints="3" numBranchPoints="0" visitedBranchPoints="0" sequenceCoverage="50.00" branchCoverage="0.0" maxCyclomaticComplexity="0" minCyclomaticComplexity="0" maxCrapScore="0" minCrapScore="0" visitedClasses="1" numClasses="1" visitedMethods="1" numMethods="1" />
          <FullName>MoneyUI</FullName>
          <Methods>
            <Method visited="true" cyclomaticComplexity="0" nPathComplexity="0" sequenceCoverage="50.00" branchCoverage="0" crapScore="0" isConstructor="false" isStatic="false" isGetter="false" isSetter="false">
              <Summary numSequencePoints="6" visitedSequencePoints="3" numBranchPoints="0" visitedBranchPoints="0" sequenceCoverage="50.00" branchCoverage="0" maxCyclomaticComplexity="0" minCyclomaticComplexity="0" maxCrapScore="0" minCrapScore="0" visitedClasses="0" numClasses="0" visitedMethods="1" numMethods="1" />
              <MetadataToken>100663442</MetadataToken>
              <Name>System.Void MoneyUI::Update()</Name>
              <FileRef uid="30" />
              <SequencePoints>
                <SequencePoint vc="42" uspid="33661" ordinal="0" offset="0" sl="9" sc="5" el="9" ec="5" bec="0" bev="0" fileid="30" />
                <SequencePoint vc="42" uspid="33662" ordinal="0" offset="1" sl="11" sc="9" el="11" ec="9" bec="0" bev="0" fileid="30" />
                <SequencePoint vc="0" uspid="33663" ordinal="0" offset="16" sl="12" sc="9" el="12" ec="9" bec="0" bev="0" fileid="30" />
                <SequencePoint vc="0" uspid="33664" ordinal="0" offset="17" sl="14" sc="13" el="14" ec="13" bec="0" bev="0" fileid="30" />
                <SequencePoint vc="0" uspid="33665" ordinal="0" offset="57" sl="15" sc="9" el="15" ec="9" bec="0" bev="0" fileid="30" />
                <SequencePoint vc="42" uspid="33666" ordinal="0" offset="58" sl="16" sc="5" el="16" ec="5" bec="0" bev="0" fileid="30" />
              </SequencePoints>
              <BranchPoints />
            </Method>
          </Methods>
        </Class>
        <Class>
          <Summary numSequencePoints="6" visitedSequencePoints="6" numBranchPoints="0" visitedBranchPoints="0" sequenceCoverage="100.0" branchCoverage="0.0" maxCyclomaticComplexity="0" minCyclomaticComplexity="0" maxCrapScore="0" minCrapScore="0" visitedClasses="1" numClasses="1" visitedMethods="1" numMethods="1" />
          <FullName>TooltipManager</FullName>
          <Methods>
            <Method visited="true" cyclomaticComplexity="0" nPathComplexity="0" sequenceCoverage="100.0" branchCoverage="0" crapScore="0" isConstructor="false" isStatic="false" isGetter="false" isSetter="false">
              <Summary numSequencePoints="6" visitedSequencePoints="6" numBranchPoints="0" visitedBranchPoints="0" sequenceCoverage="100.0" branchCoverage="0" maxCyclomaticComplexity="0" minCyclomaticComplexity="0" maxCrapScore="0" minCrapScore="0" visitedClasses="0" numClasses="0" visitedMethods="1" numMethods="1" />
              <MetadataToken>100663448</MetadataToken>
              <Name>System.Void TooltipManager::Awake()</Name>
              <FileRef uid="33" />
              <SequencePoints>
                <SequencePoint vc="3" uspid="33683" ordinal="0" offset="0" sl="18" sc="5" el="18" ec="5" bec="0" bev="0" fileid="33" />
                <SequencePoint vc="3" uspid="33684" ordinal="0" offset="1" sl="19" sc="9" el="19" ec="9" bec="0" bev="0" fileid="33" />
                <SequencePoint vc="3" uspid="33685" ordinal="0" offset="16" sl="19" sc="31" el="19" ec="31" bec="0" bev="0" fileid="33" />
                <SequencePoint vc="3" uspid="33686" ordinal="0" offset="22" sl="20" sc="9" el="20" ec="9" bec="0" bev="0" fileid="33" />
                <SequencePoint vc="3" uspid="33687" ordinal="0" offset="34" sl="23" sc="9" el="23" ec="9" bec="0" bev="0" fileid="33" />
                <SequencePoint vc="3" uspid="33688" ordinal="0" offset="47" sl="24" sc="5" el="24" ec="5" bec="0" bev="0" fileid="33" />
              </SequencePoints>
              <BranchPoints />
            </Method>
          </Methods>
        </Class>
        <Class>
          <Summary numSequencePoints="101" visitedSequencePoints="14" numBranchPoints="0" visitedBranchPoints="0" sequenceCoverage="13.86" branchCoverage="0.0" maxCyclomaticComplexity="0" minCyclomaticComplexity="0" maxCrapScore="0" minCrapScore="0" visitedClasses="1" numClasses="1" visitedMethods="3" numMethods="3" />
          <FullName>Player_Controller</FullName>
          <Methods>
            <Method visited="true" cyclomaticComplexity="0" nPathComplexity="0" sequenceCoverage="3.95" branchCoverage="0" crapScore="0" isConstructor="false" isStatic="false" isGetter="false" isSetter="false">
              <Summary numSequencePoints="76" visitedSequencePoints="3" numBranchPoints="0" visitedBranchPoints="0" sequenceCoverage="3.95" branchCoverage="0" maxCyclomaticComplexity="0" minCyclomaticComplexity="0" maxCrapScore="0" minCrapScore="0" visitedClasses="0" numClasses="0" visitedMethods="1" numMethods="1" />
              <MetadataToken>100663487</MetadataToken>
              <Name>System.Void Player_Controller::Update()</Name>
              <FileRef uid="37" />
              <SequencePoints>
                <SequencePoint vc="42" uspid="33799" ordinal="0" offset="0" sl="132" sc="5" el="132" ec="5" bec="0" bev="0" fileid="37" />
                <SequencePoint vc="42" uspid="33800" ordinal="0" offset="1" sl="133" sc="9" el="133" ec="9" bec="0" bev="0" fileid="37" />
                <SequencePoint vc="0" uspid="33801" ordinal="0" offset="34" sl="134" sc="9" el="134" ec="9" bec="0" bev="0" fileid="37" />
                <SequencePoint vc="0" uspid="33802" ordinal="0" offset="35" sl="135" sc="13" el="135" ec="13" bec="0" bev="0" fileid="37" />
                <SequencePoint vc="0" uspid="33803" ordinal="0" offset="91" sl="138" sc="13" el="138" ec="13" bec="0" bev="0" fileid="37" />
                <SequencePoint vc="0" uspid="33804" ordinal="0" offset="104" sl="138" sc="54" el="138" ec="54" bec="0" bev="0" fileid="37" />
                <SequencePoint vc="0" uspid="33805" ordinal="0" offset="109" sl="140" sc="13" el="140" ec="13" bec="0" bev="0" fileid="37" />
                <SequencePoint vc="0" uspid="33806" ordinal="0" offset="136" sl="141" sc="13" el="141" ec="13" bec="0" bev="0" fileid="37" />
                <SequencePoint vc="0" uspid="33807" ordinal="0" offset="163" sl="142" sc="13" el="142" ec="13" bec="0" bev="0" fileid="37" />
                <SequencePoint vc="0" uspid="33808" ordinal="0" offset="191" sl="143" sc="13" el="143" ec="13" bec="0" bev="0" fileid="37" />
                <SequencePoint vc="0" uspid="33809" ordinal="0" offset="219" sl="144" sc="13" el="144" ec="13" bec="0" bev="0" fileid="37" />
                <SequencePoint vc="0" uspid="33810" ordinal="0" offset="247" sl="147" sc="13" el="147" ec="13" bec="0" bev="0" fileid="37" />
                <SequencePoint vc="0" uspid="33811" ordinal="0" offset="265" sl="148" sc="13" el="148" ec="13" bec="0" bev="0" fileid="37" />
                <SequencePoint vc="0" uspid="33812" ordinal="0" offset="266" sl="149" sc="17" el="149" ec="17" bec="0" bev="0" fileid="37" />
                <SequencePoint vc="0" uspid="33813" ordinal="0" offset="273" sl="150" sc="17" el="150" ec="17" bec="0" bev="0" fileid="37" />
                <SequencePoint vc="0" uspid="33814" ordinal="0" offset="280" sl="151" sc="13" el="151" ec="13" bec="0" bev="0" fileid="37" />
                <SequencePoint vc="0" uspid="33815" ordinal="0" offset="283" sl="153" sc="13" el="153" ec="13" bec="0" bev="0" fileid="37" />
                <SequencePoint vc="0" uspid="33816" ordinal="0" offset="284" sl="154" sc="17" el="154" ec="17" bec="0" bev="0" fileid="37" />
                <SequencePoint vc="0" uspid="33817" ordinal="0" offset="291" sl="155" sc="17" el="155" ec="17" bec="0" bev="0" fileid="37" />
                <SequencePoint vc="0" uspid="33818" ordinal="0" offset="298" sl="156" sc="17" el="156" ec="17" bec="0" bev="0" fileid="37" />
                <SequencePoint vc="0" uspid="33819" ordinal="0" offset="338" sl="157" sc="17" el="157" ec="17" bec="0" bev="0" fileid="37" />
                <SequencePoint vc="0" uspid="33820" ordinal="0" offset="378" sl="158" sc="17" el="158" ec="17" bec="0" bev="0" fileid="37" />
                <SequencePoint vc="0" uspid="33821" ordinal="0" offset="405" sl="159" sc="13" el="159" ec="13" bec="0" bev="0" fileid="37" />
                <SequencePoint vc="0" uspid="33822" ordinal="0" offset="406" sl="162" sc="13" el="162" ec="13" bec="0" bev="0" fileid="37" />
                <SequencePoint vc="0" uspid="33823" ordinal="0" offset="427" sl="163" sc="13" el="163" ec="13" bec="0" bev="0" fileid="37" />
                <SequencePoint vc="0" uspid="33824" ordinal="0" offset="428" sl="164" sc="17" el="164" ec="17" bec="0" bev="0" fileid="37" />
                <SequencePoint vc="0" uspid="33825" ordinal="0" offset="435" sl="165" sc="17" el="165" ec="17" bec="0" bev="0" fileid="37" />
                <SequencePoint vc="0" uspid="33826" ordinal="0" offset="452" sl="165" sc="43" el="165" ec="43" bec="0" bev="0" fileid="37" />
                <SequencePoint vc="0" uspid="33827" ordinal="0" offset="463" sl="166" sc="13" el="166" ec="13" bec="0" bev="0" fileid="37" />
                <SequencePoint vc="0" uspid="33828" ordinal="0" offset="464" sl="168" sc="13" el="168" ec="13" bec="0" bev="0" fileid="37" />
                <SequencePoint vc="0" uspid="33829" ordinal="0" offset="481" sl="169" sc="13" el="169" ec="13" bec="0" bev="0" fileid="37" />
                <SequencePoint vc="0" uspid="33830" ordinal="0" offset="482" sl="170" sc="17" el="170" ec="17" bec="0" bev="0" fileid="37" />
                <SequencePoint vc="0" uspid="33831" ordinal="0" offset="519" sl="171" sc="21" el="171" ec="21" bec="0" bev="0" fileid="37" />
                <SequencePoint vc="0" uspid="33832" ordinal="0" offset="537" sl="173" sc="17" el="173" ec="17" bec="0" bev="0" fileid="37" />
                <SequencePoint vc="0" uspid="33833" ordinal="0" offset="574" sl="174" sc="21" el="174" ec="21" bec="0" bev="0" fileid="37" />
                <SequencePoint vc="0" uspid="33834" ordinal="0" offset="585" sl="175" sc="13" el="175" ec="13" bec="0" bev="0" fileid="37" />
                <SequencePoint vc="0" uspid="33835" ordinal="0" offset="586" sl="178" sc="13" el="178" ec="13" bec="0" bev="0" fileid="37" />
                <SequencePoint vc="0" uspid="33836" ordinal="0" offset="603" sl="179" sc="13" el="179" ec="13" bec="0" bev="0" fileid="37" />
                <SequencePoint vc="0" uspid="33837" ordinal="0" offset="620" sl="180" sc="13" el="180" ec="13" bec="0" bev="0" fileid="37" />
                <SequencePoint vc="0" uspid="33838" ordinal="0" offset="637" sl="181" sc="13" el="181" ec="13" bec="0" bev="0" fileid="37" />
                <SequencePoint vc="0" uspid="33839" ordinal="0" offset="654" sl="183" sc="13" el="183" ec="13" bec="0" bev="0" fileid="37" />
                <SequencePoint vc="0" uspid="33840" ordinal="0" offset="674" sl="184" sc="13" el="184" ec="13" bec="0" bev="0" fileid="37" />
                <SequencePoint vc="0" uspid="33841" ordinal="0" offset="675" sl="186" sc="17" el="186" ec="17" bec="0" bev="0" fileid="37" />
                <SequencePoint vc="0" uspid="33842" ordinal="0" offset="683" sl="186" sc="31" el="186" ec="31" bec="0" bev="0" fileid="37" />
                <SequencePoint vc="0" uspid="33843" ordinal="0" offset="696" sl="187" sc="17" el="187" ec="17" bec="0" bev="0" fileid="37" />
                <SequencePoint vc="0" uspid="33844" ordinal="0" offset="704" sl="187" sc="31" el="187" ec="31" bec="0" bev="0" fileid="37" />
                <SequencePoint vc="0" uspid="33845" ordinal="0" offset="717" sl="188" sc="17" el="188" ec="17" bec="0" bev="0" fileid="37" />
                <SequencePoint vc="0" uspid="33846" ordinal="0" offset="725" sl="188" sc="31" el="188" ec="31" bec="0" bev="0" fileid="37" />
                <SequencePoint vc="0" uspid="33847" ordinal="0" offset="738" sl="189" sc="17" el="189" ec="17" bec="0" bev="0" fileid="37" />
                <SequencePoint vc="0" uspid="33848" ordinal="0" offset="746" sl="189" sc="31" el="189" ec="31" bec="0" bev="0" fileid="37" />
                <SequencePoint vc="0" uspid="33849" ordinal="0" offset="759" sl="190" sc="13" el="190" ec="13" bec="0" bev="0" fileid="37" />
                <SequencePoint vc="0" uspid="33850" ordinal="0" offset="762" sl="191" sc="18" el="191" ec="18" bec="0" bev="0" fileid="37" />
                <SequencePoint vc="0" uspid="33851" ordinal="0" offset="790" sl="192" sc="13" el="192" ec="13" bec="0" bev="0" fileid="37" />
                <SequencePoint vc="0" uspid="33852" ordinal="0" offset="791" sl="194" sc="17" el="194" ec="17" bec="0" bev="0" fileid="37" />
                <SequencePoint vc="0" uspid="33853" ordinal="0" offset="799" sl="194" sc="31" el="194" ec="31" bec="0" bev="0" fileid="37" />
                <SequencePoint vc="0" uspid="33854" ordinal="0" offset="807" sl="195" sc="17" el="195" ec="17" bec="0" bev="0" fileid="37" />
                <SequencePoint vc="0" uspid="33855" ordinal="0" offset="815" sl="195" sc="31" el="195" ec="31" bec="0" bev="0" fileid="37" />
                <SequencePoint vc="0" uspid="33856" ordinal="0" offset="823" sl="196" sc="17" el="196" ec="17" bec="0" bev="0" fileid="37" />
                <SequencePoint vc="0" uspid="33857" ordinal="0" offset="831" sl="196" sc="31" el="196" ec="31" bec="0" bev="0" fileid="37" />
                <SequencePoint vc="0" uspid="33858" ordinal="0" offset="839" sl="197" sc="17" el="197" ec="17" bec="0" bev="0" fileid="37" />
                <SequencePoint vc="0" uspid="33859" ordinal="0" offset="847" sl="197" sc="31" el="197" ec="31" bec="0" bev="0" fileid="37" />
                <SequencePoint vc="0" uspid="33860" ordinal="0" offset="855" sl="198" sc="13" el="198" ec="13" bec="0" bev="0" fileid="37" />
                <SequencePoint vc="0" uspid="33861" ordinal="0" offset="856" sl="201" sc="13" el="201" ec="13" bec="0" bev="0" fileid="37" />
                <SequencePoint vc="0" uspid="33862" ordinal="0" offset="877" sl="201" sc="60" el="201" ec="60" bec="0" bev="0" fileid="37" />
                <SequencePoint vc="0" uspid="33863" ordinal="0" offset="884" sl="202" sc="13" el="202" ec="13" bec="0" bev="0" fileid="37" />
                <SequencePoint vc="0" uspid="33864" ordinal="0" offset="905" sl="203" sc="13" el="203" ec="13" bec="0" bev="0" fileid="37" />
                <SequencePoint vc="0" uspid="33865" ordinal="0" offset="926" sl="203" sc="64" el="203" ec="64" bec="0" bev="0" fileid="37" />
                <SequencePoint vc="0" uspid="33866" ordinal="0" offset="933" sl="205" sc="13" el="205" ec="13" bec="0" bev="0" fileid="37" />
                <SequencePoint vc="0" uspid="33867" ordinal="0" offset="988" sl="206" sc="13" el="206" ec="13" bec="0" bev="0" fileid="37" />
                <SequencePoint vc="0" uspid="33868" ordinal="0" offset="1043" sl="207" sc="13" el="207" ec="13" bec="0" bev="0" fileid="37" />
                <SequencePoint vc="0" uspid="33869" ordinal="0" offset="1067" sl="209" sc="13" el="209" ec="13" bec="0" bev="0" fileid="37" />
                <SequencePoint vc="0" uspid="33870" ordinal="0" offset="1088" sl="209" sc="60" el="209" ec="60" bec="0" bev="0" fileid="37" />
                <SequencePoint vc="0" uspid="33871" ordinal="0" offset="1096" sl="210" sc="13" el="210" ec="13" bec="0" bev="0" fileid="37" />
                <SequencePoint vc="0" uspid="33872" ordinal="0" offset="1117" sl="210" sc="60" el="210" ec="60" bec="0" bev="0" fileid="37" />
                <SequencePoint vc="0" uspid="33873" ordinal="0" offset="1126" sl="211" sc="9" el="211" ec="9" bec="0" bev="0" fileid="37" />
                <SequencePoint vc="42" uspid="33874" ordinal="0" offset="1127" sl="212" sc="5" el="212" ec="5" bec="0" bev="0" fileid="37" />
              </SequencePoints>
              <BranchPoints />
            </Method>
            <Method visited="true" cyclomaticComplexity="0" nPathComplexity="0" sequenceCoverage="17.65" branchCoverage="0" crapScore="0" isConstructor="false" isStatic="false" isGetter="false" isSetter="false">
              <Summary numSequencePoints="17" visitedSequencePoints="3" numBranchPoints="0" visitedBranchPoints="0" sequenceCoverage="17.65" branchCoverage="0" maxCyclomaticComplexity="0" minCyclomaticComplexity="0" maxCrapScore="0" minCrapScore="0" visitedClasses="0" numClasses="0" visitedMethods="1" numMethods="1" />
              <MetadataToken>100663488</MetadataToken>
              <Name>System.Void Player_Controller::LateUpdate()</Name>
              <FileRef uid="37" />
              <SequencePoints>
                <SequencePoint vc="41" uspid="33875" ordinal="0" offset="0" sl="215" sc="5" el="215" ec="5" bec="0" bev="0" fileid="37" />
                <SequencePoint vc="41" uspid="33876" ordinal="0" offset="1" sl="216" sc="9" el="216" ec="9" bec="0" bev="0" fileid="37" />
                <SequencePoint vc="0" uspid="33877" ordinal="0" offset="31" sl="217" sc="9" el="217" ec="9" bec="0" bev="0" fileid="37" />
                <SequencePoint vc="0" uspid="33878" ordinal="0" offset="32" sl="218" sc="13" el="218" ec="13" bec="0" bev="0" fileid="37" />
                <SequencePoint vc="0" uspid="33879" ordinal="0" offset="55" sl="219" sc="13" el="219" ec="13" bec="0" bev="0" fileid="37" />
                <SequencePoint vc="0" uspid="33880" ordinal="0" offset="87" sl="220" sc="13" el="220" ec="13" bec="0" bev="0" fileid="37" />
                <SequencePoint vc="0" uspid="33881" ordinal="0" offset="104" sl="221" sc="13" el="221" ec="13" bec="0" bev="0" fileid="37" />
                <SequencePoint vc="0" uspid="33882" ordinal="0" offset="124" sl="223" sc="13" el="223" ec="13" bec="0" bev="0" fileid="37" />
                <SequencePoint vc="0" uspid="33883" ordinal="0" offset="156" sl="224" sc="13" el="224" ec="13" bec="0" bev="0" fileid="37" />
                <SequencePoint vc="0" uspid="33884" ordinal="0" offset="157" sl="225" sc="17" el="225" ec="17" bec="0" bev="0" fileid="37" />
                <SequencePoint vc="0" uspid="33885" ordinal="0" offset="198" sl="226" sc="13" el="226" ec="13" bec="0" bev="0" fileid="37" />
                <SequencePoint vc="0" uspid="33886" ordinal="0" offset="201" sl="228" sc="13" el="228" ec="13" bec="0" bev="0" fileid="37" />
                <SequencePoint vc="0" uspid="33887" ordinal="0" offset="202" sl="229" sc="17" el="229" ec="17" bec="0" bev="0" fileid="37" />
                <SequencePoint vc="0" uspid="33888" ordinal="0" offset="216" sl="230" sc="13" el="230" ec="13" bec="0" bev="0" fileid="37" />
                <SequencePoint vc="0" uspid="33889" ordinal="0" offset="217" sl="231" sc="13" el="231" ec="13" bec="0" bev="0" fileid="37" />
                <SequencePoint vc="0" uspid="33890" ordinal="0" offset="230" sl="232" sc="9" el="232" ec="9" bec="0" bev="0" fileid="37" />
                <SequencePoint vc="41" uspid="33891" ordinal="0" offset="231" sl="233" sc="5" el="233" ec="5" bec="0" bev="0" fileid="37" />
              </SequencePoints>
              <BranchPoints />
            </Method>
            <Method visited="true" cyclomaticComplexity="0" nPathComplexity="0" sequenceCoverage="100.0" branchCoverage="0" crapScore="0" isConstructor="true" isStatic="false" isGetter="false" isSetter="false">
              <Summary numSequencePoints="8" visitedSequencePoints="8" numBranchPoints="0" visitedBranchPoints="0" sequenceCoverage="100.0" branchCoverage="0" maxCyclomaticComplexity="0" minCyclomaticComplexity="0" maxCrapScore="0" minCrapScore="0" visitedClasses="0" numClasses="0" visitedMethods="1" numMethods="1" />
              <MetadataToken>100663527</MetadataToken>
              <Name>Player_Controller::Player_Controller()</Name>
              <FileRef uid="37" />
              <SequencePoints>
                <SequencePoint vc="9" uspid="34311" ordinal="0" offset="0" sl="34" sc="5" el="34" ec="5" bec="0" bev="0" fileid="37" />
                <SequencePoint vc="9" uspid="34312" ordinal="0" offset="11" sl="35" sc="5" el="35" ec="5" bec="0" bev="0" fileid="37" />
                <SequencePoint vc="9" uspid="34313" ordinal="0" offset="22" sl="46" sc="5" el="46" ec="5" bec="0" bev="0" fileid="37" />
                <SequencePoint vc="9" uspid="34314" ordinal="0" offset="33" sl="47" sc="5" el="47" ec="5" bec="0" bev="0" fileid="37" />
                <SequencePoint vc="9" uspid="34315" ordinal="0" offset="44" sl="48" sc="5" el="48" ec="5" bec="0" bev="0" fileid="37" />
                <SequencePoint vc="9" uspid="34316" ordinal="0" offset="55" sl="49" sc="5" el="49" ec="5" bec="0" bev="0" fileid="37" />
                <SequencePoint vc="9" uspid="34317" ordinal="0" offset="66" sl="54" sc="5" el="54" ec="5" bec="0" bev="0" fileid="37" />
                <SequencePoint vc="9" uspid="34318" ordinal="0" offset="77" sl="59" sc="5" el="59" ec="5" bec="0" bev="0" fileid="37" />
              </SequencePoints>
              <BranchPoints />
            </Method>
          </Methods>
        </Class>
        <Class>
          <Summary numSequencePoints="1" visitedSequencePoints="1" numBranchPoints="0" visitedBranchPoints="0" sequenceCoverage="100.0" branchCoverage="0.0" maxCyclomaticComplexity="0" minCyclomaticComplexity="0" maxCrapScore="0" minCrapScore="0" visitedClasses="1" numClasses="1" visitedMethods="1" numMethods="1" />
          <FullName>Player_QuestManager</FullName>
          <Methods>
            <Method visited="true" cyclomaticComplexity="0" nPathComplexity="0" sequenceCoverage="100.0" branchCoverage="0" crapScore="0" isConstructor="true" isStatic="false" isGetter="false" isSetter="false">
              <Summary numSequencePoints="1" visitedSequencePoints="1" numBranchPoints="0" visitedBranchPoints="0" sequenceCoverage="100.0" branchCoverage="0" maxCyclomaticComplexity="0" minCyclomaticComplexity="0" maxCrapScore="0" minCrapScore="0" visitedClasses="0" numClasses="0" visitedMethods="1" numMethods="1" />
              <MetadataToken>100663546</MetadataToken>
              <Name>Player_QuestManager::Player_QuestManager()</Name>
              <FileRef uid="38" />
              <SequencePoints>
                <SequencePoint vc="9" uspid="34385" ordinal="0" offset="0" sl="20" sc="5" el="20" ec="5" bec="0" bev="0" fileid="38" />
              </SequencePoints>
              <BranchPoints />
            </Method>
          </Methods>
        </Class>
        <Class>
          <Summary numSequencePoints="47" visitedSequencePoints="38" numBranchPoints="0" visitedBranchPoints="0" sequenceCoverage="80.85" branchCoverage="0.0" maxCyclomaticComplexity="0" minCyclomaticComplexity="0" maxCrapScore="0" minCrapScore="0" visitedClasses="1" numClasses="1" visitedMethods="6" numMethods="6" />
          <FullName>TimeController</FullName>
          <Methods>
            <Method visited="true" cyclomaticComplexity="0" nPathComplexity="0" sequenceCoverage="100.0" branchCoverage="0" crapScore="0" isConstructor="false" isStatic="false" isGetter="false" isSetter="false">
              <Summary numSequencePoints="5" visitedSequencePoints="5" numBranchPoints="0" visitedBranchPoints="0" sequenceCoverage="100.0" branchCoverage="0" maxCyclomaticComplexity="0" minCyclomaticComplexity="0" maxCrapScore="0" minCrapScore="0" visitedClasses="0" numClasses="0" visitedMethods="1" numMethods="1" />
              <MetadataToken>100663561</MetadataToken>
              <Name>System.Void TimeController::Start()</Name>
              <FileRef uid="42" />
              <SequencePoints>
                <SequencePoint vc="3" uspid="34429" ordinal="0" offset="0" sl="53" sc="5" el="53" ec="5" bec="0" bev="0" fileid="42" />
                <SequencePoint vc="3" uspid="34430" ordinal="0" offset="1" sl="54" sc="9" el="54" ec="9" bec="0" bev="0" fileid="42" />
                <SequencePoint vc="3" uspid="34431" ordinal="0" offset="37" sl="56" sc="9" el="56" ec="9" bec="0" bev="0" fileid="42" />
                <SequencePoint vc="3" uspid="34432" ordinal="0" offset="55" sl="57" sc="9" el="57" ec="9" bec="0" bev="0" fileid="42" />
                <SequencePoint vc="3" uspid="34433" ordinal="0" offset="73" sl="58" sc="5" el="58" ec="5" bec="0" bev="0" fileid="42" />
              </SequencePoints>
              <BranchPoints />
            </Method>
            <Method visited="true" cyclomaticComplexity="0" nPathComplexity="0" sequenceCoverage="100.0" branchCoverage="0" crapScore="0" isConstructor="false" isStatic="false" isGetter="false" isSetter="false">
              <Summary numSequencePoints="5" visitedSequencePoints="5" numBranchPoints="0" visitedBranchPoints="0" sequenceCoverage="100.0" branchCoverage="0" maxCyclomaticComplexity="0" minCyclomaticComplexity="0" maxCrapScore="0" minCrapScore="0" visitedClasses="0" numClasses="0" visitedMethods="1" numMethods="1" />
              <MetadataToken>100663562</MetadataToken>
              <Name>System.Void TimeController::Update()</Name>
              <FileRef uid="42" />
              <SequencePoints>
                <SequencePoint vc="42" uspid="34434" ordinal="0" offset="0" sl="62" sc="5" el="62" ec="5" bec="0" bev="0" fileid="42" />
                <SequencePoint vc="42" uspid="34435" ordinal="0" offset="1" sl="63" sc="9" el="63" ec="9" bec="0" bev="0" fileid="42" />
                <SequencePoint vc="42" uspid="34436" ordinal="0" offset="8" sl="64" sc="9" el="64" ec="9" bec="0" bev="0" fileid="42" />
                <SequencePoint vc="42" uspid="34437" ordinal="0" offset="15" sl="65" sc="9" el="65" ec="9" bec="0" bev="0" fileid="42" />
                <SequencePoint vc="42" uspid="34438" ordinal="0" offset="22" sl="66" sc="5" el="66" ec="5" bec="0" bev="0" fileid="42" />
              </SequencePoints>
              <BranchPoints />
            </Method>
            <Method visited="true" cyclomaticComplexity="0" nPathComplexity="0" sequenceCoverage="100.0" branchCoverage="0" crapScore="0" isConstructor="false" isStatic="false" isGetter="false" isSetter="false">
              <Summary numSequencePoints="7" visitedSequencePoints="7" numBranchPoints="0" visitedBranchPoints="0" sequenceCoverage="100.0" branchCoverage="0" maxCyclomaticComplexity="0" minCyclomaticComplexity="0" maxCrapScore="0" minCrapScore="0" visitedClasses="0" numClasses="0" visitedMethods="1" numMethods="1" />
              <MetadataToken>100663563</MetadataToken>
              <Name>System.Void TimeController::UpdateTimeOfDay()</Name>
              <FileRef uid="42" />
              <SequencePoints>
                <SequencePoint vc="42" uspid="34439" ordinal="0" offset="0" sl="69" sc="5" el="69" ec="5" bec="0" bev="0" fileid="42" />
                <SequencePoint vc="42" uspid="34440" ordinal="0" offset="1" sl="70" sc="9" el="70" ec="9" bec="0" bev="0" fileid="42" />
                <SequencePoint vc="42" uspid="34441" ordinal="0" offset="31" sl="72" sc="9" el="72" ec="9" bec="0" bev="0" fileid="42" />
                <SequencePoint vc="42" uspid="34442" ordinal="0" offset="47" sl="73" sc="9" el="73" ec="9" bec="0" bev="0" fileid="42" />
                <SequencePoint vc="42" uspid="34443" ordinal="0" offset="48" sl="74" sc="13" el="74" ec="13" bec="0" bev="0" fileid="42" />
                <SequencePoint vc="42" uspid="34444" ordinal="0" offset="76" sl="75" sc="9" el="75" ec="9" bec="0" bev="0" fileid="42" />
                <SequencePoint vc="42" uspid="34445" ordinal="0" offset="77" sl="76" sc="5" el="76" ec="5" bec="0" bev="0" fileid="42" />
              </SequencePoints>
              <BranchPoints />
            </Method>
            <Method visited="true" cyclomaticComplexity="0" nPathComplexity="0" sequenceCoverage="62.50" branchCoverage="0" crapScore="0" isConstructor="false" isStatic="false" isGetter="false" isSetter="false">
              <Summary numSequencePoints="16" visitedSequencePoints="10" numBranchPoints="0" visitedBranchPoints="0" sequenceCoverage="62.50" branchCoverage="0" maxCyclomaticComplexity="0" minCyclomaticComplexity="0" maxCrapScore="0" minCrapScore="0" visitedClasses="0" numClasses="0" visitedMethods="1" numMethods="1" />
              <MetadataToken>100663564</MetadataToken>
              <Name>System.Void TimeController::RotateSun()</Name>
              <FileRef uid="42" />
              <SequencePoints>
                <SequencePoint vc="42" uspid="34446" ordinal="0" offset="0" sl="79" sc="5" el="79" ec="5" bec="0" bev="0" fileid="42" />
                <SequencePoint vc="42" uspid="34447" ordinal="0" offset="1" sl="82" sc="9" el="82" ec="9" bec="0" bev="0" fileid="42" />
                <SequencePoint vc="42" uspid="34448" ordinal="0" offset="54" sl="83" sc="9" el="83" ec="9" bec="0" bev="0" fileid="42" />
                <SequencePoint vc="42" uspid="34449" ordinal="0" offset="55" sl="84" sc="13" el="84" ec="13" bec="0" bev="0" fileid="42" />
                <SequencePoint vc="42" uspid="34450" ordinal="0" offset="74" sl="85" sc="13" el="85" ec="13" bec="0" bev="0" fileid="42" />
                <SequencePoint vc="42" uspid="34451" ordinal="0" offset="98" sl="87" sc="13" el="87" ec="13" bec="0" bev="0" fileid="42" />
                <SequencePoint vc="42" uspid="34452" ordinal="0" offset="115" sl="89" sc="13" el="89" ec="13" bec="0" bev="0" fileid="42" />
                <SequencePoint vc="42" uspid="34453" ordinal="0" offset="134" sl="90" sc="9" el="90" ec="9" bec="0" bev="0" fileid="42" />
                <SequencePoint vc="0" uspid="34454" ordinal="0" offset="137" sl="92" sc="9" el="92" ec="9" bec="0" bev="0" fileid="42" />
                <SequencePoint vc="0" uspid="34455" ordinal="0" offset="138" sl="93" sc="13" el="93" ec="13" bec="0" bev="0" fileid="42" />
                <SequencePoint vc="0" uspid="34456" ordinal="0" offset="158" sl="94" sc="13" el="94" ec="13" bec="0" bev="0" fileid="42" />
                <SequencePoint vc="0" uspid="34457" ordinal="0" offset="183" sl="96" sc="13" el="96" ec="13" bec="0" bev="0" fileid="42" />
                <SequencePoint vc="0" uspid="34458" ordinal="0" offset="200" sl="98" sc="13" el="98" ec="13" bec="0" bev="0" fileid="42" />
                <SequencePoint vc="0" uspid="34459" ordinal="0" offset="219" sl="99" sc="9" el="99" ec="9" bec="0" bev="0" fileid="42" />
                <SequencePoint vc="42" uspid="34460" ordinal="0" offset="220" sl="101" sc="9" el="101" ec="9" bec="0" bev="0" fileid="42" />
                <SequencePoint vc="42" uspid="34461" ordinal="0" offset="248" sl="102" sc="5" el="102" ec="5" bec="0" bev="0" fileid="42" />
              </SequencePoints>
              <BranchPoints />
            </Method>
            <Method visited="true" cyclomaticComplexity="0" nPathComplexity="0" sequenceCoverage="100.0" branchCoverage="0" crapScore="0" isConstructor="false" isStatic="false" isGetter="false" isSetter="false">
              <Summary numSequencePoints="6" visitedSequencePoints="6" numBranchPoints="0" visitedBranchPoints="0" sequenceCoverage="100.0" branchCoverage="0" maxCyclomaticComplexity="0" minCyclomaticComplexity="0" maxCrapScore="0" minCrapScore="0" visitedClasses="0" numClasses="0" visitedMethods="1" numMethods="1" />
              <MetadataToken>100663565</MetadataToken>
              <Name>System.Void TimeController::UpdateLightSettings()</Name>
              <FileRef uid="42" />
              <SequencePoints>
                <SequencePoint vc="42" uspid="34462" ordinal="0" offset="0" sl="105" sc="5" el="105" ec="5" bec="0" bev="0" fileid="42" />
                <SequencePoint vc="42" uspid="34463" ordinal="0" offset="1" sl="106" sc="9" el="106" ec="9" bec="0" bev="0" fileid="42" />
                <SequencePoint vc="42" uspid="34464" ordinal="0" offset="28" sl="107" sc="9" el="107" ec="9" bec="0" bev="0" fileid="42" />
                <SequencePoint vc="42" uspid="34465" ordinal="0" offset="68" sl="108" sc="9" el="108" ec="9" bec="0" bev="0" fileid="42" />
                <SequencePoint vc="42" uspid="34466" ordinal="0" offset="108" sl="109" sc="9" el="109" ec="9" bec="0" bev="0" fileid="42" />
                <SequencePoint vc="42" uspid="34467" ordinal="0" offset="143" sl="110" sc="5" el="110" ec="5" bec="0" bev="0" fileid="42" />
              </SequencePoints>
              <BranchPoints />
            </Method>
            <Method visited="true" cyclomaticComplexity="0" nPathComplexity="0" sequenceCoverage="62.50" branchCoverage="0" crapScore="0" isConstructor="false" isStatic="false" isGetter="false" isSetter="false">
              <Summary numSequencePoints="8" visitedSequencePoints="5" numBranchPoints="0" visitedBranchPoints="0" sequenceCoverage="62.50" branchCoverage="0" maxCyclomaticComplexity="0" minCyclomaticComplexity="0" maxCrapScore="0" minCrapScore="0" visitedClasses="0" numClasses="0" visitedMethods="1" numMethods="1" />
              <MetadataToken>100663566</MetadataToken>
              <Name>System.TimeSpan TimeController::CalculateTimeDifference(System.TimeSpan, System.TimeSpan)</Name>
              <FileRef uid="42" />
              <SequencePoints>
                <SequencePoint vc="84" uspid="34468" ordinal="0" offset="0" sl="113" sc="5" el="113" ec="5" bec="0" bev="0" fileid="42" />
                <SequencePoint vc="84" uspid="34469" ordinal="0" offset="1" sl="114" sc="9" el="114" ec="9" bec="0" bev="0" fileid="42" />
                <SequencePoint vc="84" uspid="34470" ordinal="0" offset="9" sl="116" sc="9" el="116" ec="9" bec="0" bev="0" fileid="42" />
                <SequencePoint vc="0" uspid="34471" ordinal="0" offset="31" sl="117" sc="9" el="117" ec="9" bec="0" bev="0" fileid="42" />
                <SequencePoint vc="0" uspid="34472" ordinal="0" offset="32" sl="118" sc="13" el="118" ec="13" bec="0" bev="0" fileid="42" />
                <SequencePoint vc="0" uspid="34473" ordinal="0" offset="53" sl="119" sc="9" el="119" ec="9" bec="0" bev="0" fileid="42" />
                <SequencePoint vc="84" uspid="34474" ordinal="0" offset="54" sl="121" sc="9" el="121" ec="9" bec="0" bev="0" fileid="42" />
[...]
              <FileRef uid="160" />
              <SequencePoints>
                <SequencePoint vc="0" uspid="58846" ordinal="0" offset="0" sl="6190" sc="0" el="6190" ec="0" bec="0" bev="0" fileid="160" />
                <SequencePoint vc="0" uspid="58847" ordinal="0" offset="1" sl="6191" sc="0" el="6191" ec="0" bec="0" bev="0" fileid="160" />
                <SequencePoint vc="0" uspid="58848" ordinal="0" offset="13" sl="6192" sc="0" el="6192" ec="0" bec="0" bev="0" fileid="160" />
                <SequencePoint vc="0" uspid="58849" ordinal="0" offset="25" sl="6193" sc="0" el="6193" ec="0" bec="0" bev="0" fileid="160" />
                <SequencePoint vc="0" uspid="58850" ordinal="0" offset="33" sl="6194" sc="0" el="6194" ec="0" bec="0" bev="0" fileid="160" />
                <SequencePoint vc="0" uspid="58851" ordinal="0" offset="41" sl="6195" sc="0" el="6195" ec="0" bec="0" bev="0" fileid="160" />
                <SequencePoint vc="0" uspid="58852" ordinal="0" offset="45" sl="6196" sc="0" el="6196" ec="0" bec="0" bev="0" fileid="160" />
              </SequencePoints>
              <BranchPoints />
            </Method>
            <Method visited="false" cyclomaticComplexity="0" nPathComplexity="0" sequenceCoverage="0.0" branchCoverage="0" crapScore="0" isConstructor="false" isStatic="true" isGetter="false" isSetter="false">
              <Summary numSequencePoints="11" visitedSequencePoints="0" numBranchPoints="0" visitedBranchPoints="0" sequenceCoverage="0.0" branchCoverage="0" maxCyclomaticComplexity="0" minCyclomaticComplexity="0" maxCrapScore="0" minCrapScore="0" visitedClasses="0" numClasses="0" visitedMethods="0" numMethods="1" />
              <MetadataToken>100663687</MetadataToken>
              <Name>static Mono.Cecil.MethodReference Fusion.CodeGen.MonoCecilExtensions::ImportMethod[TResult](Mono.Cecil.ModuleDefinition, System.Linq.Expressions.Expression[Func`1], Mono.Cecil.TypeReference)</Name>
              <FileRef uid="160" />
              <SequencePoints>
                <SequencePoint vc="0" uspid="58853" ordinal="0" offset="0" sl="6198" sc="0" el="6198" ec="0" bec="0" bev="0" fileid="160" />
                <SequencePoint vc="0" uspid="58854" ordinal="0" offset="1" sl="6200" sc="0" el="6200" ec="0" bec="0" bev="0" fileid="160" />
                <SequencePoint vc="0" uspid="58855" ordinal="0" offset="39" sl="6202" sc="0" el="6202" ec="0" bec="0" bev="0" fileid="160" />
                <SequencePoint vc="0" uspid="58856" ordinal="0" offset="46" sl="6203" sc="0" el="6203" ec="0" bec="0" bev="0" fileid="160" />
                <SequencePoint vc="0" uspid="58857" ordinal="0" offset="50" sl="6205" sc="0" el="6205" ec="0" bec="0" bev="0" fileid="160" />
                <SequencePoint vc="0" uspid="58858" ordinal="0" offset="57" sl="6206" sc="0" el="6206" ec="0" bec="0" bev="0" fileid="160" />
                <SequencePoint vc="0" uspid="58859" ordinal="0" offset="59" sl="6208" sc="0" el="6208" ec="0" bec="0" bev="0" fileid="160" />
                <SequencePoint vc="0" uspid="58860" ordinal="0" offset="86" sl="6211" sc="0" el="6211" ec="0" bec="0" bev="0" fileid="160" />
                <SequencePoint vc="0" uspid="58861" ordinal="0" offset="94" sl="6212" sc="0" el="6212" ec="0" bec="0" bev="0" fileid="160" />
                <SequencePoint vc="0" uspid="58862" ordinal="0" offset="102" sl="6213" sc="0" el="6213" ec="0" bec="0" bev="0" fileid="160" />
                <SequencePoint vc="0" uspid="58863" ordinal="0" offset="107" sl="6214" sc="0" el="6214" ec="0" bec="0" bev="0" fileid="160" />
              </SequencePoints>
              <BranchPoints />
            </Method>
            <Method visited="false" cyclomaticComplexity="0" nPathComplexity="0" sequenceCoverage="0.0" branchCoverage="0" crapScore="0" isConstructor="false" isStatic="true" isGetter="false" isSetter="false">
              <Summary numSequencePoints="6" visitedSequencePoints="0" numBranchPoints="0" visitedBranchPoints="0" sequenceCoverage="0.0" branchCoverage="0" maxCyclomaticComplexity="0" minCyclomaticComplexity="0" maxCrapScore="0" minCrapScore="0" visitedClasses="0" numClasses="0" visitedMethods="0" numMethods="1" />
              <MetadataToken>100663688</MetadataToken>
              <Name>static Mono.Cecil.MethodReference Fusion.CodeGen.MonoCecilExtensions::ImportMethod[T, TResult](Mono.Cecil.ModuleDefinition, System.Linq.Expressions.Expression[Func`2], Mono.Cecil.TypeReference)</Name>
              <FileRef uid="160" />
              <SequencePoints>
                <SequencePoint vc="0" uspid="58864" ordinal="0" offset="0" sl="6216" sc="0" el="6216" ec="0" bec="0" bev="0" fileid="160" />
                <SequencePoint vc="0" uspid="58865" ordinal="0" offset="1" sl="6217" sc="0" el="6217" ec="0" bec="0" bev="0" fileid="160" />
                <SequencePoint vc="0" uspid="58866" ordinal="0" offset="13" sl="6218" sc="0" el="6218" ec="0" bec="0" bev="0" fileid="160" />
                <SequencePoint vc="0" uspid="58867" ordinal="0" offset="26" sl="6219" sc="0" el="6219" ec="0" bec="0" bev="0" fileid="160" />
                <SequencePoint vc="0" uspid="58868" ordinal="0" offset="34" sl="6220" sc="0" el="6220" ec="0" bec="0" bev="0" fileid="160" />
                <SequencePoint vc="0" uspid="58869" ordinal="0" offset="38" sl="6221" sc="0" el="6221" ec="0" bec="0" bev="0" fileid="160" />
              </SequencePoints>
              <BranchPoints />
            </Method>
            <Method visited="false" cyclomaticComplexity="0" nPathComplexity="0" sequenceCoverage="0.0" branchCoverage="0" crapScore="0" isConstructor="false" isStatic="true" isGetter="false" isSetter="false">
              <Summary numSequencePoints="6" visitedSequencePoints="0" numBranchPoints="0" visitedBranchPoints="0" sequenceCoverage="0.0" branchCoverage="0" maxCyclomaticComplexity="0" minCyclomaticComplexity="0" maxCrapScore="0" minCrapScore="0" visitedClasses="0" numClasses="0" visitedMethods="0" numMethods="1" />
              <MetadataToken>100663689</MetadataToken>
              <Name>static Mono.Cecil.MethodReference Fusion.CodeGen.MonoCecilExtensions::ImportMethod[T](Mono.Cecil.ModuleDefinition, System.Linq.Expressions.Expression[Action`1], Mono.Cecil.TypeReference)</Name>
              <FileRef uid="160" />
              <SequencePoints>
                <SequencePoint vc="0" uspid="58870" ordinal="0" offset="0" sl="6223" sc="0" el="6223" ec="0" bec="0" bev="0" fileid="160" />
                <SequencePoint vc="0" uspid="58871" ordinal="0" offset="1" sl="6224" sc="0" el="6224" ec="0" bec="0" bev="0" fileid="160" />
                <SequencePoint vc="0" uspid="58872" ordinal="0" offset="13" sl="6225" sc="0" el="6225" ec="0" bec="0" bev="0" fileid="160" />
                <SequencePoint vc="0" uspid="58873" ordinal="0" offset="26" sl="6226" sc="0" el="6226" ec="0" bec="0" bev="0" fileid="160" />
                <SequencePoint vc="0" uspid="58874" ordinal="0" offset="34" sl="6227" sc="0" el="6227" ec="0" bec="0" bev="0" fileid="160" />
                <SequencePoint vc="0" uspid="58875" ordinal="0" offset="38" sl="6228" sc="0" el="6228" ec="0" bec="0" bev="0" fileid="160" />
              </SequencePoints>
              <BranchPoints />
            </Method>
            <Method visited="false" cyclomaticComplexity="0" nPathComplexity="0" sequenceCoverage="0.0" branchCoverage="0" crapScore="0" isConstructor="false" isStatic="true" isGetter="false" isSetter="false">
              <Summary numSequencePoints="3" visitedSequencePoints="0" numBranchPoints="0" visitedBranchPoints="0" sequenceCoverage="0.0" branchCoverage="0" maxCyclomaticComplexity="0" minCyclomaticComplexity="0" maxCrapScore="0" minCrapScore="0" visitedClasses="0" numClasses="0" visitedMethods="0" numMethods="1" />
              <MetadataToken>100663692</MetadataToken>
              <Name>static Mono.Cecil.TypeReference Fusion.CodeGen.MonoCecilExtensions::ImportType[T](Mono.Cecil.ModuleDefinition)</Name>
              <FileRef uid="160" />
              <SequencePoints>
                <SequencePoint vc="0" uspid="58913" ordinal="0" offset="0" sl="6269" sc="0" el="6269" ec="0" bec="0" bev="0" fileid="160" />
                <SequencePoint vc="0" uspid="58914" ordinal="0" offset="1" sl="6270" sc="0" el="6270" ec="0" bec="0" bev="0" fileid="160" />
                <SequencePoint vc="0" uspid="58915" ordinal="0" offset="20" sl="6271" sc="0" el="6271" ec="0" bec="0" bev="0" fileid="160" />
              </SequencePoints>
              <BranchPoints />
            </Method>
          </Methods>
        </Class>
        <Class>
          <Summary numSequencePoints="18" visitedSequencePoints="0" numBranchPoints="0" visitedBranchPoints="0" sequenceCoverage="0.0" branchCoverage="0.0" maxCyclomaticComplexity="0" minCyclomaticComplexity="0" maxCrapScore="0" minCrapScore="0" visitedClasses="0" numClasses="1" visitedMethods="0" numMethods="3" />
          <FullName>Fusion.CodeGen.NetworkTypeInfoRegistry</FullName>
          <Methods>
            <Method visited="false" cyclomaticComplexity="0" nPathComplexity="0" sequenceCoverage="0.0" branchCoverage="0" crapScore="0" isConstructor="false" isStatic="false" isGetter="false" isSetter="false">
              <Summary numSequencePoints="1" visitedSequencePoints="0" numBranchPoints="0" visitedBranchPoints="0" sequenceCoverage="0.0" branchCoverage="0" maxCyclomaticComplexity="0" minCyclomaticComplexity="0" maxCrapScore="0" minCrapScore="0" visitedClasses="0" numClasses="0" visitedMethods="0" numMethods="1" />
              <MetadataToken>100663729</MetadataToken>
              <Name>Fusion.CodeGen.NetworkTypeInfo Fusion.CodeGen.NetworkTypeInfoRegistry::GetInfo[T]()</Name>
              <FileRef uid="160" />
              <SequencePoints>
                <SequencePoint vc="0" uspid="59160" ordinal="0" offset="0" sl="6659" sc="0" el="6659" ec="0" bec="0" bev="0" fileid="160" />
              </SequencePoints>
              <BranchPoints />
            </Method>
            <Method visited="false" cyclomaticComplexity="0" nPathComplexity="0" sequenceCoverage="0.0" branchCoverage="0" crapScore="0" isConstructor="false" isStatic="false" isGetter="false" isSetter="false">
              <Summary numSequencePoints="14" visitedSequencePoints="0" numBranchPoints="0" visitedBranchPoints="0" sequenceCoverage="0.0" branchCoverage="0" maxCyclomaticComplexity="0" minCyclomaticComplexity="0" maxCrapScore="0" minCrapScore="0" visitedClasses="0" numClasses="0" visitedMethods="0" numMethods="1" />
              <MetadataToken>100663741</MetadataToken>
              <Name>System.Void Fusion.CodeGen.NetworkTypeInfoRegistry::AddBuiltInType[T](Mono.Cecil.MethodReference, Mono.Cecil.MethodReference, System.Boolean)</Name>
              <FileRef uid="160" />
              <SequencePoints>
                <SequencePoint vc="0" uspid="59324" ordinal="0" offset="20" sl="7070" sc="0" el="7070" ec="0" bec="0" bev="0" fileid="160" />
                <SequencePoint vc="0" uspid="59325" ordinal="0" offset="21" sl="7072" sc="0" el="7072" ec="0" bec="0" bev="0" fileid="160" />
                <SequencePoint vc="0" uspid="59326" ordinal="0" offset="43" sl="7074" sc="0" el="7074" ec="0" bec="0" bev="0" fileid="160" />
                <SequencePoint vc="0" uspid="59327" ordinal="0" offset="50" sl="7075" sc="0" el="7075" ec="0" bec="0" bev="0" fileid="160" />
                <SequencePoint vc="0" uspid="59328" ordinal="0" offset="65" sl="7077" sc="0" el="7077" ec="0" bec="0" bev="0" fileid="160" />
                <SequencePoint vc="0" uspid="59329" ordinal="0" offset="78" sl="7077" sc="0" el="7077" ec="0" bec="0" bev="0" fileid="160" />
                <SequencePoint vc="0" uspid="59330" ordinal="0" offset="79" sl="7078" sc="0" el="7078" ec="0" bec="0" bev="0" fileid="160" />
                <SequencePoint vc="0" uspid="59331" ordinal="0" offset="102" sl="7079" sc="0" el="7079" ec="0" bec="0" bev="0" fileid="160" />
                <SequencePoint vc="0" uspid="59332" ordinal="0" offset="103" sl="7080" sc="0" el="7080" ec="0" bec="0" bev="0" fileid="160" />
                <SequencePoint vc="0" uspid="59333" ordinal="0" offset="118" sl="7080" sc="0" el="7080" ec="0" bec="0" bev="0" fileid="160" />
                <SequencePoint vc="0" uspid="59334" ordinal="0" offset="119" sl="7081" sc="0" el="7081" ec="0" bec="0" bev="0" fileid="160" />
                <SequencePoint vc="0" uspid="59335" ordinal="0" offset="142" sl="7082" sc="0" el="7082" ec="0" bec="0" bev="0" fileid="160" />
                <SequencePoint vc="0" uspid="59336" ordinal="0" offset="143" sl="7084" sc="0" el="7084" ec="0" bec="0" bev="0" fileid="160" />
                <SequencePoint vc="0" uspid="59337" ordinal="0" offset="225" sl="7098" sc="0" el="7098" ec="0" bec="0" bev="0" fileid="160" />
              </SequencePoints>
              <BranchPoints />
            </Method>
            <Method visited="false" cyclomaticComplexity="0" nPathComplexity="0" sequenceCoverage="0.0" branchCoverage="0" crapScore="0" isConstructor="false" isStatic="false" isGetter="false" isSetter="false">
              <Summary numSequencePoints="3" visitedSequencePoints="0" numBranchPoints="0" visitedBranchPoints="0" sequenceCoverage="0.0" branchCoverage="0" maxCyclomaticComplexity="0" minCyclomaticComplexity="0" maxCrapScore="0" minCrapScore="0" visitedClasses="0" numClasses="0" visitedMethods="0" numMethods="1" />
              <MetadataToken>100663742</MetadataToken>
              <Name>System.Void Fusion.CodeGen.NetworkTypeInfoRegistry::AddUnityType[T]()</Name>
              <FileRef uid="160" />
              <SequencePoints>
                <SequencePoint vc="0" uspid="59338" ordinal="0" offset="0" sl="7101" sc="0" el="7101" ec="0" bec="0" bev="0" fileid="160" />
                <SequencePoint vc="0" uspid="59339" ordinal="0" offset="1" sl="7102" sc="0" el="7102" ec="0" bec="0" bev="0" fileid="160" />
                <SequencePoint vc="0" uspid="59340" ordinal="0" offset="44" sl="7103" sc="0" el="7103" ec="0" bec="0" bev="0" fileid="160" />
              </SequencePoints>
              <BranchPoints />
            </Method>
          </Methods>
        </Class>
        <Class>
          <Summary numSequencePoints="1" visitedSequencePoints="0" numBranchPoints="0" visitedBranchPoints="0" sequenceCoverage="0.0" branchCoverage="0.0" maxCyclomaticComplexity="0" minCyclomaticComplexity="0" maxCrapScore="0" minCrapScore="0" visitedClasses="0" numClasses="1" visitedMethods="0" numMethods="1" />
          <FullName>Fusion.CodeGen.MonoCecilExtensions&lt;&gt;c__DisplayClass11_0[T]</FullName>
          <Methods>
            <Method visited="false" cyclomaticComplexity="0" nPathComplexity="0" sequenceCoverage="0.0" branchCoverage="0" crapScore="0" isConstructor="false" isStatic="false" isGetter="false" isSetter="false">
              <Summary numSequencePoints="1" visitedSequencePoints="0" numBranchPoints="0" visitedBranchPoints="0" sequenceCoverage="0.0" branchCoverage="0" maxCyclomaticComplexity="0" minCyclomaticComplexity="0" maxCrapScore="0" minCrapScore="0" visitedClasses="0" numClasses="0" visitedMethods="0" numMethods="1" />
              <MetadataToken>100663891</MetadataToken>
              <Name>System.Boolean Fusion.CodeGen.MonoCecilExtensions&lt;&gt;c__DisplayClass11_0[T]::&lt;TryGetAttributeProperty&gt;b__0(Mono.Cecil.CustomAttributeNamedArgument)</Name>
              <FileRef uid="160" />
              <SequencePoints>
                <SequencePoint vc="0" uspid="59845" ordinal="0" offset="0" sl="6050" sc="0" el="6050" ec="0" bec="0" bev="0" fileid="160" />
              </SequencePoints>
              <BranchPoints />
            </Method>
          </Methods>
        </Class>
        <Class>
          <Summary numSequencePoints="11" visitedSequencePoints="0" numBranchPoints="0" visitedBranchPoints="0" sequenceCoverage="0.0" branchCoverage="0.0" maxCyclomaticComplexity="0" minCyclomaticComplexity="0" maxCrapScore="0" minCrapScore="0" visitedClasses="0" numClasses="1" visitedMethods="0" numMethods="2" />
          <FullName>Fusion.CodeGen.NetworkTypeInfoRegistry&lt;&gt;c__DisplayClass31_0[T]</FullName>
          <Methods>
            <Method visited="false" cyclomaticComplexity="0" nPathComplexity="0" sequenceCoverage="0.0" branchCoverage="0" crapScore="0" isConstructor="false" isStatic="false" isGetter="false" isSetter="false">
              <Summary numSequencePoints="5" visitedSequencePoints="0" numBranchPoints="0" visitedBranchPoints="0" sequenceCoverage="0.0" branchCoverage="0" maxCyclomaticComplexity="0" minCyclomaticComplexity="0" maxCrapScore="0" minCrapScore="0" visitedClasses="0" numClasses="0" visitedMethods="0" numMethods="1" />
              <MetadataToken>100663969</MetadataToken>
              <Name>System.Void Fusion.CodeGen.NetworkTypeInfoRegistry&lt;&gt;c__DisplayClass31_0[T]::&lt;AddBuiltInType&gt;b__0(Mono.Cecil.ICustomAttributeProvider, Mono.Cecil.Cil.ILProcessor, Fusion.CodeGen.MethodContext)</Name>
              <FileRef uid="160" />
              <SequencePoints>
                <SequencePoint vc="0" uspid="60040" ordinal="0" offset="0" sl="7085" sc="0" el="7085" ec="0" bec="0" bev="0" fileid="160" />
                <SequencePoint vc="0" uspid="60041" ordinal="0" offset="1" sl="7086" sc="0" el="7086" ec="0" bec="0" bev="0" fileid="160" />
                <SequencePoint vc="0" uspid="60042" ordinal="0" offset="17" sl="7087" sc="0" el="7087" ec="0" bec="0" bev="0" fileid="160" />
                <SequencePoint vc="0" uspid="60043" ordinal="0" offset="35" sl="7088" sc="0" el="7088" ec="0" bec="0" bev="0" fileid="160" />
                <SequencePoint vc="0" uspid="60044" ordinal="0" offset="57" sl="7089" sc="0" el="7089" ec="0" bec="0" bev="0" fileid="160" />
              </SequencePoints>
              <BranchPoints />
            </Method>
            <Method visited="false" cyclomaticComplexity="0" nPathComplexity="0" sequenceCoverage="0.0" branchCoverage="0" crapScore="0" isConstructor="false" isStatic="false" isGetter="false" isSetter="false">
              <Summary numSequencePoints="6" visitedSequencePoints="0" numBranchPoints="0" visitedBranchPoints="0" sequenceCoverage="0.0" branchCoverage="0" maxCyclomaticComplexity="0" minCyclomaticComplexity="0" maxCrapScore="0" minCrapScore="0" visitedClasses="0" numClasses="0" visitedMethods="0" numMethods="1" />
              <MetadataToken>100663970</MetadataToken>
              <Name>System.Void Fusion.CodeGen.NetworkTypeInfoRegistry&lt;&gt;c__DisplayClass31_0[T]::&lt;AddBuiltInType&gt;b__1(Mono.Cecil.ICustomAttributeProvider, Mono.Cecil.Cil.ILProcessor, Fusion.CodeGen.MethodContext)</Name>
              <FileRef uid="160" />
              <SequencePoints>
                <SequencePoint vc="0" uspid="60045" ordinal="0" offset="0" sl="7090" sc="0" el="7090" ec="0" bec="0" bev="0" fileid="160" />
                <SequencePoint vc="0" uspid="60046" ordinal="0" offset="1" sl="7091" sc="0" el="7091" ec="0" bec="0" bev="0" fileid="160" />
                <SequencePoint vc="0" uspid="60047" ordinal="0" offset="17" sl="7092" sc="0" el="7092" ec="0" bec="0" bev="0" fileid="160" />
                <SequencePoint vc="0" uspid="60048" ordinal="0" offset="33" sl="7093" sc="0" el="7093" ec="0" bec="0" bev="0" fileid="160" />
                <SequencePoint vc="0" uspid="60049" ordinal="0" offset="51" sl="7094" sc="0" el="7094" ec="0" bec="0" bev="0" fileid="160" />
                <SequencePoint vc="0" uspid="60050" ordinal="0" offset="73" sl="7095" sc="0" el="7095" ec="0" bec="0" bev="0" fileid="160" />
              </SequencePoints>
              <BranchPoints />
            </Method>
          </Methods>
        </Class>
      </Classes>
    </Module>
  </Modules>
</CoverageSession>