<?xml version="1.0" encoding="utf-8"?>
<CoverageSession xmlns:xsd="http://www.w3.org/2001/XMLSchema" xmlns:xsi="http://www.w3.org/2001/XMLSchema-instance" Version="0.0.0.0">
  <Summary numSequencePoints="1858" visitedSequencePoints="199" numBranchPoints="0" visitedBranchPoints="0" sequenceCoverage="10.71" branchCoverage="0.0" maxCyclomaticComplexity="0" minCyclomaticComplexity="0" maxCrapScore="0" minCrapScore="0" visitedClasses="18" numClasses="62" visitedMethods="30" numMethods="206" />
  <Modules>
    <Module>
      <Summary numSequencePoints="38" visitedSequencePoints="18" numBranchPoints="0" visitedBranchPoints="0" sequenceCoverage="47.37" branchCoverage="0.0" maxCyclomaticComplexity="0" minCyclomaticComplexity="0" maxCrapScore="0" minCrapScore="0" visitedClasses="3" numClasses="3" visitedMethods="3" numMethods="3" />
      <ModuleTime>0001-01-01T00:00:00</ModuleTime>
      <ModuleName>Assembly-CSharp-Editor</ModuleName>
      <Files>
        <File uid="1" fullPath="C:/Users/Admin/Documents/Duan1/EcoWorld/Assets/Polytope Studio/Welcome_Screen/Editor/PT_Welcome_Screen.cs" />
        <File uid="2" fullPath="C:/Users/Admin/Documents/Duan1/EcoWorld/Assets/TutorialInfo/Scripts/Editor/ReadmeEditor.cs" />
        <File uid="3" fullPath="C:/Users/Admin/Documents/Duan1/EcoWorld/Assets/Viking Village/Shaders/Editor/TerrainSurfaceGUI.cs" />
        <File uid="4" fullPath="C:/Users/Admin/Documents/Duan1/EcoWorld/Assets/DialogueEditor/Assets/Scripts/Editor/DialogueEditorNode.cs" />
        <File uid="5" fullPath="C:/Users/Admin/Documents/Duan1/EcoWorld/Assets/DialogueEditor/Assets/Scripts/Editor/DialogueEditorUtil.cs" />
        <File uid="6" fullPath="C:/Users/Admin/Documents/Duan1/EcoWorld/Assets/DialogueEditor/Assets/Scripts/Editor/DialogueEditorWindow.cs" />
        <File uid="7" fullPath="C:/Users/Admin/Documents/Duan1/EcoWorld/Assets/DialogueEditor/Assets/Scripts/Editor/NPCConversationEditor.cs" />
        <File uid="8" fullPath="C:/Users/Admin/Documents/Duan1/EcoWorld/Assets/DialogueEditor/Assets/Scripts/UI/Editor/ConversationManagerEditor.cs" />
      </Files>
      <Classes>
        <Class>
          <Summary numSequencePoints="12" visitedSequencePoints="3" numBranchPoints="0" visitedBranchPoints="0" sequenceCoverage="25.00" branchCoverage="0.0" maxCyclomaticComplexity="0" minCyclomaticComplexity="0" maxCrapScore="0" minCrapScore="0" visitedClasses="1" numClasses="1" visitedMethods="1" numMethods="1" />
          <FullName>ReadmeEditor</FullName>
          <Methods>
            <Method visited="true" cyclomaticComplexity="0" nPathComplexity="0" sequenceCoverage="25.00" branchCoverage="0" crapScore="0" isConstructor="false" isStatic="true" isGetter="false" isSetter="false">
              <Summary numSequencePoints="12" visitedSequencePoints="3" numBranchPoints="0" visitedBranchPoints="0" sequenceCoverage="25.00" branchCoverage="0" maxCyclomaticComplexity="0" minCyclomaticComplexity="0" maxCrapScore="0" minCrapScore="0" visitedClasses="0" numClasses="0" visitedMethods="1" numMethods="1" />
              <MetadataToken>100663323</MetadataToken>
              <Name>static System.Void ReadmeEditor::SelectReadmeAutomatically()</Name>
              <FileRef uid="2" />
              <SequencePoints>
                <SequencePoint vc="1" uspid="289" ordinal="0" offset="0" sl="55" sc="5" el="55" ec="5" bec="0" bev="0" fileid="2" />
                <SequencePoint vc="1" uspid="290" ordinal="0" offset="1" sl="56" sc="9" el="56" ec="9" bec="0" bev="0" fileid="2" />
                <SequencePoint vc="0" uspid="291" ordinal="0" offset="19" sl="57" sc="9" el="57" ec="9" bec="0" bev="0" fileid="2" />
                <SequencePoint vc="0" uspid="292" ordinal="0" offset="20" sl="58" sc="13" el="58" ec="13" bec="0" bev="0" fileid="2" />
                <SequencePoint vc="0" uspid="293" ordinal="0" offset="26" sl="59" sc="13" el="59" ec="13" bec="0" bev="0" fileid="2" />
                <SequencePoint vc="0" uspid="294" ordinal="0" offset="38" sl="61" sc="13" el="61" ec="13" bec="0" bev="0" fileid="2" />
                <SequencePoint vc="0" uspid="295" ordinal="0" offset="62" sl="62" sc="13" el="62" ec="13" bec="0" bev="0" fileid="2" />
                <SequencePoint vc="0" uspid="296" ordinal="0" offset="63" sl="63" sc="17" el="63" ec="17" bec="0" bev="0" fileid="2" />
                <SequencePoint vc="0" uspid="297" ordinal="0" offset="69" sl="64" sc="17" el="64" ec="17" bec="0" bev="0" fileid="2" />
                <SequencePoint vc="0" uspid="298" ordinal="0" offset="76" sl="65" sc="13" el="65" ec="13" bec="0" bev="0" fileid="2" />
                <SequencePoint vc="0" uspid="299" ordinal="0" offset="77" sl="66" sc="9" el="66" ec="9" bec="0" bev="0" fileid="2" />
                <SequencePoint vc="1" uspid="300" ordinal="0" offset="78" sl="67" sc="5" el="67" ec="5" bec="0" bev="0" fileid="2" />
              </SequencePoints>
              <BranchPoints />
            </Method>
          </Methods>
        </Class>
        <Class>
          <Summary numSequencePoints="9" visitedSequencePoints="5" numBranchPoints="0" visitedBranchPoints="0" sequenceCoverage="55.56" branchCoverage="0.0" maxCyclomaticComplexity="0" minCyclomaticComplexity="0" maxCrapScore="0" minCrapScore="0" visitedClasses="1" numClasses="1" visitedMethods="1" numMethods="1" />
          <FullName>DialogueEditor.DialogueEditorWindow</FullName>
          <Methods>
            <Method visited="true" cyclomaticComplexity="0" nPathComplexity="0" sequenceCoverage="55.56" branchCoverage="0" crapScore="0" isConstructor="false" isStatic="true" isGetter="false" isSetter="false">
              <Summary numSequencePoints="9" visitedSequencePoints="5" numBranchPoints="0" visitedBranchPoints="0" sequenceCoverage="55.56" branchCoverage="0" maxCyclomaticComplexity="0" minCyclomaticComplexity="0" maxCrapScore="0" minCrapScore="0" visitedClasses="0" numClasses="0" visitedMethods="1" numMethods="1" />
              <MetadataToken>100663400</MetadataToken>
              <Name>static System.Boolean DialogueEditor.DialogueEditorWindow::OpenDialogue(System.Int32, System.Int32)</Name>
              <FileRef uid="6" />
              <SequencePoints>
                <SequencePoint vc="1" uspid="948" ordinal="0" offset="0" sl="112" sc="9" el="112" ec="9" bec="0" bev="0" fileid="6" />
                <SequencePoint vc="1" uspid="949" ordinal="0" offset="1" sl="113" sc="13" el="113" ec="13" bec="0" bev="0" fileid="6" />
                <SequencePoint vc="1" uspid="950" ordinal="0" offset="13" sl="115" sc="13" el="115" ec="13" bec="0" bev="0" fileid="6" />
                <SequencePoint vc="0" uspid="951" ordinal="0" offset="24" sl="116" sc="13" el="116" ec="13" bec="0" bev="0" fileid="6" />
                <SequencePoint vc="0" uspid="952" ordinal="0" offset="25" sl="117" sc="17" el="117" ec="17" bec="0" bev="0" fileid="6" />
                <SequencePoint vc="0" uspid="953" ordinal="0" offset="31" sl="118" sc="17" el="118" ec="17" bec="0" bev="0" fileid="6" />
                <SequencePoint vc="0" uspid="954" ordinal="0" offset="39" sl="119" sc="17" el="119" ec="17" bec="0" bev="0" fileid="6" />
                <SequencePoint vc="1" uspid="955" ordinal="0" offset="43" sl="121" sc="13" el="121" ec="13" bec="0" bev="0" fileid="6" />
                <SequencePoint vc="1" uspid="956" ordinal="0" offset="47" sl="122" sc="9" el="122" ec="9" bec="0" bev="0" fileid="6" />
              </SequencePoints>
              <BranchPoints />
            </Method>
          </Methods>
        </Class>
        <Class>
          <Summary numSequencePoints="17" visitedSequencePoints="10" numBranchPoints="0" visitedBranchPoints="0" sequenceCoverage="58.82" branchCoverage="0.0" maxCyclomaticComplexity="0" minCyclomaticComplexity="0" maxCrapScore="0" minCrapScore="0" visitedClasses="1" numClasses="1" visitedMethods="1" numMethods="1" />
          <FullName>PT_PackageWelcomeWindow/PT_ImportDetector</FullName>
          <Methods>
            <Method visited="true" cyclomaticComplexity="0" nPathComplexity="0" sequenceCoverage="58.82" branchCoverage="0" crapScore="0" isConstructor="false" isStatic="true" isGetter="false" isSetter="false">
              <Summary numSequencePoints="17" visitedSequencePoints="10" numBranchPoints="0" visitedBranchPoints="0" sequenceCoverage="58.82" branchCoverage="0" maxCyclomaticComplexity="0" minCyclomaticComplexity="0" maxCrapScore="0" minCrapScore="0" visitedClasses="0" numClasses="0" visitedMethods="1" numMethods="1" />
              <MetadataToken>100663456</MetadataToken>
              <Name>static System.Void PT_PackageWelcomeWindow/PT_ImportDetector::OnPostprocessAllAssets(System.String[], System.String[], System.String[], System.String[])</Name>
              <FileRef uid="1" />
              <SequencePoints>
                <SequencePoint vc="1" uspid="2099" ordinal="0" offset="0" sl="56" sc="9" el="56" ec="9" bec="0" bev="0" fileid="1" />
                <SequencePoint vc="1" uspid="2100" ordinal="0" offset="1" sl="57" sc="13" el="57" ec="13" bec="0" bev="0" fileid="1" />
                <SequencePoint vc="0" uspid="2101" ordinal="0" offset="16" sl="58" sc="17" el="58" ec="17" bec="0" bev="0" fileid="1" />
                <SequencePoint vc="1" uspid="2102" ordinal="0" offset="18" sl="60" sc="13" el="60" ec="13" bec="0" bev="0" fileid="1" />
                <SequencePoint vc="1" uspid="2103" ordinal="0" offset="19" sl="60" sc="37" el="60" ec="37" bec="0" bev="0" fileid="1" />
                <SequencePoint vc="1" uspid="2104" ordinal="0" offset="25" sl="60" sc="22" el="60" ec="22" bec="0" bev="0" fileid="1" />
                <SequencePoint vc="1" uspid="2105" ordinal="0" offset="29" sl="61" sc="13" el="61" ec="13" bec="0" bev="0" fileid="1" />
                <SequencePoint vc="1" uspid="2106" ordinal="0" offset="30" sl="62" sc="17" el="62" ec="17" bec="0" bev="0" fileid="1" />
                <SequencePoint vc="0" uspid="2107" ordinal="0" offset="47" sl="63" sc="17" el="63" ec="17" bec="0" bev="0" fileid="1" />
                <SequencePoint vc="0" uspid="2108" ordinal="0" offset="48" sl="64" sc="21" el="64" ec="21" bec="0" bev="0" fileid="1" />
                <SequencePoint vc="0" uspid="2109" ordinal="0" offset="60" sl="66" sc="21" el="66" ec="21" bec="0" bev="0" fileid="1" />
                <SequencePoint vc="0" uspid="2110" ordinal="0" offset="72" sl="67" sc="21" el="67" ec="21" bec="0" bev="0" fileid="1" />
                <SequencePoint vc="0" uspid="2111" ordinal="0" offset="78" sl="68" sc="21" el="68" ec="21" bec="0" bev="0" fileid="1" />
                <SequencePoint vc="0" uspid="2112" ordinal="0" offset="110" sl="69" sc="21" el="69" ec="21" bec="0" bev="0" fileid="1" />
                <SequencePoint vc="1" uspid="2113" ordinal="0" offset="112" sl="71" sc="13" el="71" ec="13" bec="0" bev="0" fileid="1" />
                <SequencePoint vc="2" uspid="2114" ordinal="0" offset="117" sl="60" sc="34" el="60" ec="34" bec="0" bev="0" fileid="1" />
                <SequencePoint vc="1" uspid="2115" ordinal="0" offset="123" sl="72" sc="9" el="72" ec="9" bec="0" bev="0" fileid="1" />
              </SequencePoints>
              <BranchPoints />
            </Method>
          </Methods>
        </Class>
      </Classes>
    </Module>
    <Module>
      <Summary numSequencePoints="303" visitedSequencePoints="0" numBranchPoints="0" visitedBranchPoints="0" sequenceCoverage="0.0" branchCoverage="0.0" maxCyclomaticComplexity="0" minCyclomaticComplexity="0" maxCrapScore="0" minCrapScore="0" visitedClasses="0" numClasses="9" visitedMethods="0" numMethods="38" />
      <ModuleTime>0001-01-01T00:00:00</ModuleTime>
      <ModuleName>Fusion.Unity</ModuleName>
      <Files>
        <File uid="110" fullPath="C:/Users/Admin/Documents/Duan1/EcoWorld/Assets/Photon/Fusion/Runtime/Fusion.Unity.cs" />
        <File uid="111" fullPath="C:/Users/Admin/Documents/Duan1/EcoWorld/Assets/Photon/Fusion/Runtime/FusionBasicBillboard.cs" />
        <File uid="112" fullPath="C:/Users/Admin/Documents/Duan1/EcoWorld/Assets/Photon/Fusion/Runtime/FusionBootstrap.cs" />
        <File uid="113" fullPath="C:/Users/Admin/Documents/Duan1/EcoWorld/Assets/Photon/Fusion/Runtime/FusionBootstrapDebugGUI.cs" />
        <File uid="114" fullPath="C:/Users/Admin/Documents/Duan1/EcoWorld/Assets/Photon/Fusion/Runtime/NetworkCharacterController.cs" />
        <File uid="115" fullPath="C:/Users/Admin/Documents/Duan1/EcoWorld/Assets/Photon/Fusion/Runtime/NetworkObjectProviderDefault.cs" />
        <File uid="116" fullPath="C:/Users/Admin/Documents/Duan1/EcoWorld/Assets/Photon/Fusion/Runtime/NetworkSceneManagerDefault.cs" />
        <File uid="117" fullPath="C:/Users/Admin/Documents/Duan1/EcoWorld/Assets/Photon/Fusion/Runtime/Utilities/RunnerVisibility/EnableOnSingleRunner.cs" />
        <File uid="118" fullPath="C:/Users/Admin/Documents/Duan1/EcoWorld/Assets/Photon/Fusion/Runtime/Utilities/RunnerVisibility/RunnerAOIGizmos.cs" />
        <File uid="119" fullPath="C:/Users/Admin/Documents/Duan1/EcoWorld/Assets/Photon/Fusion/Runtime/Utilities/RunnerVisibility/RunnerEnableVisibility.cs" />
        <File uid="120" fullPath="C:/Users/Admin/Documents/Duan1/EcoWorld/Assets/Photon/Fusion/Runtime/Utilities/RunnerVisibility/RunnerLagCompensationGizmos.cs" />
        <File uid="121" fullPath="C:/Users/Admin/Documents/Duan1/EcoWorld/Assets/Photon/Fusion/Runtime/Utilities/RunnerVisibility/RunnerVisibilityLink.cs" />
        <File uid="122" fullPath="C:/Users/Admin/Documents/Duan1/EcoWorld/Assets/Photon/Fusion/Runtime/Utilities/RunnerVisibility/RunnerVisibilityLinksRoot.cs" />
        <File uid="123" fullPath="C:/Users/Admin/Documents/Duan1/EcoWorld/Assets/Photon/Fusion/Runtime/Statistics/FusionNetworkObjectStatistics.cs" />
        <File uid="124" fullPath="C:/Users/Admin/Documents/Duan1/EcoWorld/Assets/Photon/Fusion/Runtime/Statistics/FusionNetworkObjectStatsGraph.cs" />
        <File uid="125" fullPath="C:/Users/Admin/Documents/Duan1/EcoWorld/Assets/Photon/Fusion/Runtime/Statistics/FusionNetworkObjectStatsGraphCombine.cs" />
        <File uid="126" fullPath="C:/Users/Admin/Documents/Duan1/EcoWorld/Assets/Photon/Fusion/Runtime/Statistics/FusionStatistics.cs" />
        <File uid="127" fullPath="C:/Users/Admin/Documents/Duan1/EcoWorld/Assets/Photon/Fusion/Runtime/Statistics/FusionStatsCanvas.cs" />
        <File uid="128" fullPath="C:/Users/Admin/Documents/Duan1/EcoWorld/Assets/Photon/Fusion/Runtime/Statistics/FusionStatsConfig.cs" />
        <File uid="129" fullPath="C:/Users/Admin/Documents/Duan1/EcoWorld/Assets/Photon/Fusion/Runtime/Statistics/FusionStatsGraphDefault.cs" />
        <File uid="130" fullPath="C:/Users/Admin/Documents/Duan1/EcoWorld/Assets/Photon/Fusion/Runtime/Statistics/FusionStatsPanelHeader.cs" />
        <File uid="131" fullPath="C:/Users/Admin/Documents/Duan1/EcoWorld/Assets/Photon/Fusion/Runtime/Statistics/FusionStatsWorldAnchor.cs" />
      </Files>
      <Classes>
        <Class>
          <Summary numSequencePoints="110" visitedSequencePoints="0" numBranchPoints="0" visitedBranchPoints="0" sequenceCoverage="0.0" branchCoverage="0.0" maxCyclomaticComplexity="0" minCyclomaticComplexity="0" maxCrapScore="0" minCrapScore="0" visitedClasses="0" numClasses="1" visitedMethods="0" numMethods="10" />
          <FullName>Fusion.NetworkAssetSourceResource[T]</FullName>
          <Methods>
            <Method visited="false" cyclomaticComplexity="0" nPathComplexity="0" sequenceCoverage="0.0" branchCoverage="0" crapScore="0" isConstructor="false" isStatic="false" isGetter="false" isSetter="false">
              <Summary numSequencePoints="7" visitedSequencePoints="0" numBranchPoints="0" visitedBranchPoints="0" sequenceCoverage="0.0" branchCoverage="0" maxCyclomaticComplexity="0" minCyclomaticComplexity="0" maxCrapScore="0" minCrapScore="0" visitedClasses="0" numClasses="0" visitedMethods="0" numMethods="1" />
              <MetadataToken>100663299</MetadataToken>
              <Name>System.Void Fusion.NetworkAssetSourceResource[T]::Acquire(System.Boolean)</Name>
              <FileRef uid="110" />
              <SequencePoints>
                <SequencePoint vc="0" uspid="8315" ordinal="0" offset="0" sl="193" sc="0" el="193" ec="0" bec="0" bev="0" fileid="110" />
                <SequencePoint vc="0" uspid="8316" ordinal="0" offset="1" sl="194" sc="0" el="194" ec="0" bec="0" bev="0" fileid="110" />
                <SequencePoint vc="0" uspid="8317" ordinal="0" offset="14" sl="194" sc="0" el="194" ec="0" bec="0" bev="0" fileid="110" />
                <SequencePoint vc="0" uspid="8318" ordinal="0" offset="15" sl="195" sc="0" el="195" ec="0" bec="0" bev="0" fileid="110" />
                <SequencePoint vc="0" uspid="8319" ordinal="0" offset="23" sl="196" sc="0" el="196" ec="0" bec="0" bev="0" fileid="110" />
                <SequencePoint vc="0" uspid="8320" ordinal="0" offset="24" sl="197" sc="0" el="197" ec="0" bec="0" bev="0" fileid="110" />
                <SequencePoint vc="0" uspid="8321" ordinal="0" offset="38" sl="198" sc="0" el="198" ec="0" bec="0" bev="0" fileid="110" />
              </SequencePoints>
              <BranchPoints />
            </Method>
            <Method visited="false" cyclomaticComplexity="0" nPathComplexity="0" sequenceCoverage="0.0" branchCoverage="0" crapScore="0" isConstructor="false" isStatic="false" isGetter="false" isSetter="false">
              <Summary numSequencePoints="9" visitedSequencePoints="0" numBranchPoints="0" visitedBranchPoints="0" sequenceCoverage="0.0" branchCoverage="0" maxCyclomaticComplexity="0" minCyclomaticComplexity="0" maxCrapScore="0" minCrapScore="0" visitedClasses="0" numClasses="0" visitedMethods="0" numMethods="1" />
              <MetadataToken>100663300</MetadataToken>
              <Name>System.Void Fusion.NetworkAssetSourceResource[T]::Release()</Name>
              <FileRef uid="110" />
              <SequencePoints>
                <SequencePoint vc="0" uspid="8322" ordinal="0" offset="0" sl="205" sc="0" el="205" ec="0" bec="0" bev="0" fileid="110" />
                <SequencePoint vc="0" uspid="8323" ordinal="0" offset="1" sl="206" sc="0" el="206" ec="0" bec="0" bev="0" fileid="110" />
                <SequencePoint vc="0" uspid="8324" ordinal="0" offset="17" sl="206" sc="0" el="206" ec="0" bec="0" bev="0" fileid="110" />
                <SequencePoint vc="0" uspid="8325" ordinal="0" offset="18" sl="207" sc="0" el="207" ec="0" bec="0" bev="0" fileid="110" />
                <SequencePoint vc="0" uspid="8326" ordinal="0" offset="29" sl="209" sc="0" el="209" ec="0" bec="0" bev="0" fileid="110" />
                <SequencePoint vc="0" uspid="8327" ordinal="0" offset="53" sl="209" sc="0" el="209" ec="0" bec="0" bev="0" fileid="110" />
                <SequencePoint vc="0" uspid="8328" ordinal="0" offset="54" sl="210" sc="0" el="210" ec="0" bec="0" bev="0" fileid="110" />
                <SequencePoint vc="0" uspid="8329" ordinal="0" offset="61" sl="211" sc="0" el="211" ec="0" bec="0" bev="0" fileid="110" />
                <SequencePoint vc="0" uspid="8330" ordinal="0" offset="62" sl="212" sc="0" el="212" ec="0" bec="0" bev="0" fileid="110" />
              </SequencePoints>
              <BranchPoints />
            </Method>
            <Method visited="false" cyclomaticComplexity="0" nPathComplexity="0" sequenceCoverage="0.0" branchCoverage="0" crapScore="0" isConstructor="false" isStatic="false" isGetter="true" isSetter="false">
              <Summary numSequencePoints="9" visitedSequencePoints="0" numBranchPoints="0" visitedBranchPoints="0" sequenceCoverage="0.0" branchCoverage="0" maxCyclomaticComplexity="0" minCyclomaticComplexity="0" maxCrapScore="0" minCrapScore="0" visitedClasses="0" numClasses="0" visitedMethods="0" numMethods="1" />
              <MetadataToken>100663301</MetadataToken>
              <Name>System.Boolean Fusion.NetworkAssetSourceResource[T]::get_IsCompleted()</Name>
              <FileRef uid="110" />
              <SequencePoints>
                <SequencePoint vc="0" uspid="8331" ordinal="0" offset="0" sl="218" sc="0" el="218" ec="0" bec="0" bev="0" fileid="110" />
                <SequencePoint vc="0" uspid="8332" ordinal="0" offset="1" sl="219" sc="0" el="219" ec="0" bec="0" bev="0" fileid="110" />
                <SequencePoint vc="0" uspid="8333" ordinal="0" offset="14" sl="219" sc="0" el="219" ec="0" bec="0" bev="0" fileid="110" />
                <SequencePoint vc="0" uspid="8334" ordinal="0" offset="15" sl="221" sc="0" el="221" ec="0" bec="0" bev="0" fileid="110" />
                <SequencePoint vc="0" uspid="8335" ordinal="0" offset="19" sl="224" sc="0" el="224" ec="0" bec="0" bev="0" fileid="110" />
                <SequencePoint vc="0" uspid="8336" ordinal="0" offset="50" sl="224" sc="0" el="224" ec="0" bec="0" bev="0" fileid="110" />
                <SequencePoint vc="0" uspid="8337" ordinal="0" offset="51" sl="226" sc="0" el="226" ec="0" bec="0" bev="0" fileid="110" />
                <SequencePoint vc="0" uspid="8338" ordinal="0" offset="55" sl="229" sc="0" el="229" ec="0" bec="0" bev="0" fileid="110" />
                <SequencePoint vc="0" uspid="8339" ordinal="0" offset="59" sl="230" sc="0" el="230" ec="0" bec="0" bev="0" fileid="110" />
              </SequencePoints>
              <BranchPoints />
            </Method>
            <Method visited="false" cyclomaticComplexity="0" nPathComplexity="0" sequenceCoverage="0.0" branchCoverage="0" crapScore="0" isConstructor="false" isStatic="false" isGetter="false" isSetter="false">
              <Summary numSequencePoints="25" visitedSequencePoints="0" numBranchPoints="0" visitedBranchPoints="0" sequenceCoverage="0.0" branchCoverage="0" maxCyclomaticComplexity="0" minCyclomaticComplexity="0" maxCrapScore="0" minCrapScore="0" visitedClasses="0" numClasses="0" visitedMethods="0" numMethods="1" />
              <MetadataToken>100663302</MetadataToken>
              <Name>T Fusion.NetworkAssetSourceResource[T]::WaitForResult()</Name>
              <FileRef uid="110" />
              <SequencePoints>
                <SequencePoint vc="0" uspid="8340" ordinal="0" offset="0" sl="237" sc="0" el="237" ec="0" bec="0" bev="0" fileid="110" />
                <SequencePoint vc="0" uspid="8341" ordinal="0" offset="1" sl="238" sc="0" el="238" ec="0" bec="0" bev="0" fileid="110" />
                <SequencePoint vc="0" uspid="8342" ordinal="0" offset="21" sl="239" sc="0" el="239" ec="0" bec="0" bev="0" fileid="110" />
                <SequencePoint vc="0" uspid="8343" ordinal="0" offset="41" sl="239" sc="0" el="239" ec="0" bec="0" bev="0" fileid="110" />
                <SequencePoint vc="0" uspid="8344" ordinal="0" offset="42" sl="240" sc="0" el="240" ec="0" bec="0" bev="0" fileid="110" />
                <SequencePoint vc="0" uspid="8345" ordinal="0" offset="54" sl="240" sc="0" el="240" ec="0" bec="0" bev="0" fileid="110" />
                <SequencePoint vc="0" uspid="8346" ordinal="0" offset="55" sl="241" sc="0" el="241" ec="0" bec="0" bev="0" fileid="110" />
                <SequencePoint vc="0" uspid="8347" ordinal="0" offset="63" sl="242" sc="0" el="242" ec="0" bec="0" bev="0" fileid="110" />
                <SequencePoint vc="0" uspid="8348" ordinal="0" offset="66" sl="242" sc="0" el="242" ec="0" bec="0" bev="0" fileid="110" />
                <SequencePoint vc="0" uspid="8349" ordinal="0" offset="67" sl="244" sc="0" el="244" ec="0" bec="0" bev="0" fileid="110" />
                <SequencePoint vc="0" uspid="8350" ordinal="0" offset="74" sl="245" sc="0" el="245" ec="0" bec="0" bev="0" fileid="110" />
                <SequencePoint vc="0" uspid="8351" ordinal="0" offset="82" sl="246" sc="0" el="246" ec="0" bec="0" bev="0" fileid="110" />
                <SequencePoint vc="0" uspid="8352" ordinal="0" offset="83" sl="247" sc="0" el="247" ec="0" bec="0" bev="0" fileid="110" />
                <SequencePoint vc="0" uspid="8353" ordinal="0" offset="84" sl="249" sc="0" el="249" ec="0" bec="0" bev="0" fileid="110" />
                <SequencePoint vc="0" uspid="8354" ordinal="0" offset="99" sl="249" sc="0" el="249" ec="0" bec="0" bev="0" fileid="110" />
                <SequencePoint vc="0" uspid="8355" ordinal="0" offset="100" sl="250" sc="0" el="250" ec="0" bec="0" bev="0" fileid="110" />
                <SequencePoint vc="0" uspid="8356" ordinal="0" offset="138" sl="253" sc="0" el="253" ec="0" bec="0" bev="0" fileid="110" />
                <SequencePoint vc="0" uspid="8357" ordinal="0" offset="170" sl="253" sc="0" el="253" ec="0" bec="0" bev="0" fileid="110" />
                <SequencePoint vc="0" uspid="8358" ordinal="0" offset="171" sl="254" sc="0" el="254" ec="0" bec="0" bev="0" fileid="110" />
                <SequencePoint vc="0" uspid="8359" ordinal="0" offset="176" sl="257" sc="0" el="257" ec="0" bec="0" bev="0" fileid="110" />
                <SequencePoint vc="0" uspid="8360" ordinal="0" offset="198" sl="257" sc="0" el="257" ec="0" bec="0" bev="0" fileid="110" />
                <SequencePoint vc="0" uspid="8361" ordinal="0" offset="199" sl="258" sc="0" el="258" ec="0" bec="0" bev="0" fileid="110" />
                <SequencePoint vc="0" uspid="8362" ordinal="0" offset="206" sl="259" sc="0" el="259" ec="0" bec="0" bev="0" fileid="110" />
                <SequencePoint vc="0" uspid="8363" ordinal="0" offset="212" sl="262" sc="0" el="262" ec="0" bec="0" bev="0" fileid="110" />
                <SequencePoint vc="0" uspid="8364" ordinal="0" offset="250" sl="263" sc="0" el="263" ec="0" bec="0" bev="0" fileid="110" />
              </SequencePoints>
              <BranchPoints />
            </Method>
            <Method visited="false" cyclomaticComplexity="0" nPathComplexity="0" sequenceCoverage="0.0" branchCoverage="0" crapScore="0" isConstructor="false" isStatic="false" isGetter="false" isSetter="false">
              <Summary numSequencePoints="15" visitedSequencePoints="0" numBranchPoints="0" visitedBranchPoints="0" sequenceCoverage="0.0" branchCoverage="0" maxCyclomaticComplexity="0" minCyclomaticComplexity="0" maxCrapScore="0" minCrapScore="0" visitedClasses="0" numClasses="0" visitedMethods="0" numMethods="1" />
              <MetadataToken>100663303</MetadataToken>
              <Name>System.Void Fusion.NetworkAssetSourceResource[T]::FinishAsyncOp(UnityEngine.ResourceRequest)</Name>
              <FileRef uid="110" />
              <SequencePoints>
                <SequencePoint vc="0" uspid="8365" ordinal="0" offset="0" sl="265" sc="0" el="265" ec="0" bec="0" bev="0" fileid="110" />
                <SequencePoint vc="0" uspid="8366" ordinal="0" offset="1" sl="266" sc="0" el="266" ec="0" bec="0" bev="0" fileid="110" />
                <SequencePoint vc="0" uspid="8367" ordinal="0" offset="2" sl="267" sc="0" el="267" ec="0" bec="0" bev="0" fileid="110" />
                <SequencePoint vc="0" uspid="8368" ordinal="0" offset="46" sl="268" sc="0" el="268" ec="0" bec="0" bev="0" fileid="110" />
                <SequencePoint vc="0" uspid="8369" ordinal="0" offset="56" sl="268" sc="0" el="268" ec="0" bec="0" bev="0" fileid="110" />
                <SequencePoint vc="0" uspid="8370" ordinal="0" offset="57" sl="269" sc="0" el="269" ec="0" bec="0" bev="0" fileid="110" />
                <SequencePoint vc="0" uspid="8371" ordinal="0" offset="64" sl="270" sc="0" el="270" ec="0" bec="0" bev="0" fileid="110" />
                <SequencePoint vc="0" uspid="8372" ordinal="0" offset="67" sl="270" sc="0" el="270" ec="0" bec="0" bev="0" fileid="110" />
                <SequencePoint vc="0" uspid="8373" ordinal="0" offset="68" sl="271" sc="0" el="271" ec="0" bec="0" bev="0" fileid="110" />
                <SequencePoint vc="0" uspid="8374" ordinal="0" offset="101" sl="273" sc="0" el="273" ec="0" bec="0" bev="0" fileid="110" />
                <SequencePoint vc="0" uspid="8375" ordinal="0" offset="104" sl="273" sc="0" el="273" ec="0" bec="0" bev="0" fileid="110" />
                <SequencePoint vc="0" uspid="8376" ordinal="0" offset="105" sl="273" sc="0" el="273" ec="0" bec="0" bev="0" fileid="110" />
                <SequencePoint vc="0" uspid="8377" ordinal="0" offset="106" sl="274" sc="0" el="274" ec="0" bec="0" bev="0" fileid="110" />
                <SequencePoint vc="0" uspid="8378" ordinal="0" offset="118" sl="275" sc="0" el="275" ec="0" bec="0" bev="0" fileid="110" />
                <SequencePoint vc="0" uspid="8379" ordinal="0" offset="121" sl="276" sc="0" el="276" ec="0" bec="0" bev="0" fileid="110" />
              </SequencePoints>
              <BranchPoints />
            </Method>
            <Method visited="false" cyclomaticComplexity="0" nPathComplexity="0" sequenceCoverage="0.0" branchCoverage="0" crapScore="0" isConstructor="false" isStatic="true" isGetter="false" isSetter="false">
              <Summary numSequencePoints="13" visitedSequencePoints="0" numBranchPoints="0" visitedBranchPoints="0" sequenceCoverage="0.0" branchCoverage="0" maxCyclomaticComplexity="0" minCyclomaticComplexity="0" maxCrapScore="0" minCrapScore="0" visitedClasses="0" numClasses="0" visitedMethods="0" numMethods="1" />
              <MetadataToken>100663304</MetadataToken>
              <Name>static T Fusion.NetworkAssetSourceResource[T]::LoadNamedResource(System.String, System.String)</Name>
              <FileRef uid="110" />
              <SequencePoints>
                <SequencePoint vc="0" uspid="8380" ordinal="0" offset="0" sl="278" sc="0" el="278" ec="0" bec="0" bev="0" fileid="110" />
                <SequencePoint vc="0" uspid="8381" ordinal="0" offset="1" sl="279" sc="0" el="279" ec="0" bec="0" bev="0" fileid="110" />
                <SequencePoint vc="0" uspid="8382" ordinal="0" offset="8" sl="281" sc="0" el="281" ec="0" bec="0" bev="0" fileid="110" />
                <SequencePoint vc="0" uspid="8383" ordinal="0" offset="12" sl="281" sc="0" el="281" ec="0" bec="0" bev="0" fileid="110" />
                <SequencePoint vc="0" uspid="8384" ordinal="0" offset="13" sl="282" sc="0" el="282" ec="0" bec="0" bev="0" fileid="110" />
                <SequencePoint vc="0" uspid="8385" ordinal="0" offset="21" sl="283" sc="0" el="283" ec="0" bec="0" bev="0" fileid="110" />
                <SequencePoint vc="0" uspid="8386" ordinal="0" offset="43" sl="283" sc="0" el="283" ec="0" bec="0" bev="0" fileid="110" />
                <SequencePoint vc="0" uspid="8387" ordinal="0" offset="44" sl="284" sc="0" el="284" ec="0" bec="0" bev="0" fileid="110" />
                <SequencePoint vc="0" uspid="8388" ordinal="0" offset="49" sl="286" sc="0" el="286" ec="0" bec="0" bev="0" fileid="110" />
                <SequencePoint vc="0" uspid="8389" ordinal="0" offset="50" sl="281" sc="0" el="281" ec="0" bec="0" bev="0" fileid="110" />
                <SequencePoint vc="0" uspid="8390" ordinal="0" offset="54" sl="281" sc="0" el="281" ec="0" bec="0" bev="0" fileid="110" />
                <SequencePoint vc="0" uspid="8391" ordinal="0" offset="66" sl="288" sc="0" el="288" ec="0" bec="0" bev="0" fileid="110" />
                <SequencePoint vc="0" uspid="8392" ordinal="0" offset="80" sl="289" sc="0" el="289" ec="0" bec="0" bev="0" fileid="110" />
              </SequencePoints>
              <BranchPoints />
            </Method>
            <Method visited="false" cyclomaticComplexity="0" nPathComplexity="0" sequenceCoverage="0.0" branchCoverage="0" crapScore="0" isConstructor="false" isStatic="false" isGetter="false" isSetter="false">
              <Summary numSequencePoints="20" visitedSequencePoints="0" numBranchPoints="0" visitedBranchPoints="0" sequenceCoverage="0.0" branchCoverage="0" maxCyclomaticComplexity="0" minCyclomaticComplexity="0" maxCrapScore="0" minCrapScore="0" visitedClasses="0" numClasses="0" visitedMethods="0" numMethods="1" />
              <MetadataToken>100663305</MetadataToken>
              <Name>System.Void Fusion.NetworkAssetSourceResource[T]::LoadInternal(System.Boolean)</Name>
              <FileRef uid="110" />
              <SequencePoints>
                <SequencePoint vc="0" uspid="8393" ordinal="0" offset="0" sl="291" sc="0" el="291" ec="0" bec="0" bev="0" fileid="110" />
                <SequencePoint vc="0" uspid="8394" ordinal="0" offset="1" sl="292" sc="0" el="292" ec="0" bec="0" bev="0" fileid="110" />
                <SequencePoint vc="0" uspid="8395" ordinal="0" offset="21" sl="293" sc="0" el="293" ec="0" bec="0" bev="0" fileid="110" />
                <SequencePoint vc="0" uspid="8396" ordinal="0" offset="22" sl="294" sc="0" el="294" ec="0" bec="0" bev="0" fileid="110" />
                <SequencePoint vc="0" uspid="8397" ordinal="0" offset="27" sl="294" sc="0" el="294" ec="0" bec="0" bev="0" fileid="110" />
                <SequencePoint vc="0" uspid="8398" ordinal="0" offset="28" sl="295" sc="0" el="295" ec="0" bec="0" bev="0" fileid="110" />
                <SequencePoint vc="0" uspid="8399" ordinal="0" offset="82" sl="296" sc="0" el="296" ec="0" bec="0" bev="0" fileid="110" />
                <SequencePoint vc="0" uspid="8400" ordinal="0" offset="85" sl="296" sc="0" el="296" ec="0" bec="0" bev="0" fileid="110" />
                <SequencePoint vc="0" uspid="8401" ordinal="0" offset="86" sl="297" sc="0" el="297" ec="0" bec="0" bev="0" fileid="110" />
                <SequencePoint vc="0" uspid="8402" ordinal="0" offset="103" sl="298" sc="0" el="298" ec="0" bec="0" bev="0" fileid="110" />
                <SequencePoint vc="0" uspid="8403" ordinal="0" offset="104" sl="300" sc="0" el="300" ec="0" bec="0" bev="0" fileid="110" />
                <SequencePoint vc="0" uspid="8404" ordinal="0" offset="117" sl="300" sc="0" el="300" ec="0" bec="0" bev="0" fileid="110" />
                <SequencePoint vc="0" uspid="8405" ordinal="0" offset="118" sl="301" sc="0" el="301" ec="0" bec="0" bev="0" fileid="110" />
                <SequencePoint vc="0" uspid="8406" ordinal="0" offset="156" sl="302" sc="0" el="302" ec="0" bec="0" bev="0" fileid="110" />
                <SequencePoint vc="0" uspid="8407" ordinal="0" offset="157" sl="303" sc="0" el="303" ec="0" bec="0" bev="0" fileid="110" />
                <SequencePoint vc="0" uspid="8408" ordinal="0" offset="160" sl="303" sc="0" el="303" ec="0" bec="0" bev="0" fileid="110" />
                <SequencePoint vc="0" uspid="8409" ordinal="0" offset="161" sl="303" sc="0" el="303" ec="0" bec="0" bev="0" fileid="110" />
                <SequencePoint vc="0" uspid="8410" ordinal="0" offset="162" sl="304" sc="0" el="304" ec="0" bec="0" bev="0" fileid="110" />
                <SequencePoint vc="0" uspid="8411" ordinal="0" offset="174" sl="305" sc="0" el="305" ec="0" bec="0" bev="0" fileid="110" />
                <SequencePoint vc="0" uspid="8412" ordinal="0" offset="177" sl="306" sc="0" el="306" ec="0" bec="0" bev="0" fileid="110" />
              </SequencePoints>
              <BranchPoints />
            </Method>
            <Method visited="false" cyclomaticComplexity="0" nPathComplexity="0" sequenceCoverage="0.0" branchCoverage="0" crapScore="0" isConstructor="false" isStatic="false" isGetter="false" isSetter="false">
              <Summary numSequencePoints="10" visitedSequencePoints="0" numBranchPoints="0" visitedBranchPoints="0" sequenceCoverage="0.0" branchCoverage="0" maxCyclomaticComplexity="0" minCyclomaticComplexity="0" maxCrapScore="0" minCrapScore="0" visitedClasses="0" numClasses="0" visitedMethods="0" numMethods="1" />
              <MetadataToken>100663306</MetadataToken>
              <Name>System.Void Fusion.NetworkAssetSourceResource[T]::UnloadInternal()</Name>
              <FileRef uid="110" />
              <SequencePoints>
                <SequencePoint vc="0" uspid="8413" ordinal="0" offset="0" sl="308" sc="0" el="308" ec="0" bec="0" bev="0" fileid="110" />
                <SequencePoint vc="0" uspid="8414" ordinal="0" offset="1" sl="309" sc="0" el="309" ec="0" bec="0" bev="0" fileid="110" />
                <SequencePoint vc="0" uspid="8415" ordinal="0" offset="21" sl="309" sc="0" el="309" ec="0" bec="0" bev="0" fileid="110" />
                <SequencePoint vc="0" uspid="8416" ordinal="0" offset="22" sl="310" sc="0" el="310" ec="0" bec="0" bev="0" fileid="110" />
                <SequencePoint vc="0" uspid="8417" ordinal="0" offset="60" sl="313" sc="0" el="313" ec="0" bec="0" bev="0" fileid="110" />
                <SequencePoint vc="0" uspid="8418" ordinal="0" offset="63" sl="313" sc="0" el="313" ec="0" bec="0" bev="0" fileid="110" />
                <SequencePoint vc="0" uspid="8419" ordinal="0" offset="81" sl="313" sc="0" el="313" ec="0" bec="0" bev="0" fileid="110" />
                <SequencePoint vc="0" uspid="8420" ordinal="0" offset="82" sl="315" sc="0" el="315" ec="0" bec="0" bev="0" fileid="110" />
                <SequencePoint vc="0" uspid="8421" ordinal="0" offset="83" sl="317" sc="0" el="317" ec="0" bec="0" bev="0" fileid="110" />
                <SequencePoint vc="0" uspid="8422" ordinal="0" offset="90" sl="318" sc="0" el="318" ec="0" bec="0" bev="0" fileid="110" />
              </SequencePoints>
              <BranchPoints />
            </Method>
            <Method visited="false" cyclomaticComplexity="0" nPathComplexity="0" sequenceCoverage="0.0" branchCoverage="0" crapScore="0" isConstructor="false" isStatic="false" isGetter="true" isSetter="false">
              <Summary numSequencePoints="1" visitedSequencePoints="0" numBranchPoints="0" visitedBranchPoints="0" sequenceCoverage="0.0" branchCoverage="0" maxCyclomaticComplexity="0" minCyclomaticComplexity="0" maxCrapScore="0" minCrapScore="0" visitedClasses="0" numClasses="0" visitedMethods="0" numMethods="1" />
              <MetadataToken>100663307</MetadataToken>
              <Name>System.String Fusion.NetworkAssetSourceResource[T]::get_Description()</Name>
              <FileRef uid="110" />
              <SequencePoints>
                <SequencePoint vc="0" uspid="8423" ordinal="0" offset="0" sl="323" sc="0" el="323" ec="0" bec="0" bev="0" fileid="110" />
              </SequencePoints>
              <BranchPoints />
            </Method>
            <Method visited="false" cyclomaticComplexity="0" nPathComplexity="0" sequenceCoverage="0.0" branchCoverage="0" crapScore="0" isConstructor="false" isStatic="false" isGetter="true" isSetter="false">
              <Summary numSequencePoints="1" visitedSequencePoints="0" numBranchPoints="0" visitedBranchPoints="0" sequenceCoverage="0.0" branchCoverage="0" maxCyclomaticComplexity="0" minCyclomaticComplexity="0" maxCrapScore="0" minCrapScore="0" visitedClasses="0" numClasses="0" visitedMethods="0" numMethods="1" />
              <MetadataToken>100663308</MetadataToken>
              <Name>T Fusion.NetworkAssetSourceResource[T]::get_EditorInstance()</Name>
              <FileRef uid="110" />
              <SequencePoints>
                <SequencePoint vc="0" uspid="8424" ordinal="0" offset="0" sl="329" sc="0" el="329" ec="0" bec="0" bev="0" fileid="110" />
              </SequencePoints>
              <BranchPoints />
            </Method>
          </Methods>
        </Class>
        <Class>
          <Summary numSequencePoints="24" visitedSequencePoints="0" numBranchPoints="0" visitedBranchPoints="0" sequenceCoverage="0.0" branchCoverage="0.0" maxCyclomaticComplexity="0" minCyclomaticComplexity="0" maxCrapScore="0" minCrapScore="0" visitedClasses="0" numClasses="1" visitedMethods="0" numMethods="8" />
          <FullName>Fusion.NetworkAssetSourceStatic[T]</FullName>
          <Methods>
            <Method visited="false" cyclomaticComplexity="0" nPathComplexity="0" sequenceCoverage="0.0" branchCoverage="0" crapScore="0" isConstructor="false" isStatic="false" isGetter="true" isSetter="false">
              <Summary numSequencePoints="1" visitedSequencePoints="0" numBranchPoints="0" visitedBranchPoints="0" sequenceCoverage="0.0" branchCoverage="0" maxCyclomaticComplexity="0" minCyclomaticComplexity="0" maxCrapScore="0" minCrapScore="0" visitedClasses="0" numClasses="0" visitedMethods="0" numMethods="1" />
              <MetadataToken>100663310</MetadataToken>
              <Name>T Fusion.NetworkAssetSourceStatic[T]::get_Prefab()</Name>
              <FileRef uid="110" />
              <SequencePoints>
                <SequencePoint vc="0" uspid="8425" ordinal="0" offset="0" sl="361" sc="0" el="361" ec="0" bec="0" bev="0" fileid="110" />
              </SequencePoints>
              <BranchPoints />
            </Method>
            <Method visited="false" cyclomaticComplexity="0" nPathComplexity="0" sequenceCoverage="0.0" branchCoverage="0" crapScore="0" isConstructor="false" isStatic="false" isGetter="false" isSetter="true">
              <Summary numSequencePoints="1" visitedSequencePoints="0" numBranchPoints="0" visitedBranchPoints="0" sequenceCoverage="0.0" branchCoverage="0" maxCyclomaticComplexity="0" minCyclomaticComplexity="0" maxCrapScore="0" minCrapScore="0" visitedClasses="0" numClasses="0" visitedMethods="0" numMethods="1" />
              <MetadataToken>100663311</MetadataToken>
              <Name>System.Void Fusion.NetworkAssetSourceStatic[T]::set_Prefab(T)</Name>
              <FileRef uid="110" />
              <SequencePoints>
                <SequencePoint vc="0" uspid="8426" ordinal="0" offset="0" sl="362" sc="0" el="362" ec="0" bec="0" bev="0" fileid="110" />
              </SequencePoints>
              <BranchPoints />
            </Method>
            <Method visited="false" cyclomaticComplexity="0" nPathComplexity="0" sequenceCoverage="0.0" branchCoverage="0" crapScore="0" isConstructor="false" isStatic="false" isGetter="true" isSetter="false">
              <Summary numSequencePoints="1" visitedSequencePoints="0" numBranchPoints="0" visitedBranchPoints="0" sequenceCoverage="0.0" branchCoverage="0" maxCyclomaticComplexity="0" minCyclomaticComplexity="0" maxCrapScore="0" minCrapScore="0" visitedClasses="0" numClasses="0" visitedMethods="0" numMethods="1" />
              <MetadataToken>100663312</MetadataToken>
              <Name>System.Boolean Fusion.NetworkAssetSourceStatic[T]::get_IsCompleted()</Name>
              <FileRef uid="110" />
              <SequencePoints>
                <SequencePoint vc="0" uspid="8427" ordinal="0" offset="0" sl="368" sc="0" el="368" ec="0" bec="0" bev="0" fileid="110" />
              </SequencePoints>
              <BranchPoints />
            </Method>
            <Method visited="false" cyclomaticComplexity="0" nPathComplexity="0" sequenceCoverage="0.0" branchCoverage="0" crapScore="0" isConstructor="false" isStatic="false" isGetter="false" isSetter="false">
              <Summary numSequencePoints="2" visitedSequencePoints="0" numBranchPoints="0" visitedBranchPoints="0" sequenceCoverage="0.0" branchCoverage="0" maxCyclomaticComplexity="0" minCyclomaticComplexity="0" maxCrapScore="0" minCrapScore="0" visitedClasses="0" numClasses="0" visitedMethods="0" numMethods="1" />
              <MetadataToken>100663313</MetadataToken>
              <Name>System.Void Fusion.NetworkAssetSourceStatic[T]::Acquire(System.Boolean)</Name>
              <FileRef uid="110" />
              <SequencePoints>
                <SequencePoint vc="0" uspid="8428" ordinal="0" offset="0" sl="373" sc="0" el="373" ec="0" bec="0" bev="0" fileid="110" />
                <SequencePoint vc="0" uspid="8429" ordinal="0" offset="1" sl="375" sc="0" el="375" ec="0" bec="0" bev="0" fileid="110" />
              </SequencePoints>
              <BranchPoints />
            </Method>
            <Method visited="false" cyclomaticComplexity="0" nPathComplexity="0" sequenceCoverage="0.0" branchCoverage="0" crapScore="0" isConstructor="false" isStatic="false" isGetter="false" isSetter="false">
              <Summary numSequencePoints="2" visitedSequencePoints="0" numBranchPoints="0" visitedBranchPoints="0" sequenceCoverage="0.0" branchCoverage="0" maxCyclomaticComplexity="0" minCyclomaticComplexity="0" maxCrapScore="0" minCrapScore="0" visitedClasses="0" numClasses="0" visitedMethods="0" numMethods="1" />
              <MetadataToken>100663314</MetadataToken>
              <Name>System.Void Fusion.NetworkAssetSourceStatic[T]::Release()</Name>
              <FileRef uid="110" />
              <SequencePoints>
                <SequencePoint vc="0" uspid="8430" ordinal="0" offset="0" sl="380" sc="0" el="380" ec="0" bec="0" bev="0" fileid="110" />
                <SequencePoint vc="0" uspid="8431" ordinal="0" offset="1" sl="382" sc="0" el="382" ec="0" bec="0" bev="0" fileid="110" />
              </SequencePoints>
              <BranchPoints />
            </Method>
            <Method visited="false" cyclomaticComplexity="0" nPathComplexity="0" sequenceCoverage="0.0" branchCoverage="0" crapScore="0" isConstructor="false" isStatic="false" isGetter="false" isSetter="false">
              <Summary numSequencePoints="6" visitedSequencePoints="0" numBranchPoints="0" visitedBranchPoints="0" sequenceCoverage="0.0" branchCoverage="0" maxCyclomaticComplexity="0" minCyclomaticComplexity="0" maxCrapScore="0" minCrapScore="0" visitedClasses="0" numClasses="0" visitedMethods="0" numMethods="1" />
              <MetadataToken>100663315</MetadataToken>
              <Name>T Fusion.NetworkAssetSourceStatic[T]::WaitForResult()</Name>
              <FileRef uid="110" />
              <SequencePoints>
                <SequencePoint vc="0" uspid="8432" ordinal="0" offset="0" sl="387" sc="0" el="387" ec="0" bec="0" bev="0" fileid="110" />
                <SequencePoint vc="0" uspid="8433" ordinal="0" offset="1" sl="388" sc="0" el="388" ec="0" bec="0" bev="0" fileid="110" />
                <SequencePoint vc="0" uspid="8434" ordinal="0" offset="22" sl="388" sc="0" el="388" ec="0" bec="0" bev="0" fileid="110" />
                <SequencePoint vc="0" uspid="8435" ordinal="0" offset="23" sl="389" sc="0" el="389" ec="0" bec="0" bev="0" fileid="110" />
                <SequencePoint vc="0" uspid="8436" ordinal="0" offset="34" sl="392" sc="0" el="392" ec="0" bec="0" bev="0" fileid="110" />
                <SequencePoint vc="0" uspid="8437" ordinal="0" offset="43" sl="393" sc="0" el="393" ec="0" bec="0" bev="0" fileid="110" />
              </SequencePoints>
              <BranchPoints />
            </Method>
            <Method visited="false" cyclomaticComplexity="0" nPathComplexity="0" sequenceCoverage="0.0" branchCoverage="0" crapScore="0" isConstructor="false" isStatic="false" isGetter="true" isSetter="false">
              <Summary numSequencePoints="10" visitedSequencePoints="0" numBranchPoints="0" visitedBranchPoints="0" sequenceCoverage="0.0" branchCoverage="0" maxCyclomaticComplexity="0" minCyclomaticComplexity="0" maxCrapScore="0" minCrapScore="0" visitedClasses="0" numClasses="0" visitedMethods="0" numMethods="1" />
              <MetadataToken>100663316</MetadataToken>
              <Name>System.String Fusion.NetworkAssetSourceStatic[T]::get_Description()</Name>
              <FileRef uid="110" />
              <SequencePoints>
                <SequencePoint vc="0" uspid="8438" ordinal="0" offset="0" sl="397" sc="0" el="397" ec="0" bec="0" bev="0" fileid="110" />
                <SequencePoint vc="0" uspid="8439" ordinal="0" offset="1" sl="398" sc="0" el="398" ec="0" bec="0" bev="0" fileid="110" />
                <SequencePoint vc="0" uspid="8440" ordinal="0" offset="21" sl="398" sc="0" el="398" ec="0" bec="0" bev="0" fileid="110" />
                <SequencePoint vc="0" uspid="8441" ordinal="0" offset="22" sl="400" sc="0" el="400" ec="0" bec="0" bev="0" fileid="110" />
                <SequencePoint vc="0" uspid="8442" ordinal="0" offset="46" sl="400" sc="0" el="400" ec="0" bec="0" bev="0" fileid="110" />
                <SequencePoint vc="0" uspid="8443" ordinal="0" offset="47" sl="401" sc="0" el="401" ec="0" bec="0" bev="0" fileid="110" />
                <SequencePoint vc="0" uspid="8444" ordinal="0" offset="68" sl="404" sc="0" el="404" ec="0" bec="0" bev="0" fileid="110" />
                <SequencePoint vc="0" uspid="8445" ordinal="0" offset="105" sl="405" sc="0" el="405" ec="0" bec="0" bev="0" fileid="110" />
                <SequencePoint vc="0" uspid="8446" ordinal="0" offset="106" sl="406" sc="0" el="406" ec="0" bec="0" bev="0" fileid="110" />
                <SequencePoint vc="0" uspid="8447" ordinal="0" offset="115" sl="408" sc="0" el="408" ec="0" bec="0" bev="0" fileid="110" />
              </SequencePoints>
              <BranchPoints />
            </Method>
            <Method visited="false" cyclomaticComplexity="0" nPathComplexity="0" sequenceCoverage="0.0" branchCoverage="0" crapScore="0" isConstructor="false" isStatic="false" isGetter="true" isSetter="false">
              <Summary numSequencePoints="1" visitedSequencePoints="0" numBranchPoints="0" visitedBranchPoints="0" sequenceCoverage="0.0" branchCoverage="0" maxCyclomaticComplexity="0" minCyclomaticComplexity="0" maxCrapScore="0" minCrapScore="0" visitedClasses="0" numClasses="0" visitedMethods="0" numMethods="1" />
              <MetadataToken>100663317</MetadataToken>
              <Name>T Fusion.NetworkAssetSourceStatic[T]::get_EditorInstance()</Name>
              <FileRef uid="110" />
              <SequencePoints>
                <SequencePoint vc="0" uspid="8448" ordinal="0" offset="0" sl="415" sc="0" el="415" ec="0" bec="0" bev="0" fileid="110" />
              </SequencePoints>
              <BranchPoints />
            </Method>
          </Methods>
        </Class>
        <Class>
          <Summary numSequencePoints="27" visitedSequencePoints="0" numBranchPoints="0" visitedBranchPoints="0" sequenceCoverage="0.0" branchCoverage="0.0" maxCyclomaticComplexity="0" minCyclomaticComplexity="0" maxCrapScore="0" minCrapScore="0" visitedClasses="0" numClasses="1" visitedMethods="0" numMethods="8" />
          <FullName>Fusion.NetworkAssetSourceStaticLazy[T]</FullName>
          <Methods>
            <Method visited="false" cyclomaticComplexity="0" nPathComplexity="0" sequenceCoverage="0.0" branchCoverage="0" crapScore="0" isConstructor="false" isStatic="false" isGetter="true" isSetter="false">
              <Summary numSequencePoints="1" visitedSequencePoints="0" numBranchPoints="0" visitedBranchPoints="0" sequenceCoverage="0.0" branchCoverage="0" maxCyclomaticComplexity="0" minCyclomaticComplexity="0" maxCrapScore="0" minCrapScore="0" visitedClasses="0" numClasses="0" visitedMethods="0" numMethods="1" />
              <MetadataToken>100663319</MetadataToken>
              <Name>UnityEngine.LazyLoadReference[T] Fusion.NetworkAssetSourceStaticLazy[T]::get_Prefab()</Name>
              <FileRef uid="110" />
              <SequencePoints>
                <SequencePoint vc="0" uspid="8449" ordinal="0" offset="0" sl="448" sc="0" el="448" ec="0" bec="0" bev="0" fileid="110" />
              </SequencePoints>
              <BranchPoints />
            </Method>
            <Method visited="false" cyclomaticComplexity="0" nPathComplexity="0" sequenceCoverage="0.0" branchCoverage="0" crapScore="0" isConstructor="false" isStatic="false" isGetter="false" isSetter="true">
              <Summary numSequencePoints="1" visitedSequencePoints="0" numBranchPoints="0" visitedBranchPoints="0" sequenceCoverage="0.0" branchCoverage="0" maxCyclomaticComplexity="0" minCyclomaticComplexity="0" maxCrapScore="0" minCrapScore="0" visitedClasses="0" numClasses="0" visitedMethods="0" numMethods="1" />
              <MetadataToken>100663320</MetadataToken>
              <Name>System.Void Fusion.NetworkAssetSourceStaticLazy[T]::set_Prefab(UnityEngine.LazyLoadReference[T])</Name>
              <FileRef uid="110" />
              <SequencePoints>
                <SequencePoint vc="0" uspid="8450" ordinal="0" offset="0" sl="449" sc="0" el="449" ec="0" bec="0" bev="0" fileid="110" />
              </SequencePoints>
              <BranchPoints />
            </Method>
            <Method visited="false" cyclomaticComplexity="0" nPathComplexity="0" sequenceCoverage="0.0" branchCoverage="0" crapScore="0" isConstructor="false" isStatic="false" isGetter="true" isSetter="false">
              <Summary numSequencePoints="1" visitedSequencePoints="0" numBranchPoints="0" visitedBranchPoints="0" sequenceCoverage="0.0" branchCoverage="0" maxCyclomaticComplexity="0" minCyclomaticComplexity="0" maxCrapScore="0" minCrapScore="0" visitedClasses="0" numClasses="0" visitedMethods="0" numMethods="1" />
              <MetadataToken>100663321</MetadataToken>
              <Name>System.Boolean Fusion.NetworkAssetSourceStaticLazy[T]::get_IsCompleted()</Name>
              <FileRef uid="110" />
              <SequencePoints>
                <SequencePoint vc="0" uspid="8451" ordinal="0" offset="0" sl="453" sc="0" el="453" ec="0" bec="0" bev="0" fileid="110" />
              </SequencePoints>
              <BranchPoints />
            </Method>
            <Method visited="false" cyclomaticComplexity="0" nPathComplexity="0" sequenceCoverage="0.0" branchCoverage="0" crapScore="0" isConstructor="false" isStatic="false" isGetter="false" isSetter="false">
              <Summary numSequencePoints="2" visitedSequencePoints="0" numBranchPoints="0" visitedBranchPoints="0" sequenceCoverage="0.0" branchCoverage="0" maxCyclomaticComplexity="0" minCyclomaticComplexity="0" maxCrapScore="0" minCrapScore="0" visitedClasses="0" numClasses="0" visitedMethods="0" numMethods="1" />
              <MetadataToken>100663322</MetadataToken>
              <Name>System.Void Fusion.NetworkAssetSourceStaticLazy[T]::Acquire(System.Boolean)</Name>
              <FileRef uid="110" />
              <SequencePoints>
                <SequencePoint vc="0" uspid="8452" ordinal="0" offset="0" sl="456" sc="0" el="456" ec="0" bec="0" bev="0" fileid="110" />
                <SequencePoint vc="0" uspid="8453" ordinal="0" offset="1" sl="458" sc="0" el="458" ec="0" bec="0" bev="0" fileid="110" />
              </SequencePoints>
              <BranchPoints />
            </Method>
            <Method visited="false" cyclomaticComplexity="0" nPathComplexity="0" sequenceCoverage="0.0" branchCoverage="0" crapScore="0" isConstructor="false" isStatic="false" isGetter="false" isSetter="false">
              <Summary numSequencePoints="2" visitedSequencePoints="0" numBranchPoints="0" visitedBranchPoints="0" sequenceCoverage="0.0" branchCoverage="0" maxCyclomaticComplexity="0" minCyclomaticComplexity="0" maxCrapScore="0" minCrapScore="0" visitedClasses="0" numClasses="0" visitedMethods="0" numMethods="1" />
              <MetadataToken>100663323</MetadataToken>
              <Name>System.Void Fusion.NetworkAssetSourceStaticLazy[T]::Release()</Name>
              <FileRef uid="110" />
              <SequencePoints>
                <SequencePoint vc="0" uspid="8454" ordinal="0" offset="0" sl="461" sc="0" el="461" ec="0" bec="0" bev="0" fileid="110" />
                <SequencePoint vc="0" uspid="8455" ordinal="0" offset="1" sl="463" sc="0" el="463" ec="0" bec="0" bev="0" fileid="110" />
              </SequencePoints>
              <BranchPoints />
            </Method>
            <Method visited="false" cyclomaticComplexity="0" nPathComplexity="0" sequenceCoverage="0.0" branchCoverage="0" crapScore="0" isConstructor="false" isStatic="false" isGetter="false" isSetter="false">
              <Summary numSequencePoints="6" visitedSequencePoints="0" numBranchPoints="0" visitedBranchPoints="0" sequenceCoverage="0.0" branchCoverage="0" maxCyclomaticComplexity="0" minCyclomaticComplexity="0" maxCrapScore="0" minCrapScore="0" visitedClasses="0" numClasses="0" visitedMethods="0" numMethods="1" />
              <MetadataToken>100663324</MetadataToken>
              <Name>T Fusion.NetworkAssetSourceStaticLazy[T]::WaitForResult()</Name>
              <FileRef uid="110" />
              <SequencePoints>
                <SequencePoint vc="0" uspid="8456" ordinal="0" offset="0" sl="466" sc="0" el="466" ec="0" bec="0" bev="0" fileid="110" />
                <SequencePoint vc="0" uspid="8457" ordinal="0" offset="1" sl="467" sc="0" el="467" ec="0" bec="0" bev="0" fileid="110" />
                <SequencePoint vc="0" uspid="8458" ordinal="0" offset="27" sl="467" sc="0" el="467" ec="0" bec="0" bev="0" fileid="110" />
                <SequencePoint vc="0" uspid="8459" ordinal="0" offset="28" sl="468" sc="0" el="468" ec="0" bec="0" bev="0" fileid="110" />
                <SequencePoint vc="0" uspid="8460" ordinal="0" offset="39" sl="471" sc="0" el="471" ec="0" bec="0" bev="0" fileid="110" />
                <SequencePoint vc="0" uspid="8461" ordinal="0" offset="53" sl="472" sc="0" el="472" ec="0" bec="0" bev="0" fileid="110" />
              </SequencePoints>
              <BranchPoints />
            </Method>
            <Method visited="false" cyclomaticComplexity="0" nPathComplexity="0" sequenceCoverage="0.0" branchCoverage="0" crapScore="0" isConstructor="false" isStatic="false" isGetter="true" isSetter="false">
              <Summary numSequencePoints="13" visitedSequencePoints="0" numBranchPoints="0" visitedBranchPoints="0" sequenceCoverage="0.0" branchCoverage="0" maxCyclomaticComplexity="0" minCyclomaticComplexity="0" maxCrapScore="0" minCrapScore="0" visitedClasses="0" numClasses="0" visitedMethods="0" numMethods="1" />
              <MetadataToken>100663325</MetadataToken>
              <Name>System.String Fusion.NetworkAssetSourceStaticLazy[T]::get_Description()</Name>
              <FileRef uid="110" />
              <SequencePoints>
                <SequencePoint vc="0" uspid="8462" ordinal="0" offset="0" sl="476" sc="0" el="476" ec="0" bec="0" bev="0" fileid="110" />
                <SequencePoint vc="0" uspid="8463" ordinal="0" offset="1" sl="477" sc="0" el="477" ec="0" bec="0" bev="0" fileid="110" />
                <SequencePoint vc="0" uspid="8464" ordinal="0" offset="16" sl="477" sc="0" el="477" ec="0" bec="0" bev="0" fileid="110" />
                <SequencePoint vc="0" uspid="8465" ordinal="0" offset="17" sl="478" sc="0" el="478" ec="0" bec="0" bev="0" fileid="110" />
                <SequencePoint vc="0" uspid="8466" ordinal="0" offset="25" sl="479" sc="0" el="479" ec="0" bec="0" bev="0" fileid="110" />
                <SequencePoint vc="0" uspid="8467" ordinal="0" offset="40" sl="479" sc="0" el="479" ec="0" bec="0" bev="0" fileid="110" />
                <SequencePoint vc="0" uspid="8468" ordinal="0" offset="41" sl="481" sc="0" el="481" ec="0" bec="0" bev="0" fileid="110" />
                <SequencePoint vc="0" uspid="8469" ordinal="0" offset="62" sl="481" sc="0" el="481" ec="0" bec="0" bev="0" fileid="110" />
                <SequencePoint vc="0" uspid="8470" ordinal="0" offset="63" sl="482" sc="0" el="482" ec="0" bec="0" bev="0" fileid="110" />
                <SequencePoint vc="0" uspid="8471" ordinal="0" offset="84" sl="485" sc="0" el="485" ec="0" bec="0" bev="0" fileid="110" />
                <SequencePoint vc="0" uspid="8472" ordinal="0" offset="125" sl="486" sc="0" el="486" ec="0" bec="0" bev="0" fileid="110" />
                <SequencePoint vc="0" uspid="8473" ordinal="0" offset="126" sl="487" sc="0" el="487" ec="0" bec="0" bev="0" fileid="110" />
                <SequencePoint vc="0" uspid="8474" ordinal="0" offset="134" sl="489" sc="0" el="489" ec="0" bec="0" bev="0" fileid="110" />
              </SequencePoints>
              <BranchPoints />
            </Method>
            <Method visited="false" cyclomaticComplexity="0" nPathComplexity="0" sequenceCoverage="0.0" branchCoverage="0" crapScore="0" isConstructor="false" isStatic="false" isGetter="true" isSetter="false">
              <Summary numSequencePoints="1" visitedSequencePoints="0" numBranchPoints="0" visitedBranchPoints="0" sequenceCoverage="0.0" branchCoverage="0" maxCyclomaticComplexity="0" minCyclomaticComplexity="0" maxCrapScore="0" minCrapScore="0" visitedClasses="0" numClasses="0" visitedMethods="0" numMethods="1" />
              <MetadataToken>100663326</MetadataToken>
              <Name>T Fusion.NetworkAssetSourceStaticLazy[T]::get_EditorInstance()</Name>
              <FileRef uid="110" />
              <SequencePoints>
                <SequencePoint vc="0" uspid="8475" ordinal="0" offset="0" sl="494" sc="0" el="494" ec="0" bec="0" bev="0" fileid="110" />
              </SequencePoints>
              <BranchPoints />
            </Method>
          </Methods>
        </Class>
        <Class>
          <Summary numSequencePoints="16" visitedSequencePoints="0" numBranchPoints="0" visitedBranchPoints="0" sequenceCoverage="0.0" branchCoverage="0.0" maxCyclomaticComplexity="0" minCyclomaticComplexity="0" maxCrapScore="0" minCrapScore="0" visitedClasses="0" numClasses="1" visitedMethods="0" numMethods="1" />
          <FullName>Fusion.JsonUtilityExtensions</FullName>
          <Methods>
            <Method visited="false" cyclomaticComplexity="0" nPathComplexity="0" sequenceCoverage="0.0" branchCoverage="0" crapScore="0" isConstructor="false" isStatic="true" isGetter="false" isSetter="false">
              <Summary numSequencePoints="16" visitedSequencePoints="0" numBranchPoints="0" visitedBranchPoints="0" sequenceCoverage="0.0" branchCoverage="0" maxCyclomaticComplexity="0" minCyclomaticComplexity="0" maxCrapScore="0" minCrapScore="0" visitedClasses="0" numClasses="0" visitedMethods="0" numMethods="1" />
              <MetadataToken>100663367</MetadataToken>
              <Name>static T Fusion.JsonUtilityExtensions::FromJsonWithTypeAnnotation[T](System.String, Fusion.JsonUtilityExtensions/TypeResolverDelegate)</Name>
              <FileRef uid="110" />
              <SequencePoints>
                <SequencePoint vc="0" uspid="8860" ordinal="0" offset="0" sl="1255" sc="0" el="1255" ec="0" bec="0" bev="0" fileid="110" />
                <SequencePoint vc="0" uspid="8861" ordinal="0" offset="1" sl="1256" sc="0" el="1256" ec="0" bec="0" bev="0" fileid="110" />
                <SequencePoint vc="0" uspid="8862" ordinal="0" offset="20" sl="1256" sc="0" el="1256" ec="0" bec="0" bev="0" fileid="110" />
                <SequencePoint vc="0" uspid="8863" ordinal="0" offset="21" sl="1257" sc="0" el="1257" ec="0" bec="0" bev="0" fileid="110" />
                <SequencePoint vc="0" uspid="8864" ordinal="0" offset="61" sl="1258" sc="0" el="1258" ec="0" bec="0" bev="0" fileid="110" />
                <SequencePoint vc="0" uspid="8865" ordinal="0" offset="73" sl="1259" sc="0" el="1259" ec="0" bec="0" bev="0" fileid="110" />
                <SequencePoint vc="0" uspid="8866" ordinal="0" offset="82" sl="1261" sc="0" el="1261" ec="0" bec="0" bev="0" fileid="110" />
                <SequencePoint vc="0" uspid="8867" ordinal="0" offset="109" sl="1262" sc="0" el="1262" ec="0" bec="0" bev="0" fileid="110" />
                <SequencePoint vc="0" uspid="8868" ordinal="0" offset="118" sl="1263" sc="0" el="1263" ec="0" bec="0" bev="0" fileid="110" />
                <SequencePoint vc="0" uspid="8869" ordinal="0" offset="128" sl="1266" sc="0" el="1266" ec="0" bec="0" bev="0" fileid="110" />
                <SequencePoint vc="0" uspid="8870" ordinal="0" offset="170" sl="1266" sc="0" el="1266" ec="0" bec="0" bev="0" fileid="110" />
                <SequencePoint vc="0" uspid="8871" ordinal="0" offset="171" sl="1267" sc="0" el="1267" ec="0" bec="0" bev="0" fileid="110" />
                <SequencePoint vc="0" uspid="8872" ordinal="0" offset="193" sl="1268" sc="0" el="1268" ec="0" bec="0" bev="0" fileid="110" />
                <SequencePoint vc="0" uspid="8873" ordinal="0" offset="203" sl="1269" sc="0" el="1269" ec="0" bec="0" bev="0" fileid="110" />
                <SequencePoint vc="0" uspid="8874" ordinal="0" offset="214" sl="1272" sc="0" el="1272" ec="0" bec="0" bev="0" fileid="110" />
                <SequencePoint vc="0" uspid="8875" ordinal="0" offset="231" sl="1273" sc="0" el="1273" ec="0" bec="0" bev="0" fileid="110" />
              </SequencePoints>
              <BranchPoints />
            </Method>
          </Methods>
        </Class>
        <Class>
          <Summary numSequencePoints="5" visitedSequencePoints="0" numBranchPoints="0" visitedBranchPoints="0" sequenceCoverage="0.0" branchCoverage="0.0" maxCyclomaticComplexity="0" minCyclomaticComplexity="0" maxCrapScore="0" minCrapScore="0" visitedClasses="0" numClasses="1" visitedMethods="0" numMethods="2" />
          <FullName>Fusion.FusionMppm</FullName>
          <Methods>
            <Method visited="false" cyclomaticComplexity="0" nPathComplexity="0" sequenceCoverage="0.0" branchCoverage="0" crapScore="0" isConstructor="false" isStatic="false" isGetter="false" isSetter="false">
              <Summary numSequencePoints="2" visitedSequencePoints="0" numBranchPoints="0" visitedBranchPoints="0" sequenceCoverage="0.0" branchCoverage="0" maxCyclomaticComplexity="0" minCyclomaticComplexity="0" maxCrapScore="0" minCrapScore="0" visitedClasses="0" numClasses="0" visitedMethods="0" numMethods="1" />
              <MetadataToken>100663376</MetadataToken>
              <Name>System.Void Fusion.FusionMppm::Send[T](T)</Name>
              <FileRef uid="110" />
              <SequencePoints>
                <SequencePoint vc="0" uspid="9073" ordinal="0" offset="0" sl="1829" sc="0" el="1829" ec="0" bec="0" bev="0" fileid="110" />
                <SequencePoint vc="0" uspid="9074" ordinal="0" offset="1" sl="1834" sc="0" el="1834" ec="0" bec="0" bev="0" fileid="110" />
              </SequencePoints>
              <BranchPoints />
            </Method>
            <Method visited="false" cyclomaticComplexity="0" nPathComplexity="0" sequenceCoverage="0.0" branchCoverage="0" crapScore="0" isConstructor="false" isStatic="true" isGetter="false" isSetter="false">
              <Summary numSequencePoints="3" visitedSequencePoints="0" numBranchPoints="0" visitedBranchPoints="0" sequenceCoverage="0.0" branchCoverage="0" maxCyclomaticComplexity="0" minCyclomaticComplexity="0" maxCrapScore="0" minCrapScore="0" visitedClasses="0" numClasses="0" visitedMethods="0" numMethods="1" />
              <MetadataToken>100663377</MetadataToken>
              <Name>static System.Void Fusion.FusionMppm::Broadcast[T](T)</Name>
              <FileRef uid="110" />
              <SequencePoints>
                <SequencePoint vc="0" uspid="9075" ordinal="0" offset="0" sl="1848" sc="0" el="1848" ec="0" bec="0" bev="0" fileid="110" />
                <SequencePoint vc="0" uspid="9076" ordinal="0" offset="1" sl="1849" sc="0" el="1849" ec="0" bec="0" bev="0" fileid="110" />
                <SequencePoint vc="0" uspid="9077" ordinal="0" offset="19" sl="1850" sc="0" el="1850" ec="0" bec="0" bev="0" fileid="110" />
              </SequencePoints>
              <BranchPoints />
            </Method>
          </Methods>
        </Class>
        <Class>
          <Summary numSequencePoints="17" visitedSequencePoints="0" numBranchPoints="0" visitedBranchPoints="0" sequenceCoverage="0.0" branchCoverage="0.0" maxCyclomaticComplexity="0" minCyclomaticComplexity="0" maxCrapScore="0" minCrapScore="0" visitedClasses="0" numClasses="1" visitedMethods="0" numMethods="2" />
          <FullName>Fusion.NetworkObjectBaker</FullName>
          <Methods>
            <Method visited="false" cyclomaticComplexity="0" nPathComplexity="0" sequenceCoverage="0.0" branchCoverage="0" crapScore="0" isConstructor="false" isStatic="false" isGetter="false" isSetter="false">
              <Summary numSequencePoints="8" visitedSequencePoints="0" numBranchPoints="0" visitedBranchPoints="0" sequenceCoverage="0.0" branchCoverage="0" maxCyclomaticComplexity="0" minCyclomaticComplexity="0" maxCrapScore="0" minCrapScore="0" visitedClasses="0" numClasses="0" visitedMethods="0" numMethods="1" />
              <MetadataToken>100663392</MetadataToken>
              <Name>System.Boolean Fusion.NetworkObjectBaker::Set[T](UnityEngine.MonoBehaviour, , T)</Name>
              <FileRef uid="110" />
              <SequencePoints>
                <SequencePoint vc="0" uspid="9218" ordinal="0" offset="0" sl="2377" sc="0" el="2377" ec="0" bec="0" bev="0" fileid="110" />
                <SequencePoint vc="0" uspid="9219" ordinal="0" offset="1" sl="2378" sc="0" el="2378" ec="0" bec="0" bev="0" fileid="110" />
                <SequencePoint vc="0" uspid="9220" ordinal="0" offset="25" sl="2378" sc="0" el="2378" ec="0" bec="0" bev="0" fileid="110" />
                <SequencePoint vc="0" uspid="9221" ordinal="0" offset="26" sl="2380" sc="0" el="2380" ec="0" bec="0" bev="0" fileid="110" />
                <SequencePoint vc="0" uspid="9222" ordinal="0" offset="33" sl="2381" sc="0" el="2381" ec="0" bec="0" bev="0" fileid="110" />
                <SequencePoint vc="0" uspid="9223" ordinal="0" offset="37" sl="2382" sc="0" el="2382" ec="0" bec="0" bev="0" fileid="110" />
                <SequencePoint vc="0" uspid="9224" ordinal="0" offset="38" sl="2383" sc="0" el="2383" ec="0" bec="0" bev="0" fileid="110" />
                <SequencePoint vc="0" uspid="9225" ordinal="0" offset="42" sl="2385" sc="0" el="2385" ec="0" bec="0" bev="0" fileid="110" />
              </SequencePoints>
              <BranchPoints />
            </Method>
            <Method visited="false" cyclomaticComplexity="0" nPathComplexity="0" sequenceCoverage="0.0" branchCoverage="0" crapScore="0" isConstructor="false" isStatic="false" isGetter="false" isSetter="false">
              <Summary numSequencePoints="9" visitedSequencePoints="0" numBranchPoints="0" visitedBranchPoints="0" sequenceCoverage="0.0" branchCoverage="0" maxCyclomaticComplexity="0" minCyclomaticComplexity="0" maxCrapScore="0" minCrapScore="0" visitedClasses="0" numClasses="0" visitedMethods="0" numMethods="1" />
              <MetadataToken>100663393</MetadataToken>
              <Name>System.Boolean Fusion.NetworkObjectBaker::Set[T](UnityEngine.MonoBehaviour, , System.Collections.Generic.List[T])</Name>
              <FileRef uid="110" />
              <SequencePoints>
                <SequencePoint vc="0" uspid="9226" ordinal="0" offset="0" sl="2387" sc="0" el="2387" ec="0" bec="0" bev="0" fileid="110" />
                <SequencePoint vc="0" uspid="9227" ordinal="0" offset="1" sl="2388" sc="0" el="2388" ec="0" bec="0" bev="0" fileid="110" />
                <SequencePoint vc="0" uspid="9228" ordinal="0" offset="7" sl="2389" sc="0" el="2389" ec="0" bec="0" bev="0" fileid="110" />
                <SequencePoint vc="0" uspid="9229" ordinal="0" offset="42" sl="2389" sc="0" el="2389" ec="0" bec="0" bev="0" fileid="110" />
                <SequencePoint vc="0" uspid="9230" ordinal="0" offset="43" sl="2391" sc="0" el="2391" ec="0" bec="0" bev="0" fileid="110" />
                <SequencePoint vc="0" uspid="9231" ordinal="0" offset="51" sl="2392" sc="0" el="2392" ec="0" bec="0" bev="0" fileid="110" />
                <SequencePoint vc="0" uspid="9232" ordinal="0" offset="55" sl="2393" sc="0" el="2393" ec="0" bec="0" bev="0" fileid="110" />
                <SequencePoint vc="0" uspid="9233" ordinal="0" offset="56" sl="2394" sc="0" el="2394" ec="0" bec="0" bev="0" fileid="110" />
                <SequencePoint vc="0" uspid="9234" ordinal="0" offset="60" sl="2396" sc="0" el="2396" ec="0" bec="0" bev="0" fileid="110" />
              </SequencePoints>
              <BranchPoints />
            </Method>
          </Methods>
        </Class>
        <Class>
          <Summary numSequencePoints="58" visitedSequencePoints="0" numBranchPoints="0" visitedBranchPoints="0" sequenceCoverage="0.0" branchCoverage="0.0" maxCyclomaticComplexity="0" minCyclomaticComplexity="0" maxCrapScore="0" minCrapScore="0" visitedClasses="0" numClasses="1" visitedMethods="0" numMethods="4" />
          <FullName>Fusion.FusionUnitySceneManagerUtils</FullName>
          <Methods>
            <Method visited="false" cyclomaticComplexity="0" nPathComplexity="0" sequenceCoverage="0.0" branchCoverage="0" crapScore="0" isConstructor="false" isStatic="true" isGetter="false" isSetter="false">
              <Summary numSequencePoints="3" visitedSequencePoints="0" numBranchPoints="0" visitedBranchPoints="0" sequenceCoverage="0.0" branchCoverage="0" maxCyclomaticComplexity="0" minCyclomaticComplexity="0" maxCrapScore="0" minCrapScore="0" visitedClasses="0" numClasses="0" visitedMethods="0" numMethods="1" />
              <MetadataToken>100663407</MetadataToken>
              <Name>static Fusion.FusionUnitySceneManagerUtils::GetComponents[T](UnityEngine.SceneManagement.Scene, System.Boolean)</Name>
              <FileRef uid="110" />
              <SequencePoints>
                <SequencePoint vc="0" uspid="9325" ordinal="0" offset="0" sl="3773" sc="0" el="3773" ec="0" bec="0" bev="0" fileid="110" />
                <SequencePoint vc="0" uspid="9326" ordinal="0" offset="1" sl="3774" sc="0" el="3774" ec="0" bec="0" bev="0" fileid="110" />
                <SequencePoint vc="0" uspid="9327" ordinal="0" offset="13" sl="3775" sc="0" el="3775" ec="0" bec="0" bev="0" fileid="110" />
              </SequencePoints>
              <BranchPoints />
            </Method>
            <Method visited="false" cyclomaticComplexity="0" nPathComplexity="0" sequenceCoverage="0.0" branchCoverage="0" crapScore="0" isConstructor="false" isStatic="true" isGetter="false" isSetter="false">
              <Summary numSequencePoints="20" visitedSequencePoints="0" numBranchPoints="0" visitedBranchPoints="0" sequenceCoverage="0.0" branchCoverage="0" maxCyclomaticComplexity="0" minCyclomaticComplexity="0" maxCrapScore="0" minCrapScore="0" visitedClasses="0" numClasses="0" visitedMethods="0" numMethods="1" />
              <MetadataToken>100663408</MetadataToken>
              <Name>static Fusion.FusionUnitySceneManagerUtils::GetComponents[T](UnityEngine.SceneManagement.Scene, System.Boolean, UnityEngine.GameObject[]&amp;)</Name>
              <FileRef uid="110" />
              <SequencePoints>
                <SequencePoint vc="0" uspid="9328" ordinal="0" offset="0" sl="3785" sc="0" el="3785" ec="0" bec="0" bev="0" fileid="110" />
                <SequencePoint vc="0" uspid="9329" ordinal="0" offset="1" sl="3786" sc="0" el="3786" ec="0" bec="0" bev="0" fileid="110" />
                <SequencePoint vc="0" uspid="9330" ordinal="0" offset="10" sl="3788" sc="0" el="3788" ec="0" bec="0" bev="0" fileid="110" />
                <SequencePoint vc="0" uspid="9331" ordinal="0" offset="16" sl="3789" sc="0" el="3789" ec="0" bec="0" bev="0" fileid="110" />
                <SequencePoint vc="0" uspid="9332" ordinal="0" offset="22" sl="3791" sc="0" el="3791" ec="0" bec="0" bev="0" fileid="110" />
                <SequencePoint vc="0" uspid="9333" ordinal="0" offset="23" sl="3791" sc="0" el="3791" ec="0" bec="0" bev="0" fileid="110" />
                <SequencePoint vc="0" uspid="9334" ordinal="0" offset="30" sl="3791" sc="0" el="3791" ec="0" bec="0" bev="0" fileid="110" />
                <SequencePoint vc="0" uspid="9335" ordinal="0" offset="35" sl="3791" sc="0" el="3791" ec="0" bec="0" bev="0" fileid="110" />
                <SequencePoint vc="0" uspid="9336" ordinal="0" offset="36" sl="3793" sc="0" el="3793" ec="0" bec="0" bev="0" fileid="110" />
                <SequencePoint vc="0" uspid="9337" ordinal="0" offset="46" sl="3795" sc="0" el="3795" ec="0" bec="0" bev="0" fileid="110" />
                <SequencePoint vc="0" uspid="9338" ordinal="0" offset="47" sl="3795" sc="0" el="3795" ec="0" bec="0" bev="0" fileid="110" />
                <SequencePoint vc="0" uspid="9339" ordinal="0" offset="57" sl="3795" sc="0" el="3795" ec="0" bec="0" bev="0" fileid="110" />
                <SequencePoint vc="0" uspid="9340" ordinal="0" offset="66" sl="3795" sc="0" el="3795" ec="0" bec="0" bev="0" fileid="110" />
                <SequencePoint vc="0" uspid="9341" ordinal="0" offset="67" sl="3796" sc="0" el="3796" ec="0" bec="0" bev="0" fileid="110" />
                <SequencePoint vc="0" uspid="9342" ordinal="0" offset="76" sl="3797" sc="0" el="3797" ec="0" bec="0" bev="0" fileid="110" />
                <SequencePoint vc="0" uspid="9343" ordinal="0" offset="77" sl="3795" sc="0" el="3795" ec="0" bec="0" bev="0" fileid="110" />
                <SequencePoint vc="0" uspid="9344" ordinal="0" offset="103" sl="3798" sc="0" el="3798" ec="0" bec="0" bev="0" fileid="110" />
                <SequencePoint vc="0" uspid="9345" ordinal="0" offset="108" sl="3791" sc="0" el="3791" ec="0" bec="0" bev="0" fileid="110" />
                <SequencePoint vc="0" uspid="9346" ordinal="0" offset="114" sl="3799" sc="0" el="3799" ec="0" bec="0" bev="0" fileid="110" />
                <SequencePoint vc="0" uspid="9347" ordinal="0" offset="124" sl="3800" sc="0" el="3800" ec="0" bec="0" bev="0" fileid="110" />
              </SequencePoints>
              <BranchPoints />
            </Method>
            <Method visited="false" cyclomaticComplexity="0" nPathComplexity="0" sequenceCoverage="0.0" branchCoverage="0" crapScore="0" isConstructor="false" isStatic="true" isGetter="false" isSetter="false">
              <Summary numSequencePoints="20" visitedSequencePoints="0" numBranchPoints="0" visitedBranchPoints="0" sequenceCoverage="0.0" branchCoverage="0" maxCyclomaticComplexity="0" minCyclomaticComplexity="0" maxCrapScore="0" minCrapScore="0" visitedClasses="0" numClasses="0" visitedMethods="0" numMethods="1" />
              <MetadataToken>100663409</MetadataToken>
              <Name>static System.Void Fusion.FusionUnitySceneManagerUtils::GetComponents[T](UnityEngine.SceneManagement.Scene, System.Collections.Generic.List[T], System.Boolean)</Name>
              <FileRef uid="110" />
              <SequencePoints>
                <SequencePoint vc="0" uspid="9348" ordinal="0" offset="0" sl="3812" sc="0" el="3812" ec="0" bec="0" bev="0" fileid="110" />
                <SequencePoint vc="0" uspid="9349" ordinal="0" offset="1" sl="3813" sc="0" el="3813" ec="0" bec="0" bev="0" fileid="110" />
                <SequencePoint vc="0" uspid="9350" ordinal="0" offset="7" sl="3814" sc="0" el="3814" ec="0" bec="0" bev="0" fileid="110" />
                <SequencePoint vc="0" uspid="9351" ordinal="0" offset="16" sl="3815" sc="0" el="3815" ec="0" bec="0" bev="0" fileid="110" />
                <SequencePoint vc="0" uspid="9352" ordinal="0" offset="23" sl="3817" sc="0" el="3817" ec="0" bec="0" bev="0" fileid="110" />
                <SequencePoint vc="0" uspid="9353" ordinal="0" offset="29" sl="3819" sc="0" el="3819" ec="0" bec="0" bev="0" fileid="110" />
                <SequencePoint vc="0" uspid="9354" ordinal="0" offset="30" sl="3819" sc="0" el="3819" ec="0" bec="0" bev="0" fileid="110" />
                <SequencePoint vc="0" uspid="9355" ordinal="0" offset="39" sl="3819" sc="0" el="3819" ec="0" bec="0" bev="0" fileid="110" />
                <SequencePoint vc="0" uspid="9356" ordinal="0" offset="47" sl="3819" sc="0" el="3819" ec="0" bec="0" bev="0" fileid="110" />
                <SequencePoint vc="0" uspid="9357" ordinal="0" offset="48" sl="3821" sc="0" el="3821" ec="0" bec="0" bev="0" fileid="110" />
                <SequencePoint vc="0" uspid="9358" ordinal="0" offset="57" sl="3823" sc="0" el="3823" ec="0" bec="0" bev="0" fileid="110" />
                <SequencePoint vc="0" uspid="9359" ordinal="0" offset="58" sl="3823" sc="0" el="3823" ec="0" bec="0" bev="0" fileid="110" />
                <SequencePoint vc="0" uspid="9360" ordinal="0" offset="68" sl="3823" sc="0" el="3823" ec="0" bec="0" bev="0" fileid="110" />
                <SequencePoint vc="0" uspid="9361" ordinal="0" offset="77" sl="3823" sc="0" el="3823" ec="0" bec="0" bev="0" fileid="110" />
                <SequencePoint vc="0" uspid="9362" ordinal="0" offset="78" sl="3824" sc="0" el="3824" ec="0" bec="0" bev="0" fileid="110" />
                <SequencePoint vc="0" uspid="9363" ordinal="0" offset="87" sl="3825" sc="0" el="3825" ec="0" bec="0" bev="0" fileid="110" />
                <SequencePoint vc="0" uspid="9364" ordinal="0" offset="88" sl="3823" sc="0" el="3823" ec="0" bec="0" bev="0" fileid="110" />
[...]
              <FileRef uid="141" />
              <SequencePoints>
                <SequencePoint vc="0" uspid="27278" ordinal="0" offset="0" sl="6190" sc="0" el="6190" ec="0" bec="0" bev="0" fileid="141" />
                <SequencePoint vc="0" uspid="27279" ordinal="0" offset="1" sl="6191" sc="0" el="6191" ec="0" bec="0" bev="0" fileid="141" />
                <SequencePoint vc="0" uspid="27280" ordinal="0" offset="13" sl="6192" sc="0" el="6192" ec="0" bec="0" bev="0" fileid="141" />
                <SequencePoint vc="0" uspid="27281" ordinal="0" offset="25" sl="6193" sc="0" el="6193" ec="0" bec="0" bev="0" fileid="141" />
                <SequencePoint vc="0" uspid="27282" ordinal="0" offset="33" sl="6194" sc="0" el="6194" ec="0" bec="0" bev="0" fileid="141" />
                <SequencePoint vc="0" uspid="27283" ordinal="0" offset="41" sl="6195" sc="0" el="6195" ec="0" bec="0" bev="0" fileid="141" />
                <SequencePoint vc="0" uspid="27284" ordinal="0" offset="45" sl="6196" sc="0" el="6196" ec="0" bec="0" bev="0" fileid="141" />
              </SequencePoints>
              <BranchPoints />
            </Method>
            <Method visited="false" cyclomaticComplexity="0" nPathComplexity="0" sequenceCoverage="0.0" branchCoverage="0" crapScore="0" isConstructor="false" isStatic="true" isGetter="false" isSetter="false">
              <Summary numSequencePoints="11" visitedSequencePoints="0" numBranchPoints="0" visitedBranchPoints="0" sequenceCoverage="0.0" branchCoverage="0" maxCyclomaticComplexity="0" minCyclomaticComplexity="0" maxCrapScore="0" minCrapScore="0" visitedClasses="0" numClasses="0" visitedMethods="0" numMethods="1" />
              <MetadataToken>100663687</MetadataToken>
              <Name>static Mono.Cecil.MethodReference Fusion.CodeGen.MonoCecilExtensions::ImportMethod[TResult](Mono.Cecil.ModuleDefinition, System.Linq.Expressions.Expression[Func`1], Mono.Cecil.TypeReference)</Name>
              <FileRef uid="141" />
              <SequencePoints>
                <SequencePoint vc="0" uspid="27285" ordinal="0" offset="0" sl="6198" sc="0" el="6198" ec="0" bec="0" bev="0" fileid="141" />
                <SequencePoint vc="0" uspid="27286" ordinal="0" offset="1" sl="6200" sc="0" el="6200" ec="0" bec="0" bev="0" fileid="141" />
                <SequencePoint vc="0" uspid="27287" ordinal="0" offset="39" sl="6202" sc="0" el="6202" ec="0" bec="0" bev="0" fileid="141" />
                <SequencePoint vc="0" uspid="27288" ordinal="0" offset="46" sl="6203" sc="0" el="6203" ec="0" bec="0" bev="0" fileid="141" />
                <SequencePoint vc="0" uspid="27289" ordinal="0" offset="50" sl="6205" sc="0" el="6205" ec="0" bec="0" bev="0" fileid="141" />
                <SequencePoint vc="0" uspid="27290" ordinal="0" offset="57" sl="6206" sc="0" el="6206" ec="0" bec="0" bev="0" fileid="141" />
                <SequencePoint vc="0" uspid="27291" ordinal="0" offset="59" sl="6208" sc="0" el="6208" ec="0" bec="0" bev="0" fileid="141" />
                <SequencePoint vc="0" uspid="27292" ordinal="0" offset="86" sl="6211" sc="0" el="6211" ec="0" bec="0" bev="0" fileid="141" />
                <SequencePoint vc="0" uspid="27293" ordinal="0" offset="94" sl="6212" sc="0" el="6212" ec="0" bec="0" bev="0" fileid="141" />
                <SequencePoint vc="0" uspid="27294" ordinal="0" offset="102" sl="6213" sc="0" el="6213" ec="0" bec="0" bev="0" fileid="141" />
                <SequencePoint vc="0" uspid="27295" ordinal="0" offset="107" sl="6214" sc="0" el="6214" ec="0" bec="0" bev="0" fileid="141" />
              </SequencePoints>
              <BranchPoints />
            </Method>
            <Method visited="false" cyclomaticComplexity="0" nPathComplexity="0" sequenceCoverage="0.0" branchCoverage="0" crapScore="0" isConstructor="false" isStatic="true" isGetter="false" isSetter="false">
              <Summary numSequencePoints="6" visitedSequencePoints="0" numBranchPoints="0" visitedBranchPoints="0" sequenceCoverage="0.0" branchCoverage="0" maxCyclomaticComplexity="0" minCyclomaticComplexity="0" maxCrapScore="0" minCrapScore="0" visitedClasses="0" numClasses="0" visitedMethods="0" numMethods="1" />
              <MetadataToken>100663688</MetadataToken>
              <Name>static Mono.Cecil.MethodReference Fusion.CodeGen.MonoCecilExtensions::ImportMethod[T, TResult](Mono.Cecil.ModuleDefinition, System.Linq.Expressions.Expression[Func`2], Mono.Cecil.TypeReference)</Name>
              <FileRef uid="141" />
              <SequencePoints>
                <SequencePoint vc="0" uspid="27296" ordinal="0" offset="0" sl="6216" sc="0" el="6216" ec="0" bec="0" bev="0" fileid="141" />
                <SequencePoint vc="0" uspid="27297" ordinal="0" offset="1" sl="6217" sc="0" el="6217" ec="0" bec="0" bev="0" fileid="141" />
                <SequencePoint vc="0" uspid="27298" ordinal="0" offset="13" sl="6218" sc="0" el="6218" ec="0" bec="0" bev="0" fileid="141" />
                <SequencePoint vc="0" uspid="27299" ordinal="0" offset="26" sl="6219" sc="0" el="6219" ec="0" bec="0" bev="0" fileid="141" />
                <SequencePoint vc="0" uspid="27300" ordinal="0" offset="34" sl="6220" sc="0" el="6220" ec="0" bec="0" bev="0" fileid="141" />
                <SequencePoint vc="0" uspid="27301" ordinal="0" offset="38" sl="6221" sc="0" el="6221" ec="0" bec="0" bev="0" fileid="141" />
              </SequencePoints>
              <BranchPoints />
            </Method>
            <Method visited="false" cyclomaticComplexity="0" nPathComplexity="0" sequenceCoverage="0.0" branchCoverage="0" crapScore="0" isConstructor="false" isStatic="true" isGetter="false" isSetter="false">
              <Summary numSequencePoints="6" visitedSequencePoints="0" numBranchPoints="0" visitedBranchPoints="0" sequenceCoverage="0.0" branchCoverage="0" maxCyclomaticComplexity="0" minCyclomaticComplexity="0" maxCrapScore="0" minCrapScore="0" visitedClasses="0" numClasses="0" visitedMethods="0" numMethods="1" />
              <MetadataToken>100663689</MetadataToken>
              <Name>static Mono.Cecil.MethodReference Fusion.CodeGen.MonoCecilExtensions::ImportMethod[T](Mono.Cecil.ModuleDefinition, System.Linq.Expressions.Expression[Action`1], Mono.Cecil.TypeReference)</Name>
              <FileRef uid="141" />
              <SequencePoints>
                <SequencePoint vc="0" uspid="27302" ordinal="0" offset="0" sl="6223" sc="0" el="6223" ec="0" bec="0" bev="0" fileid="141" />
                <SequencePoint vc="0" uspid="27303" ordinal="0" offset="1" sl="6224" sc="0" el="6224" ec="0" bec="0" bev="0" fileid="141" />
                <SequencePoint vc="0" uspid="27304" ordinal="0" offset="13" sl="6225" sc="0" el="6225" ec="0" bec="0" bev="0" fileid="141" />
                <SequencePoint vc="0" uspid="27305" ordinal="0" offset="26" sl="6226" sc="0" el="6226" ec="0" bec="0" bev="0" fileid="141" />
                <SequencePoint vc="0" uspid="27306" ordinal="0" offset="34" sl="6227" sc="0" el="6227" ec="0" bec="0" bev="0" fileid="141" />
                <SequencePoint vc="0" uspid="27307" ordinal="0" offset="38" sl="6228" sc="0" el="6228" ec="0" bec="0" bev="0" fileid="141" />
              </SequencePoints>
              <BranchPoints />
            </Method>
            <Method visited="false" cyclomaticComplexity="0" nPathComplexity="0" sequenceCoverage="0.0" branchCoverage="0" crapScore="0" isConstructor="false" isStatic="true" isGetter="false" isSetter="false">
              <Summary numSequencePoints="3" visitedSequencePoints="0" numBranchPoints="0" visitedBranchPoints="0" sequenceCoverage="0.0" branchCoverage="0" maxCyclomaticComplexity="0" minCyclomaticComplexity="0" maxCrapScore="0" minCrapScore="0" visitedClasses="0" numClasses="0" visitedMethods="0" numMethods="1" />
              <MetadataToken>100663692</MetadataToken>
              <Name>static Mono.Cecil.TypeReference Fusion.CodeGen.MonoCecilExtensions::ImportType[T](Mono.Cecil.ModuleDefinition)</Name>
              <FileRef uid="141" />
              <SequencePoints>
                <SequencePoint vc="0" uspid="27345" ordinal="0" offset="0" sl="6269" sc="0" el="6269" ec="0" bec="0" bev="0" fileid="141" />
                <SequencePoint vc="0" uspid="27346" ordinal="0" offset="1" sl="6270" sc="0" el="6270" ec="0" bec="0" bev="0" fileid="141" />
                <SequencePoint vc="0" uspid="27347" ordinal="0" offset="20" sl="6271" sc="0" el="6271" ec="0" bec="0" bev="0" fileid="141" />
              </SequencePoints>
              <BranchPoints />
            </Method>
          </Methods>
        </Class>
        <Class>
          <Summary numSequencePoints="18" visitedSequencePoints="0" numBranchPoints="0" visitedBranchPoints="0" sequenceCoverage="0.0" branchCoverage="0.0" maxCyclomaticComplexity="0" minCyclomaticComplexity="0" maxCrapScore="0" minCrapScore="0" visitedClasses="0" numClasses="1" visitedMethods="0" numMethods="3" />
          <FullName>Fusion.CodeGen.NetworkTypeInfoRegistry</FullName>
          <Methods>
            <Method visited="false" cyclomaticComplexity="0" nPathComplexity="0" sequenceCoverage="0.0" branchCoverage="0" crapScore="0" isConstructor="false" isStatic="false" isGetter="false" isSetter="false">
              <Summary numSequencePoints="1" visitedSequencePoints="0" numBranchPoints="0" visitedBranchPoints="0" sequenceCoverage="0.0" branchCoverage="0" maxCyclomaticComplexity="0" minCyclomaticComplexity="0" maxCrapScore="0" minCrapScore="0" visitedClasses="0" numClasses="0" visitedMethods="0" numMethods="1" />
              <MetadataToken>100663729</MetadataToken>
              <Name>Fusion.CodeGen.NetworkTypeInfo Fusion.CodeGen.NetworkTypeInfoRegistry::GetInfo[T]()</Name>
              <FileRef uid="141" />
              <SequencePoints>
                <SequencePoint vc="0" uspid="27592" ordinal="0" offset="0" sl="6659" sc="0" el="6659" ec="0" bec="0" bev="0" fileid="141" />
              </SequencePoints>
              <BranchPoints />
            </Method>
            <Method visited="false" cyclomaticComplexity="0" nPathComplexity="0" sequenceCoverage="0.0" branchCoverage="0" crapScore="0" isConstructor="false" isStatic="false" isGetter="false" isSetter="false">
              <Summary numSequencePoints="14" visitedSequencePoints="0" numBranchPoints="0" visitedBranchPoints="0" sequenceCoverage="0.0" branchCoverage="0" maxCyclomaticComplexity="0" minCyclomaticComplexity="0" maxCrapScore="0" minCrapScore="0" visitedClasses="0" numClasses="0" visitedMethods="0" numMethods="1" />
              <MetadataToken>100663741</MetadataToken>
              <Name>System.Void Fusion.CodeGen.NetworkTypeInfoRegistry::AddBuiltInType[T](Mono.Cecil.MethodReference, Mono.Cecil.MethodReference, System.Boolean)</Name>
              <FileRef uid="141" />
              <SequencePoints>
                <SequencePoint vc="0" uspid="27756" ordinal="0" offset="20" sl="7070" sc="0" el="7070" ec="0" bec="0" bev="0" fileid="141" />
                <SequencePoint vc="0" uspid="27757" ordinal="0" offset="21" sl="7072" sc="0" el="7072" ec="0" bec="0" bev="0" fileid="141" />
                <SequencePoint vc="0" uspid="27758" ordinal="0" offset="43" sl="7074" sc="0" el="7074" ec="0" bec="0" bev="0" fileid="141" />
                <SequencePoint vc="0" uspid="27759" ordinal="0" offset="50" sl="7075" sc="0" el="7075" ec="0" bec="0" bev="0" fileid="141" />
                <SequencePoint vc="0" uspid="27760" ordinal="0" offset="65" sl="7077" sc="0" el="7077" ec="0" bec="0" bev="0" fileid="141" />
                <SequencePoint vc="0" uspid="27761" ordinal="0" offset="78" sl="7077" sc="0" el="7077" ec="0" bec="0" bev="0" fileid="141" />
                <SequencePoint vc="0" uspid="27762" ordinal="0" offset="79" sl="7078" sc="0" el="7078" ec="0" bec="0" bev="0" fileid="141" />
                <SequencePoint vc="0" uspid="27763" ordinal="0" offset="102" sl="7079" sc="0" el="7079" ec="0" bec="0" bev="0" fileid="141" />
                <SequencePoint vc="0" uspid="27764" ordinal="0" offset="103" sl="7080" sc="0" el="7080" ec="0" bec="0" bev="0" fileid="141" />
                <SequencePoint vc="0" uspid="27765" ordinal="0" offset="118" sl="7080" sc="0" el="7080" ec="0" bec="0" bev="0" fileid="141" />
                <SequencePoint vc="0" uspid="27766" ordinal="0" offset="119" sl="7081" sc="0" el="7081" ec="0" bec="0" bev="0" fileid="141" />
                <SequencePoint vc="0" uspid="27767" ordinal="0" offset="142" sl="7082" sc="0" el="7082" ec="0" bec="0" bev="0" fileid="141" />
                <SequencePoint vc="0" uspid="27768" ordinal="0" offset="143" sl="7084" sc="0" el="7084" ec="0" bec="0" bev="0" fileid="141" />
                <SequencePoint vc="0" uspid="27769" ordinal="0" offset="225" sl="7098" sc="0" el="7098" ec="0" bec="0" bev="0" fileid="141" />
              </SequencePoints>
              <BranchPoints />
            </Method>
            <Method visited="false" cyclomaticComplexity="0" nPathComplexity="0" sequenceCoverage="0.0" branchCoverage="0" crapScore="0" isConstructor="false" isStatic="false" isGetter="false" isSetter="false">
              <Summary numSequencePoints="3" visitedSequencePoints="0" numBranchPoints="0" visitedBranchPoints="0" sequenceCoverage="0.0" branchCoverage="0" maxCyclomaticComplexity="0" minCyclomaticComplexity="0" maxCrapScore="0" minCrapScore="0" visitedClasses="0" numClasses="0" visitedMethods="0" numMethods="1" />
              <MetadataToken>100663742</MetadataToken>
              <Name>System.Void Fusion.CodeGen.NetworkTypeInfoRegistry::AddUnityType[T]()</Name>
              <FileRef uid="141" />
              <SequencePoints>
                <SequencePoint vc="0" uspid="27770" ordinal="0" offset="0" sl="7101" sc="0" el="7101" ec="0" bec="0" bev="0" fileid="141" />
                <SequencePoint vc="0" uspid="27771" ordinal="0" offset="1" sl="7102" sc="0" el="7102" ec="0" bec="0" bev="0" fileid="141" />
                <SequencePoint vc="0" uspid="27772" ordinal="0" offset="44" sl="7103" sc="0" el="7103" ec="0" bec="0" bev="0" fileid="141" />
              </SequencePoints>
              <BranchPoints />
            </Method>
          </Methods>
        </Class>
        <Class>
          <Summary numSequencePoints="1" visitedSequencePoints="0" numBranchPoints="0" visitedBranchPoints="0" sequenceCoverage="0.0" branchCoverage="0.0" maxCyclomaticComplexity="0" minCyclomaticComplexity="0" maxCrapScore="0" minCrapScore="0" visitedClasses="0" numClasses="1" visitedMethods="0" numMethods="1" />
          <FullName>Fusion.CodeGen.MonoCecilExtensions&lt;&gt;c__DisplayClass11_0[T]</FullName>
          <Methods>
            <Method visited="false" cyclomaticComplexity="0" nPathComplexity="0" sequenceCoverage="0.0" branchCoverage="0" crapScore="0" isConstructor="false" isStatic="false" isGetter="false" isSetter="false">
              <Summary numSequencePoints="1" visitedSequencePoints="0" numBranchPoints="0" visitedBranchPoints="0" sequenceCoverage="0.0" branchCoverage="0" maxCyclomaticComplexity="0" minCyclomaticComplexity="0" maxCrapScore="0" minCrapScore="0" visitedClasses="0" numClasses="0" visitedMethods="0" numMethods="1" />
              <MetadataToken>100663891</MetadataToken>
              <Name>System.Boolean Fusion.CodeGen.MonoCecilExtensions&lt;&gt;c__DisplayClass11_0[T]::&lt;TryGetAttributeProperty&gt;b__0(Mono.Cecil.CustomAttributeNamedArgument)</Name>
              <FileRef uid="141" />
              <SequencePoints>
                <SequencePoint vc="0" uspid="28277" ordinal="0" offset="0" sl="6050" sc="0" el="6050" ec="0" bec="0" bev="0" fileid="141" />
              </SequencePoints>
              <BranchPoints />
            </Method>
          </Methods>
        </Class>
        <Class>
          <Summary numSequencePoints="11" visitedSequencePoints="0" numBranchPoints="0" visitedBranchPoints="0" sequenceCoverage="0.0" branchCoverage="0.0" maxCyclomaticComplexity="0" minCyclomaticComplexity="0" maxCrapScore="0" minCrapScore="0" visitedClasses="0" numClasses="1" visitedMethods="0" numMethods="2" />
          <FullName>Fusion.CodeGen.NetworkTypeInfoRegistry&lt;&gt;c__DisplayClass31_0[T]</FullName>
          <Methods>
            <Method visited="false" cyclomaticComplexity="0" nPathComplexity="0" sequenceCoverage="0.0" branchCoverage="0" crapScore="0" isConstructor="false" isStatic="false" isGetter="false" isSetter="false">
              <Summary numSequencePoints="5" visitedSequencePoints="0" numBranchPoints="0" visitedBranchPoints="0" sequenceCoverage="0.0" branchCoverage="0" maxCyclomaticComplexity="0" minCyclomaticComplexity="0" maxCrapScore="0" minCrapScore="0" visitedClasses="0" numClasses="0" visitedMethods="0" numMethods="1" />
              <MetadataToken>100663969</MetadataToken>
              <Name>System.Void Fusion.CodeGen.NetworkTypeInfoRegistry&lt;&gt;c__DisplayClass31_0[T]::&lt;AddBuiltInType&gt;b__0(Mono.Cecil.ICustomAttributeProvider, Mono.Cecil.Cil.ILProcessor, Fusion.CodeGen.MethodContext)</Name>
              <FileRef uid="141" />
              <SequencePoints>
                <SequencePoint vc="0" uspid="28472" ordinal="0" offset="0" sl="7085" sc="0" el="7085" ec="0" bec="0" bev="0" fileid="141" />
                <SequencePoint vc="0" uspid="28473" ordinal="0" offset="1" sl="7086" sc="0" el="7086" ec="0" bec="0" bev="0" fileid="141" />
                <SequencePoint vc="0" uspid="28474" ordinal="0" offset="17" sl="7087" sc="0" el="7087" ec="0" bec="0" bev="0" fileid="141" />
                <SequencePoint vc="0" uspid="28475" ordinal="0" offset="35" sl="7088" sc="0" el="7088" ec="0" bec="0" bev="0" fileid="141" />
                <SequencePoint vc="0" uspid="28476" ordinal="0" offset="57" sl="7089" sc="0" el="7089" ec="0" bec="0" bev="0" fileid="141" />
              </SequencePoints>
              <BranchPoints />
            </Method>
            <Method visited="false" cyclomaticComplexity="0" nPathComplexity="0" sequenceCoverage="0.0" branchCoverage="0" crapScore="0" isConstructor="false" isStatic="false" isGetter="false" isSetter="false">
              <Summary numSequencePoints="6" visitedSequencePoints="0" numBranchPoints="0" visitedBranchPoints="0" sequenceCoverage="0.0" branchCoverage="0" maxCyclomaticComplexity="0" minCyclomaticComplexity="0" maxCrapScore="0" minCrapScore="0" visitedClasses="0" numClasses="0" visitedMethods="0" numMethods="1" />
              <MetadataToken>100663970</MetadataToken>
              <Name>System.Void Fusion.CodeGen.NetworkTypeInfoRegistry&lt;&gt;c__DisplayClass31_0[T]::&lt;AddBuiltInType&gt;b__1(Mono.Cecil.ICustomAttributeProvider, Mono.Cecil.Cil.ILProcessor, Fusion.CodeGen.MethodContext)</Name>
              <FileRef uid="141" />
              <SequencePoints>
                <SequencePoint vc="0" uspid="28477" ordinal="0" offset="0" sl="7090" sc="0" el="7090" ec="0" bec="0" bev="0" fileid="141" />
                <SequencePoint vc="0" uspid="28478" ordinal="0" offset="1" sl="7091" sc="0" el="7091" ec="0" bec="0" bev="0" fileid="141" />
                <SequencePoint vc="0" uspid="28479" ordinal="0" offset="17" sl="7092" sc="0" el="7092" ec="0" bec="0" bev="0" fileid="141" />
                <SequencePoint vc="0" uspid="28480" ordinal="0" offset="33" sl="7093" sc="0" el="7093" ec="0" bec="0" bev="0" fileid="141" />
                <SequencePoint vc="0" uspid="28481" ordinal="0" offset="51" sl="7094" sc="0" el="7094" ec="0" bec="0" bev="0" fileid="141" />
                <SequencePoint vc="0" uspid="28482" ordinal="0" offset="73" sl="7095" sc="0" el="7095" ec="0" bec="0" bev="0" fileid="141" />
              </SequencePoints>
              <BranchPoints />
            </Method>
          </Methods>
        </Class>
      </Classes>
    </Module>
  </Modules>
</CoverageSession>